{"meta": {"format": 3, "version": "7.11.0", "timestamp": "2025-10-26T02:45:16.838970", "branch_coverage": true, "show_contexts": false}, "files": {"zscripts/__init__.py": {"executed_lines": [1, 8, 10, 12, 15, 24, 25, 26, 27, 30, 38, 41], "summary": {"covered_lines": 11, "num_statements": 11, "percent_covered": 100.0, "percent_covered_display": "100", "missing_lines": 0, "excluded_lines": 0, "num_branches": 0, "num_partial_branches": 0, "covered_branches": 0, "missing_branches": 0}, "missing_lines": [], "excluded_lines": [], "executed_branches": [], "missing_branches": [], "functions": {"get_version": {"executed_lines": [24, 25, 26, 27], "summary": {"covered_lines": 4, "num_statements": 4, "percent_covered": 100.0, "percent_covered_display": "100", "missing_lines": 0, "excluded_lines": 0, "num_branches": 0, "num_partial_branches": 0, "covered_branches": 0, "missing_branches": 0}, "missing_lines": [], "excluded_lines": [], "executed_branches": [], "missing_branches": []}, "get_default_config": {"executed_lines": [38], "summary": {"covered_lines": 1, "num_statements": 1, "percent_covered": 100.0, "percent_covered_display": "100", "missing_lines": 0, "excluded_lines": 0, "num_branches": 0, "num_partial_branches": 0, "covered_branches": 0, "missing_branches": 0}, "missing_lines": [], "excluded_lines": [], "executed_branches": [], "missing_branches": []}, "": {"executed_lines": [1, 8, 10, 12, 15, 30, 41], "summary": {"covered_lines": 6, "num_statements": 6, "percent_covered": 100.0, "percent_covered_display": "100", "missing_lines": 0, "excluded_lines": 0, "num_branches": 0, "num_partial_branches": 0, "covered_branches": 0, "missing_branches": 0}, "missing_lines": [], "excluded_lines": [], "executed_branches": [], "missing_branches": []}}, "classes": {"": {"executed_lines": [1, 8, 10, 12, 15, 24, 25, 26, 27, 30, 38, 41], "summary": {"covered_lines": 11, "num_statements": 11, "percent_covered": 100.0, "percent_covered_display": "100", "missing_lines": 0, "excluded_lines": 0, "num_branches": 0, "num_partial_branches": 0, "covered_branches": 0, "missing_branches": 0}, "missing_lines": [], "excluded_lines": [], "executed_branches": [], "missing_branches": []}}}, "zscripts/__main__.py": {"executed_lines": [1, 3, 5, 6], "summary": {"covered_lines": 3, "num_statements": 3, "percent_covered": 80.0, "percent_covered_display": "80", "missing_lines": 0, "excluded_lines": 0, "num_branches": 2, "num_partial_branches": 1, "covered_branches": 1, "missing_branches": 1}, "missing_lines": [], "excluded_lines": [], "executed_branches": [[5, 6]], "missing_branches": [[5, -1]], "functions": {"": {"executed_lines": [1, 3, 5, 6], "summary": {"covered_lines": 3, "num_statements": 3, "percent_covered": 80.0, "percent_covered_display": "80", "missing_lines": 0, "excluded_lines": 0, "num_branches": 2, "num_partial_branches": 1, "covered_branches": 1, "missing_branches": 1}, "missing_lines": [], "excluded_lines": [], "executed_branches": [[5, 6]], "missing_branches": [[5, -1]]}}, "classes": {"": {"executed_lines": [1, 3, 5, 6], "summary": {"covered_lines": 3, "num_statements": 3, "percent_covered": 80.0, "percent_covered_display": "80", "missing_lines": 0, "excluded_lines": 0, "num_branches": 2, "num_partial_branches": 1, "covered_branches": 1, "missing_branches": 1}, "missing_lines": [], "excluded_lines": [], "executed_branches": [[5, 6]], "missing_branches": [[5, -1]]}}}, "zscripts/application/__init__.py": {"executed_lines": [1, 3, 4, 6], "summary": {"covered_lines": 3, "num_statements": 3, "percent_covered": 100.0, "percent_covered_display": "100", "missing_lines": 0, "excluded_lines": 0, "num_branches": 0, "num_partial_branches": 0, "covered_branches": 0, "missing_branches": 0}, "missing_lines": [], "excluded_lines": [], "executed_branches": [], "missing_branches": [], "functions": {"": {"executed_lines": [1, 3, 4, 6], "summary": {"covered_lines": 3, "num_statements": 3, "percent_covered": 100.0, "percent_covered_display": "100", "missing_lines": 0, "excluded_lines": 0, "num_branches": 0, "num_partial_branches": 0, "covered_branches": 0, "missing_branches": 0}, "missing_lines": [], "excluded_lines": [], "executed_branches": [], "missing_branches": []}}, "classes": {"": {"executed_lines": [1, 3, 4, 6], "summary": {"covered_lines": 3, "num_statements": 3, "percent_covered": 100.0, "percent_covered_display": "100", "missing_lines": 0, "excluded_lines": 0, "num_branches": 0, "num_partial_branches": 0, "covered_branches": 0, "missing_branches": 0}, "missing_lines": [], "excluded_lines": [], "executed_branches": [], "missing_branches": []}}}, "zscripts/application/report_formatters.py": {"executed_lines": [1, 3, 5, 6, 7, 9, 10, 13, 14, 16, 20, 21, 24, 25, 26, 27, 28, 29, 30, 32, 33, 34, 37, 38, 40, 41, 42, 43, 44, 45, 46, 47, 48, 51, 52, 53, 54, 55, 56, 57, 58, 59, 60, 62, 63, 66, 69, 72, 75, 76, 85, 90, 95, 96, 97, 98, 99, 100, 101, 102, 103, 105, 106, 107, 108, 110, 115, 116, 117, 119, 121, 122, 123, 125, 127, 128, 129, 130, 132, 134, 144, 147, 153, 156, 157, 158, 159, 162], "summary": {"covered_lines": 85, "num_statements": 87, "percent_covered": 93.4959349593496, "percent_covered_display": "93", "missing_lines": 2, "excluded_lines": 4, "num_branches": 36, "num_partial_branches": 6, "covered_branches": 30, "missing_branches": 6}, "missing_lines": [31, 39], "excluded_lines": [16, 17, 18, 19], "executed_branches": [[26, 27], [28, 29], [30, 32], [38, 40], [41, 42], [41, 48], [43, 44], [45, 46], [45, 47], [52, 53], [52, 54], [55, 56], [55, 63], [57, 58], [57, 62], [96, 97], [96, 99], [99, 100], [99, 102], [102, 103], [102, 105], [107, 108], [107, 110], [115, 116], [122, 123], [122, 125], [128, 129], [128, 132], [157, 158], [157, 159]], "missing_branches": [[26, 33], [28, 30], [30, 31], [38, 39], [43, 45], [115, 117]], "functions": {"ReportFormatter.__call__": {"executed_lines": [], "summary": {"covered_lines": 0, "num_statements": 0, "percent_covered": 100.0, "percent_covered_display": "100", "missing_lines": 0, "excluded_lines": 1, "num_branches": 0, "num_partial_branches": 0, "covered_branches": 0, "missing_branches": 0}, "missing_lines": [], "excluded_lines": [17], "executed_branches": [], "missing_branches": []}, "_format_list": {"executed_lines": [21], "summary": {"covered_lines": 1, "num_statements": 1, "percent_covered": 100.0, "percent_covered_display": "100", "missing_lines": 0, "excluded_lines": 0, "num_branches": 0, "num_partial_branches": 0, "covered_branches": 0, "missing_branches": 0}, "missing_lines": [], "excluded_lines": [], "executed_branches": [], "missing_branches": []}, "_format_issue": {"executed_lines": [25, 26, 27, 28, 29, 30, 32, 33, 34], "summary": {"covered_lines": 9, "num_statements": 10, "percent_covered": 75.0, "percent_covered_display": "75", "missing_lines": 1, "excluded_lines": 0, "num_branches": 6, "num_partial_branches": 3, "covered_branches": 3, "missing_branches": 3}, "missing_lines": [31], "excluded_lines": [], "executed_branches": [[26, 27], [28, 29], [30, 32]], "missing_branches": [[26, 33], [28, 30], [30, 31]]}, "_format_cases": {"executed_lines": [38, 40, 41, 42, 43, 44, 45, 46, 47, 48], "summary": {"covered_lines": 10, "num_statements": 11, "percent_covered": 84.21052631578948, "percent_covered_display": "84", "missing_lines": 1, "excluded_lines": 0, "num_branches": 8, "num_partial_branches": 2, "covered_branches": 6, "missing_branches": 2}, "missing_lines": [39], "excluded_lines": [], "executed_branches": [[38, 40], [41, 42], [41, 48], [43, 44], [45, 46], [45, 47]], "missing_branches": [[38, 39], [43, 45]]}, "_format_guardrails": {"executed_lines": [52, 53, 54, 55, 56, 57, 58, 59, 60, 62, 63], "summary": {"covered_lines": 11, "num_statements": 11, "percent_covered": 100.0, "percent_covered_display": "100", "missing_lines": 0, "excluded_lines": 0, "num_branches": 6, "num_partial_branches": 0, "covered_branches": 6, "missing_branches": 0}, "missing_lines": [], "excluded_lines": [], "executed_branches": [[52, 53], [52, 54], [55, 56], [55, 63], [57, 58], [57, 62]], "missing_branches": []}, "format_report_json": {"executed_lines": [69], "summary": {"covered_lines": 1, "num_statements": 1, "percent_covered": 100.0, "percent_covered_display": "100", "missing_lines": 0, "excluded_lines": 0, "num_branches": 0, "num_partial_branches": 0, "covered_branches": 0, "missing_branches": 0}, "missing_lines": [], "excluded_lines": [], "executed_branches": [], "missing_branches": []}, "format_report_markdown": {"executed_lines": [75, 76, 85, 90, 95, 96, 97, 98, 99, 100, 101, 102, 103, 105, 106, 107, 108, 110, 115, 116, 117, 119, 121, 122, 123, 125, 127, 128, 129, 130, 132, 134, 144], "summary": {"covered_lines": 33, "num_statements": 33, "percent_covered": 97.87234042553192, "percent_covered_display": "98", "missing_lines": 0, "excluded_lines": 0, "num_branches": 14, "num_partial_branches": 1, "covered_branches": 13, "missing_branches": 1}, "missing_lines": [], "excluded_lines": [], "executed_branches": [[96, 97], [96, 99], [99, 100], [99, 102], [102, 103], [102, 105], [107, 108], [107, 110], [115, 116], [122, 123], [122, 125], [128, 129], [128, 132]], "missing_branches": [[115, 117]]}, "get_report_formatter": {"executed_lines": [156, 157, 158, 159], "summary": {"covered_lines": 4, "num_statements": 4, "percent_covered": 100.0, "percent_covered_display": "100", "missing_lines": 0, "excluded_lines": 0, "num_branches": 2, "num_partial_branches": 0, "covered_branches": 2, "missing_branches": 0}, "missing_lines": [], "excluded_lines": [], "executed_branches": [[157, 158], [157, 159]], "missing_branches": []}, "": {"executed_lines": [1, 3, 5, 6, 7, 9, 10, 13, 14, 16, 20, 24, 37, 51, 66, 72, 147, 153, 162], "summary": {"covered_lines": 16, "num_statements": 16, "percent_covered": 100.0, "percent_covered_display": "100", "missing_lines": 0, "excluded_lines": 3, "num_branches": 0, "num_partial_branches": 0, "covered_branches": 0, "missing_branches": 0}, "missing_lines": [], "excluded_lines": [16, 18, 19], "executed_branches": [], "missing_branches": []}}, "classes": {"ReportFormatter": {"executed_lines": [], "summary": {"covered_lines": 0, "num_statements": 0, "percent_covered": 100.0, "percent_covered_display": "100", "missing_lines": 0, "excluded_lines": 1, "num_branches": 0, "num_partial_branches": 0, "covered_branches": 0, "missing_branches": 0}, "missing_lines": [], "excluded_lines": [17], "executed_branches": [], "missing_branches": []}, "": {"executed_lines": [1, 3, 5, 6, 7, 9, 10, 13, 14, 16, 20, 21, 24, 25, 26, 27, 28, 29, 30, 32, 33, 34, 37, 38, 40, 41, 42, 43, 44, 45, 46, 47, 48, 51, 52, 53, 54, 55, 56, 57, 58, 59, 60, 62, 63, 66, 69, 72, 75, 76, 85, 90, 95, 96, 97, 98, 99, 100, 101, 102, 103, 105, 106, 107, 108, 110, 115, 116, 117, 119, 121, 122, 123, 125, 127, 128, 129, 130, 132, 134, 144, 147, 153, 156, 157, 158, 159, 162], "summary": {"covered_lines": 85, "num_statements": 87, "percent_covered": 93.4959349593496, "percent_covered_display": "93", "missing_lines": 2, "excluded_lines": 3, "num_branches": 36, "num_partial_branches": 6, "covered_branches": 30, "missing_branches": 6}, "missing_lines": [31, 39], "excluded_lines": [16, 18, 19], "executed_branches": [[26, 27], [28, 29], [30, 32], [38, 40], [41, 42], [41, 48], [43, 44], [45, 46], [45, 47], [52, 53], [52, 54], [55, 56], [55, 63], [57, 58], [57, 62], [96, 97], [96, 99], [99, 100], [99, 102], [102, 103], [102, 105], [107, 108], [107, 110], [115, 116], [122, 123], [122, 125], [128, 129], [128, 132], [157, 158], [157, 159]], "missing_branches": [[26, 33], [28, 30], [30, 31], [38, 39], [43, 45], [115, 117]]}}}, "zscripts/application/reporting.py": {"executed_lines": [1, 3, 5, 6, 7, 9, 12, 13, 14, 16, 17, 18, 19, 20, 21, 22, 24, 27, 36, 39], "summary": {"covered_lines": 18, "num_statements": 18, "percent_covered": 100.0, "percent_covered_display": "100", "missing_lines": 0, "excluded_lines": 0, "num_branches": 0, "num_partial_branches": 0, "covered_branches": 0, "missing_branches": 0}, "missing_lines": [], "excluded_lines": [], "executed_branches": [], "missing_branches": [], "functions": {"ReportBundle.to_dict": {"executed_lines": [27, 36], "summary": {"covered_lines": 2, "num_statements": 2, "percent_covered": 100.0, "percent_covered_display": "100", "missing_lines": 0, "excluded_lines": 0, "num_branches": 0, "num_partial_branches": 0, "covered_branches": 0, "missing_branches": 0}, "missing_lines": [], "excluded_lines": [], "executed_branches": [], "missing_branches": []}, "": {"executed_lines": [1, 3, 5, 6, 7, 9, 12, 13, 14, 16, 17, 18, 19, 20, 21, 22, 24, 39], "summary": {"covered_lines": 16, "num_statements": 16, "percent_covered": 100.0, "percent_covered_display": "100", "missing_lines": 0, "excluded_lines": 0, "num_branches": 0, "num_partial_branches": 0, "covered_branches": 0, "missing_branches": 0}, "missing_lines": [], "excluded_lines": [], "executed_branches": [], "missing_branches": []}}, "classes": {"ReportBundle": {"executed_lines": [27, 36], "summary": {"covered_lines": 2, "num_statements": 2, "percent_covered": 100.0, "percent_covered_display": "100", "missing_lines": 0, "excluded_lines": 0, "num_branches": 0, "num_partial_branches": 0, "covered_branches": 0, "missing_branches": 0}, "missing_lines": [], "excluded_lines": [], "executed_branches": [], "missing_branches": []}, "": {"executed_lines": [1, 3, 5, 6, 7, 9, 12, 13, 14, 16, 17, 18, 19, 20, 21, 22, 24, 39], "summary": {"covered_lines": 16, "num_statements": 16, "percent_covered": 100.0, "percent_covered_display": "100", "missing_lines": 0, "excluded_lines": 0, "num_branches": 0, "num_partial_branches": 0, "covered_branches": 0, "missing_branches": 0}, "missing_lines": [], "excluded_lines": [], "executed_branches": [], "missing_branches": []}}}, "zscripts/application/services.py": {"executed_lines": [1, 3, 5, 6, 7, 9, 10, 19, 20, 21, 24, 25, 27, 39, 40, 41, 42, 43, 44, 45, 46, 47, 49, 80, 81, 82, 83, 89, 90, 91, 93, 106, 107, 108, 110, 113, 114, 115, 116, 118, 121, 122, 123, 124, 126, 135, 136, 137, 138, 139, 140, 141, 142, 143, 144, 145, 146, 155, 163, 164, 170, 183, 194, 195, 196, 197, 199, 200, 201, 203, 206, 207, 208, 209, 211, 212, 215, 216, 217, 218, 220, 221, 223, 228, 229, 230, 232, 247, 248, 249, 251, 252, 254, 257, 261, 264, 265, 266, 268, 269, 272, 273, 274, 277, 279, 282, 283, 284, 286, 287, 290, 296, 297, 303, 304, 305, 306, 307, 311, 312, 313, 314, 315, 316, 317, 318, 319, 322], "summary": {"covered_lines": 126, "num_statements": 134, "percent_covered": 89.65517241379311, "percent_covered_display": "90", "missing_lines": 8, "excluded_lines": 0, "num_branches": 40, "num_partial_branches": 8, "covered_branches": 30, "missing_branches": 10}, "missing_lines": [180, 181, 219, 250, 253, 308, 309, 310], "excluded_lines": [], "executed_branches": [[89, 90], [89, 91], [142, 143], [142, 146], [217, 218], [217, 221], [218, 220], [247, 248], [247, 249], [249, 251], [251, 252], [251, 257], [252, 254], [264, 265], [264, 266], [273, 274], [273, 277], [282, 283], [282, 284], [296, 297], [303, 304], [305, 306], [305, 307], [307, 311], [311, 312], [313, 314], [313, 315], [315, 316], [317, 318], [317, 319]], "missing_branches": [[218, 219], [249, 250], [252, 253], [296, 303], [303, 307], [307, 308], [309, 310], [309, 311], [311, 315], [315, 319]], "functions": {"ToolkitService.__init__": {"executed_lines": [39, 40, 41, 42, 43, 44, 45, 46, 47], "summary": {"covered_lines": 9, "num_statements": 9, "percent_covered": 100.0, "percent_covered_display": "100", "missing_lines": 0, "excluded_lines": 0, "num_branches": 0, "num_partial_branches": 0, "covered_branches": 0, "missing_branches": 0}, "missing_lines": [], "excluded_lines": [], "executed_branches": [], "missing_branches": []}, "ToolkitService.collect_logs": {"executed_lines": [80, 81, 82, 83, 89, 90, 91], "summary": {"covered_lines": 7, "num_statements": 7, "percent_covered": 100.0, "percent_covered_display": "100", "missing_lines": 0, "excluded_lines": 0, "num_branches": 2, "num_partial_branches": 0, "covered_branches": 2, "missing_branches": 0}, "missing_lines": [], "excluded_lines": [], "executed_branches": [[89, 90], [89, 91]], "missing_branches": []}, "ToolkitService.parse_logs": {"executed_lines": [106, 107, 108], "summary": {"covered_lines": 3, "num_statements": 3, "percent_covered": 100.0, "percent_covered_display": "100", "missing_lines": 0, "excluded_lines": 0, "num_branches": 0, "num_partial_branches": 0, "covered_branches": 0, "missing_branches": 0}, "missing_lines": [], "excluded_lines": [], "executed_branches": [], "missing_branches": []}, "ToolkitService.summarize_logs": {"executed_lines": [113, 114, 115, 116], "summary": {"covered_lines": 4, "num_statements": 4, "percent_covered": 100.0, "percent_covered_display": "100", "missing_lines": 0, "excluded_lines": 0, "num_branches": 0, "num_partial_branches": 0, "covered_branches": 0, "missing_branches": 0}, "missing_lines": [], "excluded_lines": [], "executed_branches": [], "missing_branches": []}, "ToolkitService.explain_logs": {"executed_lines": [121, 122, 123, 124], "summary": {"covered_lines": 4, "num_statements": 4, "percent_covered": 100.0, "percent_covered_display": "100", "missing_lines": 0, "excluded_lines": 0, "num_branches": 0, "num_partial_branches": 0, "covered_branches": 0, "missing_branches": 0}, "missing_lines": [], "excluded_lines": [], "executed_branches": [], "missing_branches": []}, "ToolkitService.generate_report": {"executed_lines": [135, 136, 137, 138, 139, 140, 141, 142, 143, 144, 145, 146], "summary": {"covered_lines": 12, "num_statements": 12, "percent_covered": 100.0, "percent_covered_display": "100", "missing_lines": 0, "excluded_lines": 0, "num_branches": 2, "num_partial_branches": 0, "covered_branches": 2, "missing_branches": 0}, "missing_lines": [], "excluded_lines": [], "executed_branches": [[142, 143], [142, 146]], "missing_branches": []}, "ToolkitService.guardrails_snapshot": {"executed_lines": [163, 164], "summary": {"covered_lines": 2, "num_statements": 2, "percent_covered": 100.0, "percent_covered_display": "100", "missing_lines": 0, "excluded_lines": 0, "num_branches": 0, "num_partial_branches": 0, "covered_branches": 0, "missing_branches": 0}, "missing_lines": [], "excluded_lines": [], "executed_branches": [], "missing_branches": []}, "ToolkitService.redact_text": {"executed_lines": [], "summary": {"covered_lines": 0, "num_statements": 2, "percent_covered": 0.0, "percent_covered_display": "0", "missing_lines": 2, "excluded_lines": 0, "num_branches": 0, "num_partial_branches": 0, "covered_branches": 0, "missing_branches": 0}, "missing_lines": [180, 181], "excluded_lines": [], "executed_branches": [], "missing_branches": []}, "ToolkitService.list_examples": {"executed_lines": [194, 195, 196, 197], "summary": {"covered_lines": 4, "num_statements": 4, "percent_covered": 100.0, "percent_covered_display": "100", "missing_lines": 0, "excluded_lines": 0, "num_branches": 0, "num_partial_branches": 0, "covered_branches": 0, "missing_branches": 0}, "missing_lines": [], "excluded_lines": [], "executed_branches": [], "missing_branches": []}, "ToolkitService._resolve_adapter": {"executed_lines": [200, 201], "summary": {"covered_lines": 2, "num_statements": 2, "percent_covered": 100.0, "percent_covered_display": "100", "missing_lines": 0, "excluded_lines": 0, "num_branches": 0, "num_partial_branches": 0, "covered_branches": 0, "missing_branches": 0}, "missing_lines": [], "excluded_lines": [], "executed_branches": [], "missing_branches": []}, "ToolkitService._run_command": {"executed_lines": [206, 207, 208, 209], "summary": {"covered_lines": 4, "num_statements": 4, "percent_covered": 100.0, "percent_covered_display": "100", "missing_lines": 0, "excluded_lines": 0, "num_branches": 0, "num_partial_branches": 0, "covered_branches": 0, "missing_branches": 0}, "missing_lines": [], "excluded_lines": [], "executed_branches": [], "missing_branches": []}, "ToolkitService._format_command_output": {"executed_lines": [215, 216, 217, 218, 220, 221], "summary": {"covered_lines": 6, "num_statements": 7, "percent_covered": 81.81818181818181, "percent_covered_display": "82", "missing_lines": 1, "excluded_lines": 0, "num_branches": 4, "num_partial_branches": 1, "covered_branches": 3, "missing_branches": 1}, "missing_lines": [219], "excluded_lines": [], "executed_branches": [[217, 218], [217, 221], [218, 220]], "missing_branches": [[218, 219]]}, "ToolkitService._parse_with_adapter": {"executed_lines": [228, 229, 230], "summary": {"covered_lines": 3, "num_statements": 3, "percent_covered": 100.0, "percent_covered_display": "100", "missing_lines": 0, "excluded_lines": 0, "num_branches": 0, "num_partial_branches": 0, "covered_branches": 0, "missing_branches": 0}, "missing_lines": [], "excluded_lines": [], "executed_branches": [], "missing_branches": []}, "ToolkitService._collect_from_source": {"executed_lines": [247, 248, 249, 251, 252, 254, 257], "summary": {"covered_lines": 7, "num_statements": 9, "percent_covered": 76.47058823529412, "percent_covered_display": "76", "missing_lines": 2, "excluded_lines": 0, "num_branches": 8, "num_partial_branches": 2, "covered_branches": 6, "missing_branches": 2}, "missing_lines": [250, 253], "excluded_lines": [], "executed_branches": [[247, 248], [247, 249], [249, 251], [251, 252], [251, 257], [252, 254]], "missing_branches": [[249, 250], [252, 253]]}, "ToolkitService._get_sandbox_runner": {"executed_lines": [264, 265, 266], "summary": {"covered_lines": 3, "num_statements": 3, "percent_covered": 100.0, "percent_covered_display": "100", "missing_lines": 0, "excluded_lines": 0, "num_branches": 2, "num_partial_branches": 0, "covered_branches": 2, "missing_branches": 0}, "missing_lines": [], "excluded_lines": [], "executed_branches": [[264, 265], [264, 266]], "missing_branches": []}, "ToolkitService._ensure_command": {"executed_lines": [272, 273, 274, 277], "summary": {"covered_lines": 4, "num_statements": 4, "percent_covered": 100.0, "percent_covered_display": "100", "missing_lines": 0, "excluded_lines": 0, "num_branches": 2, "num_partial_branches": 0, "covered_branches": 2, "missing_branches": 0}, "missing_lines": [], "excluded_lines": [], "executed_branches": [[273, 274], [273, 277]], "missing_branches": []}, "ToolkitService._instrument": {"executed_lines": [282, 283, 284], "summary": {"covered_lines": 3, "num_statements": 3, "percent_covered": 100.0, "percent_covered_display": "100", "missing_lines": 0, "excluded_lines": 0, "num_branches": 2, "num_partial_branches": 0, "covered_branches": 2, "missing_branches": 0}, "missing_lines": [], "excluded_lines": [], "executed_branches": [[282, 283], [282, 284]], "missing_branches": []}, "ToolkitService._build_explanation": {"executed_lines": [290, 296, 297, 303, 304, 305, 306, 307, 311, 312, 313, 314, 315, 316, 317, 318, 319], "summary": {"covered_lines": 17, "num_statements": 20, "percent_covered": 73.6842105263158, "percent_covered_display": "74", "missing_lines": 3, "excluded_lines": 0, "num_branches": 18, "num_partial_branches": 5, "covered_branches": 11, "missing_branches": 7}, "missing_lines": [308, 309, 310], "excluded_lines": [], "executed_branches": [[296, 297], [303, 304], [305, 306], [305, 307], [307, 311], [311, 312], [313, 314], [313, 315], [315, 316], [317, 318], [317, 319]], "missing_branches": [[296, 303], [303, 307], [307, 308], [309, 310], [309, 311], [311, 315], [315, 319]]}, "": {"executed_lines": [1, 3, 5, 6, 7, 9, 10, 19, 20, 21, 24, 25, 27, 49, 93, 110, 118, 126, 155, 170, 183, 199, 203, 211, 212, 223, 232, 261, 268, 269, 279, 286, 287, 322], "summary": {"covered_lines": 32, "num_statements": 32, "percent_covered": 100.0, "percent_covered_display": "100", "missing_lines": 0, "excluded_lines": 0, "num_branches": 0, "num_partial_branches": 0, "covered_branches": 0, "missing_branches": 0}, "missing_lines": [], "excluded_lines": [], "executed_branches": [], "missing_branches": []}}, "classes": {"ToolkitService": {"executed_lines": [39, 40, 41, 42, 43, 44, 45, 46, 47, 80, 81, 82, 83, 89, 90, 91, 106, 107, 108, 113, 114, 115, 116, 121, 122, 123, 124, 135, 136, 137, 138, 139, 140, 141, 142, 143, 144, 145, 146, 163, 164, 194, 195, 196, 197, 200, 201, 206, 207, 208, 209, 215, 216, 217, 218, 220, 221, 228, 229, 230, 247, 248, 249, 251, 252, 254, 257, 264, 265, 266, 272, 273, 274, 277, 282, 283, 284, 290, 296, 297, 303, 304, 305, 306, 307, 311, 312, 313, 314, 315, 316, 317, 318, 319], "summary": {"covered_lines": 94, "num_statements": 102, "percent_covered": 87.32394366197182, "percent_covered_display": "87", "missing_lines": 8, "excluded_lines": 0, "num_branches": 40, "num_partial_branches": 8, "covered_branches": 30, "missing_branches": 10}, "missing_lines": [180, 181, 219, 250, 253, 308, 309, 310], "excluded_lines": [], "executed_branches": [[89, 90], [89, 91], [142, 143], [142, 146], [217, 218], [217, 221], [218, 220], [247, 248], [247, 249], [249, 251], [251, 252], [251, 257], [252, 254], [264, 265], [264, 266], [273, 274], [273, 277], [282, 283], [282, 284], [296, 297], [303, 304], [305, 306], [305, 307], [307, 311], [311, 312], [313, 314], [313, 315], [315, 316], [317, 318], [317, 319]], "missing_branches": [[218, 219], [249, 250], [252, 253], [296, 303], [303, 307], [307, 308], [309, 310], [309, 311], [311, 315], [315, 319]]}, "": {"executed_lines": [1, 3, 5, 6, 7, 9, 10, 19, 20, 21, 24, 25, 27, 49, 93, 110, 118, 126, 155, 170, 183, 199, 203, 211, 212, 223, 232, 261, 268, 269, 279, 286, 287, 322], "summary": {"covered_lines": 32, "num_statements": 32, "percent_covered": 100.0, "percent_covered_display": "100", "missing_lines": 0, "excluded_lines": 0, "num_branches": 0, "num_partial_branches": 0, "covered_branches": 0, "missing_branches": 0}, "missing_lines": [], "excluded_lines": [], "executed_branches": [], "missing_branches": []}}}, "zscripts/cli.py": {"executed_lines": [1, 3, 5, 6, 7, 8, 9, 10, 11, 12, 13, 15, 16, 17, 18, 19, 24, 25, 26, 27, 28, 29, 31, 35, 36, 39, 42, 43, 44, 46, 47, 48, 51, 54, 55, 56, 59, 62, 63, 65, 66, 68, 69, 70, 71, 72, 80, 82, 91, 92, 93, 95, 96, 101, 102, 103, 110, 111, 115, 122, 125, 132, 143, 144, 149, 156, 158, 159, 160, 166, 167, 172, 174, 175, 176, 177, 179, 180, 181, 183, 184, 185, 187, 188, 190, 191, 192, 193, 195, 196, 197, 199, 200, 201, 202, 206, 209, 213, 214, 219, 221, 222, 223, 224, 230, 237, 239, 244, 247, 248, 252, 259, 265, 269, 274, 278, 285, 288, 289, 290, 291, 292, 294, 295, 297, 298, 300, 301, 305, 306, 307, 308, 309, 310, 311, 330, 337, 343, 349, 350, 351, 354, 360, 365, 379, 392, 408, 414, 421, 428, 429, 430, 434, 440, 441, 442, 445, 451, 452, 453, 454, 456, 457, 459, 462, 463, 468, 471, 473, 477, 482, 485, 488, 489, 490, 495, 498, 504, 505, 506, 508, 513, 514, 515, 516, 517, 518, 519, 520, 528, 529, 530, 533], "summary": {"covered_lines": 189, "num_statements": 268, "percent_covered": 65.06410256410257, "percent_covered_display": "65", "missing_lines": 79, "excluded_lines": 2, "num_branches": 44, "num_partial_branches": 14, "covered_branches": 14, "missing_branches": 30}, "missing_lines": [77, 78, 112, 113, 240, 241, 242, 293, 296, 299, 302, 312, 313, 314, 315, 317, 318, 325, 326, 327, 331, 332, 333, 334, 338, 339, 340, 344, 345, 346, 355, 356, 357, 361, 362, 366, 367, 368, 370, 375, 376, 380, 381, 382, 383, 384, 385, 389, 393, 394, 399, 400, 401, 402, 403, 404, 405, 409, 410, 411, 415, 416, 418, 458, 460, 469, 474, 475, 476, 478, 479, 480, 491, 492, 493, 494, 521, 522, 526], "excluded_lines": [31, 32], "executed_branches": [[239, 244], [289, 290], [292, 294], [295, 297], [298, 300], [301, -285], [309, 310], [310, 311], [457, 459], [459, 462], [468, 471], [473, 477], [477, 482], [490, 495]], "missing_branches": [[239, 240], [241, 239], [241, 242], [289, 291], [292, 293], [295, 296], [298, 299], [301, 302], [309, 313], [310, 312], [314, 315], [314, 317], [367, 368], [367, 370], [409, 410], [409, 411], [415, 416], [415, 418], [457, 458], [459, 460], [468, 469], [473, 474], [474, 475], [474, 476], [477, 478], [478, 479], [478, 480], [490, 491], [492, 493], [492, 495]], "functions": {"_build_global_parser": {"executed_lines": [54, 55, 56], "summary": {"covered_lines": 3, "num_statements": 3, "percent_covered": 100.0, "percent_covered_display": "100", "missing_lines": 0, "excluded_lines": 0, "num_branches": 0, "num_partial_branches": 0, "covered_branches": 0, "missing_branches": 0}, "missing_lines": [], "excluded_lines": [], "executed_branches": [], "missing_branches": []}, "main": {"executed_lines": [62, 63, 65, 66, 68, 69, 70, 71, 72, 80, 82, 91, 92, 93, 95, 96, 101, 102, 103, 110, 111, 115, 122], "summary": {"covered_lines": 23, "num_statements": 27, "percent_covered": 85.18518518518519, "percent_covered_display": "85", "missing_lines": 4, "excluded_lines": 0, "num_branches": 0, "num_partial_branches": 0, "covered_branches": 0, "missing_branches": 0}, "missing_lines": [77, 78, 112, 113], "excluded_lines": [], "executed_branches": [], "missing_branches": []}, "_build_parser": {"executed_lines": [132, 143, 144, 149, 156, 158, 159, 160, 166, 167, 172, 174, 175, 176, 177, 179, 180, 181, 183, 184, 185, 187, 188, 190, 191, 192, 193, 195, 196, 197, 199, 200, 201, 202, 206, 209, 213, 214, 219, 221, 222, 223, 224, 230, 237, 239, 244], "summary": {"covered_lines": 47, "num_statements": 50, "percent_covered": 88.88888888888889, "percent_covered_display": "89", "missing_lines": 3, "excluded_lines": 0, "num_branches": 4, "num_partial_branches": 1, "covered_branches": 1, "missing_branches": 3}, "missing_lines": [240, 241, 242], "excluded_lines": [], "executed_branches": [[239, 244]], "missing_branches": [[239, 240], [241, 239], [241, 242]]}, "_add_global_arguments": {"executed_lines": [248, 252, 259, 265, 269, 274, 278], "summary": {"covered_lines": 7, "num_statements": 7, "percent_covered": 100.0, "percent_covered_display": "100", "missing_lines": 0, "excluded_lines": 0, "num_branches": 0, "num_partial_branches": 0, "covered_branches": 0, "missing_branches": 0}, "missing_lines": [], "excluded_lines": [], "executed_branches": [], "missing_branches": []}, "_merge_cli_toggles": {"executed_lines": [288, 289, 290, 291, 292, 294, 295, 297, 298, 300, 301], "summary": {"covered_lines": 11, "num_statements": 15, "percent_covered": 64.0, "percent_covered_display": "64", "missing_lines": 4, "excluded_lines": 0, "num_branches": 10, "num_partial_branches": 5, "covered_branches": 5, "missing_branches": 5}, "missing_lines": [293, 296, 299, 302], "excluded_lines": [], "executed_branches": [[289, 290], [292, 294], [295, 297], [298, 300], [301, -285]], "missing_branches": [[289, 291], [292, 293], [295, 296], [298, 299], [301, 302]]}, "_handle_collect": {"executed_lines": [306, 307, 308, 309, 310, 311], "summary": {"covered_lines": 6, "num_statements": 15, "percent_covered": 38.095238095238095, "percent_covered_display": "38", "missing_lines": 9, "excluded_lines": 0, "num_branches": 6, "num_partial_branches": 2, "covered_branches": 2, "missing_branches": 4}, "missing_lines": [312, 313, 314, 315, 317, 318, 325, 326, 327], "excluded_lines": [], "executed_branches": [[309, 310], [310, 311]], "missing_branches": [[309, 313], [310, 312], [314, 315], [314, 317]]}, "_handle_parse": {"executed_lines": [], "summary": {"covered_lines": 0, "num_statements": 4, "percent_covered": 0.0, "percent_covered_display": "0", "missing_lines": 4, "excluded_lines": 0, "num_branches": 0, "num_partial_branches": 0, "covered_branches": 0, "missing_branches": 0}, "missing_lines": [331, 332, 333, 334], "excluded_lines": [], "executed_branches": [], "missing_branches": []}, "_handle_summarize": {"executed_lines": [], "summary": {"covered_lines": 0, "num_statements": 3, "percent_covered": 0.0, "percent_covered_display": "0", "missing_lines": 3, "excluded_lines": 0, "num_branches": 0, "num_partial_branches": 0, "covered_branches": 0, "missing_branches": 0}, "missing_lines": [338, 339, 340], "excluded_lines": [], "executed_branches": [], "missing_branches": []}, "_handle_explain": {"executed_lines": [], "summary": {"covered_lines": 0, "num_statements": 3, "percent_covered": 0.0, "percent_covered_display": "0", "missing_lines": 3, "excluded_lines": 0, "num_branches": 0, "num_partial_branches": 0, "covered_branches": 0, "missing_branches": 0}, "missing_lines": [344, 345, 346], "excluded_lines": [], "executed_branches": [], "missing_branches": []}, "_handle_guardrails": {"executed_lines": [350, 351], "summary": {"covered_lines": 2, "num_statements": 2, "percent_covered": 100.0, "percent_covered_display": "100", "missing_lines": 0, "excluded_lines": 0, "num_branches": 0, "num_partial_branches": 0, "covered_branches": 0, "missing_branches": 0}, "missing_lines": [], "excluded_lines": [], "executed_branches": [], "missing_branches": []}, "_handle_redact": {"executed_lines": [], "summary": {"covered_lines": 0, "num_statements": 3, "percent_covered": 0.0, "percent_covered_display": "0", "missing_lines": 3, "excluded_lines": 0, "num_branches": 0, "num_partial_branches": 0, "covered_branches": 0, "missing_branches": 0}, "missing_lines": [355, 356, 357], "excluded_lines": [], "executed_branches": [], "missing_branches": []}, "_handle_examples": {"executed_lines": [], "summary": {"covered_lines": 0, "num_statements": 2, "percent_covered": 0.0, "percent_covered_display": "0", "missing_lines": 2, "excluded_lines": 0, "num_branches": 0, "num_partial_branches": 0, "covered_branches": 0, "missing_branches": 0}, "missing_lines": [361, 362], "excluded_lines": [], "executed_branches": [], "missing_branches": []}, "_handle_extensions_list": {"executed_lines": [], "summary": {"covered_lines": 0, "num_statements": 6, "percent_covered": 0.0, "percent_covered_display": "0", "missing_lines": 6, "excluded_lines": 0, "num_branches": 2, "num_partial_branches": 0, "covered_branches": 0, "missing_branches": 2}, "missing_lines": [366, 367, 368, 370, 375, 376], "excluded_lines": [], "executed_branches": [], "missing_branches": [[367, 368], [367, 370]]}, "_handle_extensions_scaffold": {"executed_lines": [], "summary": {"covered_lines": 0, "num_statements": 7, "percent_covered": 0.0, "percent_covered_display": "0", "missing_lines": 7, "excluded_lines": 0, "num_branches": 0, "num_partial_branches": 0, "covered_branches": 0, "missing_branches": 0}, "missing_lines": [380, 381, 382, 383, 384, 385, 389], "excluded_lines": [], "executed_branches": [], "missing_branches": []}, "_handle_report": {"executed_lines": [], "summary": {"covered_lines": 0, "num_statements": 9, "percent_covered": 0.0, "percent_covered_display": "0", "missing_lines": 9, "excluded_lines": 0, "num_branches": 0, "num_partial_branches": 0, "covered_branches": 0, "missing_branches": 0}, "missing_lines": [393, 394, 399, 400, 401, 402, 403, 404, 405], "excluded_lines": [], "executed_branches": [], "missing_branches": []}, "_load_input": {"executed_lines": [], "summary": {"covered_lines": 0, "num_statements": 3, "percent_covered": 0.0, "percent_covered_display": "0", "missing_lines": 3, "excluded_lines": 0, "num_branches": 2, "num_partial_branches": 0, "covered_branches": 0, "missing_branches": 2}, "missing_lines": [409, 410, 411], "excluded_lines": [], "executed_branches": [], "missing_branches": [[409, 410], [409, 411]]}, "_write_output": {"executed_lines": [], "summary": {"covered_lines": 0, "num_statements": 3, "percent_covered": 0.0, "percent_covered_display": "0", "missing_lines": 3, "excluded_lines": 0, "num_branches": 2, "num_partial_branches": 0, "covered_branches": 0, "missing_branches": 2}, "missing_lines": [415, 416, 418], "excluded_lines": [], "executed_branches": [], "missing_branches": [[415, 416], [415, 418]]}, "_record_cli_metrics": {"executed_lines": [428, 429, 430, 434], "summary": {"covered_lines": 4, "num_statements": 4, "percent_covered": 100.0, "percent_covered_display": "100", "missing_lines": 0, "excluded_lines": 0, "num_branches": 0, "num_partial_branches": 0, "covered_branches": 0, "missing_branches": 0}, "missing_lines": [], "excluded_lines": [], "executed_branches": [], "missing_branches": []}, "_fail": {"executed_lines": [441, 442], "summary": {"covered_lines": 2, "num_statements": 2, "percent_covered": 100.0, "percent_covered_display": "100", "missing_lines": 0, "excluded_lines": 0, "num_branches": 0, "num_partial_branches": 0, "covered_branches": 0, "missing_branches": 0}, "missing_lines": [], "excluded_lines": [], "executed_branches": [], "missing_branches": []}, "_prepare_and_execute": {"executed_lines": [451, 452, 453, 454, 456, 457, 459, 462, 463, 468, 471, 473, 477, 482], "summary": {"covered_lines": 14, "num_statements": 23, "percent_covered": 51.351351351351354, "percent_covered_display": "51", "missing_lines": 9, "excluded_lines": 0, "num_branches": 14, "num_partial_branches": 5, "covered_branches": 5, "missing_branches": 9}, "missing_lines": [458, 460, 469, 474, 475, 476, 478, 479, 480], "excluded_lines": [], "executed_branches": [[457, 459], [459, 462], [468, 471], [473, 477], [477, 482]], "missing_branches": [[457, 458], [459, 460], [468, 469], [473, 474], [474, 475], [474, 476], [477, 478], [478, 479], [478, 480]]}, "_resolve_command_labels": {"executed_lines": [488, 489, 490, 495], "summary": {"covered_lines": 4, "num_statements": 8, "percent_covered": 41.666666666666664, "percent_covered_display": "42", "missing_lines": 4, "excluded_lines": 0, "num_branches": 4, "num_partial_branches": 1, "covered_branches": 1, "missing_branches": 3}, "missing_lines": [491, 492, 493, 494], "excluded_lines": [], "executed_branches": [[490, 495]], "missing_branches": [[490, 491], [492, 493], [492, 495]]}, "_execute_command": {"executed_lines": [504, 505, 506, 508, 513, 514, 515, 516, 517, 518, 519, 520, 528, 529, 530], "summary": {"covered_lines": 15, "num_statements": 18, "percent_covered": 83.33333333333333, "percent_covered_display": "83", "missing_lines": 3, "excluded_lines": 0, "num_branches": 0, "num_partial_branches": 0, "covered_branches": 0, "missing_branches": 0}, "missing_lines": [521, 522, 526], "excluded_lines": [], "executed_branches": [], "missing_branches": []}, "": {"executed_lines": [1, 3, 5, 6, 7, 8, 9, 10, 11, 12, 13, 15, 16, 17, 18, 19, 24, 25, 26, 27, 28, 29, 31, 35, 36, 39, 42, 43, 44, 46, 47, 48, 51, 59, 125, 247, 285, 305, 330, 337, 343, 349, 354, 360, 365, 379, 392, 408, 414, 421, 440, 445, 485, 498, 533], "summary": {"covered_lines": 51, "num_statements": 51, "percent_covered": 100.0, "percent_covered_display": "100", "missing_lines": 0, "excluded_lines": 2, "num_branches": 0, "num_partial_branches": 0, "covered_branches": 0, "missing_branches": 0}, "missing_lines": [], "excluded_lines": [31, 32], "executed_branches": [], "missing_branches": []}}, "classes": {"_HelpFormatter": {"executed_lines": [], "summary": {"covered_lines": 0, "num_statements": 0, "percent_covered": 100.0, "percent_covered_display": "100", "missing_lines": 0, "excluded_lines": 0, "num_branches": 0, "num_partial_branches": 0, "covered_branches": 0, "missing_branches": 0}, "missing_lines": [], "excluded_lines": [], "executed_branches": [], "missing_branches": []}, "_CliRuntime": {"executed_lines": [], "summary": {"covered_lines": 0, "num_statements": 0, "percent_covered": 100.0, "percent_covered_display": "100", "missing_lines": 0, "excluded_lines": 0, "num_branches": 0, "num_partial_branches": 0, "covered_branches": 0, "missing_branches": 0}, "missing_lines": [], "excluded_lines": [], "executed_branches": [], "missing_branches": []}, "": {"executed_lines": [1, 3, 5, 6, 7, 8, 9, 10, 11, 12, 13, 15, 16, 17, 18, 19, 24, 25, 26, 27, 28, 29, 31, 35, 36, 39, 42, 43, 44, 46, 47, 48, 51, 54, 55, 56, 59, 62, 63, 65, 66, 68, 69, 70, 71, 72, 80, 82, 91, 92, 93, 95, 96, 101, 102, 103, 110, 111, 115, 122, 125, 132, 143, 144, 149, 156, 158, 159, 160, 166, 167, 172, 174, 175, 176, 177, 179, 180, 181, 183, 184, 185, 187, 188, 190, 191, 192, 193, 195, 196, 197, 199, 200, 201, 202, 206, 209, 213, 214, 219, 221, 222, 223, 224, 230, 237, 239, 244, 247, 248, 252, 259, 265, 269, 274, 278, 285, 288, 289, 290, 291, 292, 294, 295, 297, 298, 300, 301, 305, 306, 307, 308, 309, 310, 311, 330, 337, 343, 349, 350, 351, 354, 360, 365, 379, 392, 408, 414, 421, 428, 429, 430, 434, 440, 441, 442, 445, 451, 452, 453, 454, 456, 457, 459, 462, 463, 468, 471, 473, 477, 482, 485, 488, 489, 490, 495, 498, 504, 505, 506, 508, 513, 514, 515, 516, 517, 518, 519, 520, 528, 529, 530, 533], "summary": {"covered_lines": 189, "num_statements": 268, "percent_covered": 65.06410256410257, "percent_covered_display": "65", "missing_lines": 79, "excluded_lines": 2, "num_branches": 44, "num_partial_branches": 14, "covered_branches": 14, "missing_branches": 30}, "missing_lines": [77, 78, 112, 113, 240, 241, 242, 293, 296, 299, 302, 312, 313, 314, 315, 317, 318, 325, 326, 327, 331, 332, 333, 334, 338, 339, 340, 344, 345, 346, 355, 356, 357, 361, 362, 366, 367, 368, 370, 375, 376, 380, 381, 382, 383, 384, 385, 389, 393, 394, 399, 400, 401, 402, 403, 404, 405, 409, 410, 411, 415, 416, 418, 458, 460, 469, 474, 475, 476, 478, 479, 480, 491, 492, 493, 494, 521, 522, 526], "excluded_lines": [31, 32], "executed_branches": [[239, 244], [289, 290], [292, 294], [295, 297], [298, 300], [301, -285], [309, 310], [310, 311], [457, 459], [459, 462], [468, 471], [473, 477], [477, 482], [490, 495]], "missing_branches": [[239, 240], [241, 239], [241, 242], [289, 291], [292, 293], [295, 296], [298, 299], [301, 302], [309, 313], [310, 312], [314, 315], [314, 317], [367, 368], [367, 370], [409, 410], [409, 411], [415, 416], [415, 418], [457, 458], [459, 460], [468, 469], [473, 474], [474, 475], [474, 476], [477, 478], [478, 479], [478, 480], [490, 491], [492, 493], [492, 495]]}}}, "zscripts/config.py": {"executed_lines": [1, 2, 4, 5, 6, 7, 10, 11, 12, 32, 33, 34, 35, 36, 43, 44, 45, 46, 47, 48, 49, 50, 51, 54, 55, 57, 58, 59, 60, 61, 62, 63, 64, 65, 66, 67, 68, 69, 70, 73, 95, 98, 106], "summary": {"covered_lines": 40, "num_statements": 40, "percent_covered": 100.0, "percent_covered_display": "100", "missing_lines": 0, "excluded_lines": 0, "num_branches": 0, "num_partial_branches": 0, "covered_branches": 0, "missing_branches": 0}, "missing_lines": [], "excluded_lines": [], "executed_branches": [], "missing_branches": [], "functions": {"clone_config": {"executed_lines": [98], "summary": {"covered_lines": 1, "num_statements": 1, "percent_covered": 100.0, "percent_covered_display": "100", "missing_lines": 0, "excluded_lines": 0, "num_branches": 0, "num_partial_branches": 0, "covered_branches": 0, "missing_branches": 0}, "missing_lines": [], "excluded_lines": [], "executed_branches": [], "missing_branches": []}, "": {"executed_lines": [1, 2, 4, 5, 6, 7, 10, 11, 12, 32, 33, 34, 35, 36, 43, 44, 45, 46, 47, 48, 49, 50, 51, 54, 55, 57, 58, 59, 60, 61, 62, 63, 64, 65, 66, 67, 68, 69, 70, 73, 95, 106], "summary": {"covered_lines": 39, "num_statements": 39, "percent_covered": 100.0, "percent_covered_display": "100", "missing_lines": 0, "excluded_lines": 0, "num_branches": 0, "num_partial_branches": 0, "covered_branches": 0, "missing_branches": 0}, "missing_lines": [], "excluded_lines": [], "executed_branches": [], "missing_branches": []}}, "classes": {"ToolkitConfig": {"executed_lines": [], "summary": {"covered_lines": 0, "num_statements": 0, "percent_covered": 100.0, "percent_covered_display": "100", "missing_lines": 0, "excluded_lines": 0, "num_branches": 0, "num_partial_branches": 0, "covered_branches": 0, "missing_branches": 0}, "missing_lines": [], "excluded_lines": [], "executed_branches": [], "missing_branches": []}, "ToolkitConfigDict": {"executed_lines": [], "summary": {"covered_lines": 0, "num_statements": 0, "percent_covered": 100.0, "percent_covered_display": "100", "missing_lines": 0, "excluded_lines": 0, "num_branches": 0, "num_partial_branches": 0, "covered_branches": 0, "missing_branches": 0}, "missing_lines": [], "excluded_lines": [], "executed_branches": [], "missing_branches": []}, "": {"executed_lines": [1, 2, 4, 5, 6, 7, 10, 11, 12, 32, 33, 34, 35, 36, 43, 44, 45, 46, 47, 48, 49, 50, 51, 54, 55, 57, 58, 59, 60, 61, 62, 63, 64, 65, 66, 67, 68, 69, 70, 73, 95, 98, 106], "summary": {"covered_lines": 40, "num_statements": 40, "percent_covered": 100.0, "percent_covered_display": "100", "missing_lines": 0, "excluded_lines": 0, "num_branches": 0, "num_partial_branches": 0, "covered_branches": 0, "missing_branches": 0}, "missing_lines": [], "excluded_lines": [], "executed_branches": [], "missing_branches": []}}}, "zscripts/configuration.py": {"executed_lines": [1, 3, 5, 6, 7, 8, 9, 11, 13, 16, 17, 20, 21, 24, 27, 28, 29, 30, 31, 32, 35, 36, 37, 38, 39, 40, 41, 44, 52, 53, 54, 55, 56, 61, 62, 65, 66, 67, 68, 69, 70, 71, 73, 74, 75, 76, 77, 78, 80, 83, 84, 85, 86, 89, 92, 110, 116, 117, 118, 119, 120, 123, 124, 125, 126, 127, 128, 129, 130, 131, 132, 133, 134, 135, 136, 137, 138, 139, 140, 141, 142, 143, 144, 145, 146, 149, 150, 151, 152, 153, 154, 155, 156, 159, 160, 161, 162, 163, 164, 165, 166, 169, 170, 171, 172, 173, 175, 178, 182, 185, 187, 188, 189, 193, 196, 199, 200, 203, 204, 205, 206, 207, 208, 210, 212, 215, 216, 217, 218, 219, 220, 229, 230, 231, 232, 235, 238, 239, 240, 241, 242, 246, 247, 249, 250, 251, 256, 257, 258, 259, 260, 261, 262, 263, 265, 266, 273, 274, 275, 278, 280, 281, 282, 283, 284, 286, 287, 290], "summary": {"covered_lines": 166, "num_statements": 179, "percent_covered": 91.28919860627178, "percent_covered_display": "91", "missing_lines": 13, "excluded_lines": 0, "num_branches": 108, "num_partial_branches": 12, "covered_branches": 96, "missing_branches": 12}, "missing_lines": [179, 190, 191, 209, 211, 221, 224, 243, 248, 264, 267, 268, 272], "excluded_lines": [], "executed_branches": [[27, 28], [27, 29], [30, 31], [30, 41], [31, 32], [31, 35], [38, 39], [38, 40], [54, 55], [54, 56], [66, 67], [66, 68], [68, 69], [68, 70], [73, 74], [73, 76], [76, 77], [76, 80], [85, 86], [85, 89], [116, 117], [116, 118], [118, 119], [118, 156], [119, 120], [119, 123], [123, 124], [123, 125], [125, 126], [125, 127], [127, 128], [127, 129], [129, 130], [129, 131], [131, 132], [131, 133], [133, 134], [133, 135], [135, 136], [135, 137], [137, 138], [137, 139], [139, 140], [139, 141], [141, 142], [141, 143], [143, 144], [143, 150], [145, 146], [145, 149], [150, 151], [150, 152], [152, 153], [152, 154], [154, 155], [161, 162], [161, 163], [163, 164], [163, 175], [165, 166], [165, 169], [171, 172], [171, 173], [178, 182], [187, 188], [187, 189], [189, 193], [204, 205], [204, 206], [206, 207], [206, 215], [208, 210], [210, 212], [215, 216], [217, 218], [217, 219], [219, 220], [231, 232], [231, 235], [239, 240], [241, 242], [247, 249], [249, 250], [249, 251], [257, 258], [257, 259], [259, 260], [259, 261], [261, 262], [263, 265], [273, 274], [273, 275], [280, 281], [280, 282], [282, 283], [282, 286]], "missing_branches": [[154, 118], [178, 179], [189, 190], [208, 209], [210, 211], [215, 224], [219, 221], [239, 243], [241, 243], [247, 248], [261, 272], [263, 264]], "functions": {"parse_override_pairs": {"executed_lines": [27, 28, 29, 30, 31, 32, 35, 36, 37, 38, 39, 40, 41], "summary": {"covered_lines": 13, "num_statements": 13, "percent_covered": 100.0, "percent_covered_display": "100", "missing_lines": 0, "excluded_lines": 0, "num_branches": 8, "num_partial_branches": 0, "covered_branches": 8, "missing_branches": 0}, "missing_lines": [], "excluded_lines": [], "executed_branches": [[27, 28], [27, 29], [30, 31], [30, 41], [31, 32], [31, 35], [38, 39], [38, 40]], "missing_branches": []}, "load_toolkit_config": {"executed_lines": [52, 53, 54, 55, 56, 61, 62], "summary": {"covered_lines": 7, "num_statements": 7, "percent_covered": 100.0, "percent_covered_display": "100", "missing_lines": 0, "excluded_lines": 0, "num_branches": 2, "num_partial_branches": 0, "covered_branches": 2, "missing_branches": 0}, "missing_lines": [], "excluded_lines": [], "executed_branches": [[54, 55], [54, 56]], "missing_branches": []}, "_load_file": {"executed_lines": [66, 67, 68, 69, 70, 71, 73, 74, 75, 76, 77, 78, 80, 83, 84, 85, 86, 89], "summary": {"covered_lines": 18, "num_statements": 18, "percent_covered": 100.0, "percent_covered_display": "100", "missing_lines": 0, "excluded_lines": 0, "num_branches": 10, "num_partial_branches": 0, "covered_branches": 10, "missing_branches": 0}, "missing_lines": [], "excluded_lines": [], "executed_branches": [[66, 67], [66, 68], [68, 69], [68, 70], [73, 74], [73, 76], [76, 77], [76, 80], [85, 86], [85, 89]], "missing_branches": []}, "_apply_config_values": {"executed_lines": [116, 117, 118, 119, 120, 123, 124, 125, 126, 127, 128, 129, 130, 131, 132, 133, 134, 135, 136, 137, 138, 139, 140, 141, 142, 143, 144, 145, 146, 149, 150, 151, 152, 153, 154, 155, 156], "summary": {"covered_lines": 37, "num_statements": 37, "percent_covered": 98.63013698630137, "percent_covered_display": "99", "missing_lines": 0, "excluded_lines": 0, "num_branches": 36, "num_partial_branches": 1, "covered_branches": 35, "missing_branches": 1}, "missing_lines": [], "excluded_lines": [], "executed_branches": [[116, 117], [116, 118], [118, 119], [118, 156], [119, 120], [119, 123], [123, 124], [123, 125], [125, 126], [125, 127], [127, 128], [127, 129], [129, 130], [129, 131], [131, 132], [131, 133], [133, 134], [133, 135], [135, 136], [135, 137], [137, 138], [137, 139], [139, 140], [139, 141], [141, 142], [141, 143], [143, 144], [143, 150], [145, 146], [145, 149], [150, 151], [150, 152], [152, 153], [152, 154], [154, 155]], "missing_branches": [[154, 118]]}, "_coerce_allowed_paths": {"executed_lines": [160, 161, 162, 163, 164, 165, 166, 169, 170, 171, 172, 173, 175, 178, 182], "summary": {"covered_lines": 15, "num_statements": 16, "percent_covered": 92.3076923076923, "percent_covered_display": "92", "missing_lines": 1, "excluded_lines": 0, "num_branches": 10, "num_partial_branches": 1, "covered_branches": 9, "missing_branches": 1}, "missing_lines": [179], "excluded_lines": [], "executed_branches": [[161, 162], [161, 163], [163, 164], [163, 175], [165, 166], [165, 169], [171, 172], [171, 173], [178, 182]], "missing_branches": [[178, 179]]}, "_coerce_patterns": {"executed_lines": [187, 188, 189, 193, 196], "summary": {"covered_lines": 5, "num_statements": 7, "percent_covered": 72.72727272727273, "percent_covered_display": "73", "missing_lines": 2, "excluded_lines": 0, "num_branches": 4, "num_partial_branches": 1, "covered_branches": 3, "missing_branches": 1}, "missing_lines": [190, 191], "excluded_lines": [], "executed_branches": [[187, 188], [187, 189], [189, 193]], "missing_branches": [[189, 190]]}, "_coerce_timeout": {"executed_lines": [200], "summary": {"covered_lines": 1, "num_statements": 1, "percent_covered": 100.0, "percent_covered_display": "100", "missing_lines": 0, "excluded_lines": 0, "num_branches": 0, "num_partial_branches": 0, "covered_branches": 0, "missing_branches": 0}, "missing_lines": [], "excluded_lines": [], "executed_branches": [], "missing_branches": []}, "_coerce_bool": {"executed_lines": [204, 205, 206, 207, 208, 210, 212, 215, 216, 217, 218, 219, 220], "summary": {"covered_lines": 13, "num_statements": 17, "percent_covered": 74.19354838709677, "percent_covered_display": "74", "missing_lines": 4, "excluded_lines": 0, "num_branches": 14, "num_partial_branches": 4, "covered_branches": 10, "missing_branches": 4}, "missing_lines": [209, 211, 221, 224], "excluded_lines": [], "executed_branches": [[204, 205], [204, 206], [206, 207], [206, 215], [208, 210], [210, 212], [215, 216], [217, 218], [217, 219], [219, 220]], "missing_branches": [[208, 209], [210, 211], [215, 224], [219, 221]]}, "_coerce_report_format": {"executed_lines": [230, 231, 232, 235], "summary": {"covered_lines": 4, "num_statements": 4, "percent_covered": 100.0, "percent_covered_display": "100", "missing_lines": 0, "excluded_lines": 0, "num_branches": 2, "num_partial_branches": 0, "covered_branches": 2, "missing_branches": 0}, "missing_lines": [], "excluded_lines": [], "executed_branches": [[231, 232], [231, 235]], "missing_branches": []}, "_coerce_string": {"executed_lines": [239, 240, 241, 242], "summary": {"covered_lines": 4, "num_statements": 5, "percent_covered": 66.66666666666667, "percent_covered_display": "67", "missing_lines": 1, "excluded_lines": 0, "num_branches": 4, "num_partial_branches": 2, "covered_branches": 2, "missing_branches": 2}, "missing_lines": [243], "excluded_lines": [], "executed_branches": [[239, 240], [241, 242]], "missing_branches": [[239, 243], [241, 243]]}, "_coerce_path": {"executed_lines": [247, 249, 250, 251], "summary": {"covered_lines": 4, "num_statements": 5, "percent_covered": 77.77777777777777, "percent_covered_display": "78", "missing_lines": 1, "excluded_lines": 0, "num_branches": 4, "num_partial_branches": 1, "covered_branches": 3, "missing_branches": 1}, "missing_lines": [248], "excluded_lines": [], "executed_branches": [[247, 249], [249, 250], [249, 251]], "missing_branches": [[247, 248]]}, "_coerce_positive_int": {"executed_lines": [257, 258, 259, 260, 261, 262, 263, 265, 266, 273, 274, 275], "summary": {"covered_lines": 12, "num_statements": 16, "percent_covered": 76.92307692307692, "percent_covered_display": "77", "missing_lines": 4, "excluded_lines": 0, "num_branches": 10, "num_partial_branches": 2, "covered_branches": 8, "missing_branches": 2}, "missing_lines": [264, 267, 268, 272], "excluded_lines": [], "executed_branches": [[257, 258], [257, 259], [259, 260], [259, 261], [261, 262], [263, 265], [273, 274], [273, 275]], "missing_branches": [[261, 272], [263, 264]]}, "_coerce_string_sequence": {"executed_lines": [280, 281, 282, 283, 284, 286, 287], "summary": {"covered_lines": 7, "num_statements": 7, "percent_covered": 100.0, "percent_covered_display": "100", "missing_lines": 0, "excluded_lines": 0, "num_branches": 4, "num_partial_branches": 0, "covered_branches": 4, "missing_branches": 0}, "missing_lines": [], "excluded_lines": [], "executed_branches": [[280, 281], [280, 282], [282, 283], [282, 286]], "missing_branches": []}, "": {"executed_lines": [1, 3, 5, 6, 7, 8, 9, 11, 13, 16, 17, 20, 21, 24, 44, 65, 92, 110, 159, 185, 199, 203, 229, 238, 246, 256, 278, 290], "summary": {"covered_lines": 26, "num_statements": 26, "percent_covered": 100.0, "percent_covered_display": "100", "missing_lines": 0, "excluded_lines": 0, "num_branches": 0, "num_partial_branches": 0, "covered_branches": 0, "missing_branches": 0}, "missing_lines": [], "excluded_lines": [], "executed_branches": [], "missing_branches": []}}, "classes": {"ConfigurationError": {"executed_lines": [], "summary": {"covered_lines": 0, "num_statements": 0, "percent_covered": 100.0, "percent_covered_display": "100", "missing_lines": 0, "excluded_lines": 0, "num_branches": 0, "num_partial_branches": 0, "covered_branches": 0, "missing_branches": 0}, "missing_lines": [], "excluded_lines": [], "executed_branches": [], "missing_branches": []}, "": {"executed_lines": [1, 3, 5, 6, 7, 8, 9, 11, 13, 16, 17, 20, 21, 24, 27, 28, 29, 30, 31, 32, 35, 36, 37, 38, 39, 40, 41, 44, 52, 53, 54, 55, 56, 61, 62, 65, 66, 67, 68, 69, 70, 71, 73, 74, 75, 76, 77, 78, 80, 83, 84, 85, 86, 89, 92, 110, 116, 117, 118, 119, 120, 123, 124, 125, 126, 127, 128, 129, 130, 131, 132, 133, 134, 135, 136, 137, 138, 139, 140, 141, 142, 143, 144, 145, 146, 149, 150, 151, 152, 153, 154, 155, 156, 159, 160, 161, 162, 163, 164, 165, 166, 169, 170, 171, 172, 173, 175, 178, 182, 185, 187, 188, 189, 193, 196, 199, 200, 203, 204, 205, 206, 207, 208, 210, 212, 215, 216, 217, 218, 219, 220, 229, 230, 231, 232, 235, 238, 239, 240, 241, 242, 246, 247, 249, 250, 251, 256, 257, 258, 259, 260, 261, 262, 263, 265, 266, 273, 274, 275, 278, 280, 281, 282, 283, 284, 286, 287, 290], "summary": {"covered_lines": 166, "num_statements": 179, "percent_covered": 91.28919860627178, "percent_covered_display": "91", "missing_lines": 13, "excluded_lines": 0, "num_branches": 108, "num_partial_branches": 12, "covered_branches": 96, "missing_branches": 12}, "missing_lines": [179, 190, 191, 209, 211, 221, 224, 243, 248, 264, 267, 268, 272], "excluded_lines": [], "executed_branches": [[27, 28], [27, 29], [30, 31], [30, 41], [31, 32], [31, 35], [38, 39], [38, 40], [54, 55], [54, 56], [66, 67], [66, 68], [68, 69], [68, 70], [73, 74], [73, 76], [76, 77], [76, 80], [85, 86], [85, 89], [116, 117], [116, 118], [118, 119], [118, 156], [119, 120], [119, 123], [123, 124], [123, 125], [125, 126], [125, 127], [127, 128], [127, 129], [129, 130], [129, 131], [131, 132], [131, 133], [133, 134], [133, 135], [135, 136], [135, 137], [137, 138], [137, 139], [139, 140], [139, 141], [141, 142], [141, 143], [143, 144], [143, 150], [145, 146], [145, 149], [150, 151], [150, 152], [152, 153], [152, 154], [154, 155], [161, 162], [161, 163], [163, 164], [163, 175], [165, 166], [165, 169], [171, 172], [171, 173], [178, 182], [187, 188], [187, 189], [189, 193], [204, 205], [204, 206], [206, 207], [206, 215], [208, 210], [210, 212], [215, 216], [217, 218], [217, 219], [219, 220], [231, 232], [231, 235], [239, 240], [241, 242], [247, 249], [249, 250], [249, 251], [257, 258], [257, 259], [259, 260], [259, 261], [261, 262], [263, 265], [273, 274], [273, 275], [280, 281], [280, 282], [282, 283], [282, 286]], "missing_branches": [[154, 118], [178, 179], [189, 190], [208, 209], [210, 211], [215, 224], [219, 221], [239, 243], [241, 243], [247, 248], [261, 272], [263, 264]]}}}, "zscripts/domain/__init__.py": {"executed_lines": [1, 3, 12, 14], "summary": {"covered_lines": 3, "num_statements": 3, "percent_covered": 100.0, "percent_covered_display": "100", "missing_lines": 0, "excluded_lines": 0, "num_branches": 0, "num_partial_branches": 0, "covered_branches": 0, "missing_branches": 0}, "missing_lines": [], "excluded_lines": [], "executed_branches": [], "missing_branches": [], "functions": {"": {"executed_lines": [1, 3, 12, 14], "summary": {"covered_lines": 3, "num_statements": 3, "percent_covered": 100.0, "percent_covered_display": "100", "missing_lines": 0, "excluded_lines": 0, "num_branches": 0, "num_partial_branches": 0, "covered_branches": 0, "missing_branches": 0}, "missing_lines": [], "excluded_lines": [], "executed_branches": [], "missing_branches": []}}, "classes": {"": {"executed_lines": [1, 3, 12, 14], "summary": {"covered_lines": 3, "num_statements": 3, "percent_covered": 100.0, "percent_covered_display": "100", "missing_lines": 0, "excluded_lines": 0, "num_branches": 0, "num_partial_branches": 0, "covered_branches": 0, "missing_branches": 0}, "missing_lines": [], "excluded_lines": [], "executed_branches": [], "missing_branches": []}}}, "zscripts/domain/interfaces.py": {"executed_lines": [1, 3, 5, 6, 7, 9, 10, 13, 14, 16, 17, 18, 20, 23, 26, 30, 31, 33, 36, 40, 41, 43, 47, 48, 51, 52, 54, 58, 59, 61, 65, 66, 68, 72], "summary": {"covered_lines": 27, "num_statements": 27, "percent_covered": 100.0, "percent_covered_display": "100", "missing_lines": 0, "excluded_lines": 0, "num_branches": 0, "num_partial_branches": 0, "covered_branches": 0, "missing_branches": 0}, "missing_lines": [], "excluded_lines": [], "executed_branches": [], "missing_branches": [], "functions": {"LogAdapterProtocol.collect": {"executed_lines": [], "summary": {"covered_lines": 0, "num_statements": 0, "percent_covered": 100.0, "percent_covered_display": "100", "missing_lines": 0, "excluded_lines": 0, "num_branches": 0, "num_partial_branches": 0, "covered_branches": 0, "missing_branches": 0}, "missing_lines": [], "excluded_lines": [], "executed_branches": [], "missing_branches": []}, "LogAdapterProtocol.parse": {"executed_lines": [], "summary": {"covered_lines": 0, "num_statements": 0, "percent_covered": 100.0, "percent_covered_display": "100", "missing_lines": 0, "excluded_lines": 0, "num_branches": 0, "num_partial_branches": 0, "covered_branches": 0, "missing_branches": 0}, "missing_lines": [], "excluded_lines": [], "executed_branches": [], "missing_branches": []}, "LogAdapterProtocol.summarize": {"executed_lines": [], "summary": {"covered_lines": 0, "num_statements": 0, "percent_covered": 100.0, "percent_covered_display": "100", "missing_lines": 0, "excluded_lines": 0, "num_branches": 0, "num_partial_branches": 0, "covered_branches": 0, "missing_branches": 0}, "missing_lines": [], "excluded_lines": [], "executed_branches": [], "missing_branches": []}, "AdapterRegistryProtocol.available": {"executed_lines": [], "summary": {"covered_lines": 0, "num_statements": 0, "percent_covered": 100.0, "percent_covered_display": "100", "missing_lines": 0, "excluded_lines": 0, "num_branches": 0, "num_partial_branches": 0, "covered_branches": 0, "missing_branches": 0}, "missing_lines": [], "excluded_lines": [], "executed_branches": [], "missing_branches": []}, "AdapterRegistryProtocol.resolve": {"executed_lines": [], "summary": {"covered_lines": 0, "num_statements": 0, "percent_covered": 100.0, "percent_covered_display": "100", "missing_lines": 0, "excluded_lines": 0, "num_branches": 0, "num_partial_branches": 0, "covered_branches": 0, "missing_branches": 0}, "missing_lines": [], "excluded_lines": [], "executed_branches": [], "missing_branches": []}, "SandboxRunnerProtocol.run": {"executed_lines": [], "summary": {"covered_lines": 0, "num_statements": 0, "percent_covered": 100.0, "percent_covered_display": "100", "missing_lines": 0, "excluded_lines": 0, "num_branches": 0, "num_partial_branches": 0, "covered_branches": 0, "missing_branches": 0}, "missing_lines": [], "excluded_lines": [], "executed_branches": [], "missing_branches": []}, "RedactorProtocol.redact": {"executed_lines": [], "summary": {"covered_lines": 0, "num_statements": 0, "percent_covered": 100.0, "percent_covered_display": "100", "missing_lines": 0, "excluded_lines": 0, "num_branches": 0, "num_partial_branches": 0, "covered_branches": 0, "missing_branches": 0}, "missing_lines": [], "excluded_lines": [], "executed_branches": [], "missing_branches": []}, "SchemaValidatorProtocol.validate": {"executed_lines": [], "summary": {"covered_lines": 0, "num_statements": 0, "percent_covered": 100.0, "percent_covered_display": "100", "missing_lines": 0, "excluded_lines": 0, "num_branches": 0, "num_partial_branches": 0, "covered_branches": 0, "missing_branches": 0}, "missing_lines": [], "excluded_lines": [], "executed_branches": [], "missing_branches": []}, "ExampleRepositoryProtocol.list_examples": {"executed_lines": [], "summary": {"covered_lines": 0, "num_statements": 0, "percent_covered": 100.0, "percent_covered_display": "100", "missing_lines": 0, "excluded_lines": 0, "num_branches": 0, "num_partial_branches": 0, "covered_branches": 0, "missing_branches": 0}, "missing_lines": [], "excluded_lines": [], "executed_branches": [], "missing_branches": []}, "": {"executed_lines": [1, 3, 5, 6, 7, 9, 10, 13, 14, 16, 17, 18, 20, 23, 26, 30, 31, 33, 36, 40, 41, 43, 47, 48, 51, 52, 54, 58, 59, 61, 65, 66, 68, 72], "summary": {"covered_lines": 27, "num_statements": 27, "percent_covered": 100.0, "percent_covered_display": "100", "missing_lines": 0, "excluded_lines": 0, "num_branches": 0, "num_partial_branches": 0, "covered_branches": 0, "missing_branches": 0}, "missing_lines": [], "excluded_lines": [], "executed_branches": [], "missing_branches": []}}, "classes": {"LogAdapterProtocol": {"executed_lines": [], "summary": {"covered_lines": 0, "num_statements": 0, "percent_covered": 100.0, "percent_covered_display": "100", "missing_lines": 0, "excluded_lines": 0, "num_branches": 0, "num_partial_branches": 0, "covered_branches": 0, "missing_branches": 0}, "missing_lines": [], "excluded_lines": [], "executed_branches": [], "missing_branches": []}, "AdapterRegistryProtocol": {"executed_lines": [], "summary": {"covered_lines": 0, "num_statements": 0, "percent_covered": 100.0, "percent_covered_display": "100", "missing_lines": 0, "excluded_lines": 0, "num_branches": 0, "num_partial_branches": 0, "covered_branches": 0, "missing_branches": 0}, "missing_lines": [], "excluded_lines": [], "executed_branches": [], "missing_branches": []}, "SandboxRunnerProtocol": {"executed_lines": [], "summary": {"covered_lines": 0, "num_statements": 0, "percent_covered": 100.0, "percent_covered_display": "100", "missing_lines": 0, "excluded_lines": 0, "num_branches": 0, "num_partial_branches": 0, "covered_branches": 0, "missing_branches": 0}, "missing_lines": [], "excluded_lines": [], "executed_branches": [], "missing_branches": []}, "RedactorProtocol": {"executed_lines": [], "summary": {"covered_lines": 0, "num_statements": 0, "percent_covered": 100.0, "percent_covered_display": "100", "missing_lines": 0, "excluded_lines": 0, "num_branches": 0, "num_partial_branches": 0, "covered_branches": 0, "missing_branches": 0}, "missing_lines": [], "excluded_lines": [], "executed_branches": [], "missing_branches": []}, "SchemaValidatorProtocol": {"executed_lines": [], "summary": {"covered_lines": 0, "num_statements": 0, "percent_covered": 100.0, "percent_covered_display": "100", "missing_lines": 0, "excluded_lines": 0, "num_branches": 0, "num_partial_branches": 0, "covered_branches": 0, "missing_branches": 0}, "missing_lines": [], "excluded_lines": [], "executed_branches": [], "missing_branches": []}, "ExampleRepositoryProtocol": {"executed_lines": [], "summary": {"covered_lines": 0, "num_statements": 0, "percent_covered": 100.0, "percent_covered_display": "100", "missing_lines": 0, "excluded_lines": 0, "num_branches": 0, "num_partial_branches": 0, "covered_branches": 0, "missing_branches": 0}, "missing_lines": [], "excluded_lines": [], "executed_branches": [], "missing_branches": []}, "": {"executed_lines": [1, 3, 5, 6, 7, 9, 10, 13, 14, 16, 17, 18, 20, 23, 26, 30, 31, 33, 36, 40, 41, 43, 47, 48, 51, 52, 54, 58, 59, 61, 65, 66, 68, 72], "summary": {"covered_lines": 27, "num_statements": 27, "percent_covered": 100.0, "percent_covered_display": "100", "missing_lines": 0, "excluded_lines": 0, "num_branches": 0, "num_partial_branches": 0, "covered_branches": 0, "missing_branches": 0}, "missing_lines": [], "excluded_lines": [], "executed_branches": [], "missing_branches": []}}}, "zscripts/domain/models.py": {"executed_lines": [1, 3, 5, 6, 7, 10, 11, 12, 14, 15, 16, 17, 22, 23, 24, 26, 27, 28, 31], "summary": {"covered_lines": 16, "num_statements": 16, "percent_covered": 100.0, "percent_covered_display": "100", "missing_lines": 0, "excluded_lines": 0, "num_branches": 0, "num_partial_branches": 0, "covered_branches": 0, "missing_branches": 0}, "missing_lines": [], "excluded_lines": [], "executed_branches": [], "missing_branches": [], "functions": {"": {"executed_lines": [1, 3, 5, 6, 7, 10, 11, 12, 14, 15, 16, 17, 22, 23, 24, 26, 27, 28, 31], "summary": {"covered_lines": 16, "num_statements": 16, "percent_covered": 100.0, "percent_covered_display": "100", "missing_lines": 0, "excluded_lines": 0, "num_branches": 0, "num_partial_branches": 0, "covered_branches": 0, "missing_branches": 0}, "missing_lines": [], "excluded_lines": [], "executed_branches": [], "missing_branches": []}}, "classes": {"SandboxOptions": {"executed_lines": [], "summary": {"covered_lines": 0, "num_statements": 0, "percent_covered": 100.0, "percent_covered_display": "100", "missing_lines": 0, "excluded_lines": 0, "num_branches": 0, "num_partial_branches": 0, "covered_branches": 0, "missing_branches": 0}, "missing_lines": [], "excluded_lines": [], "executed_branches": [], "missing_branches": []}, "SandboxResult": {"executed_lines": [], "summary": {"covered_lines": 0, "num_statements": 0, "percent_covered": 100.0, "percent_covered_display": "100", "missing_lines": 0, "excluded_lines": 0, "num_branches": 0, "num_partial_branches": 0, "covered_branches": 0, "missing_branches": 0}, "missing_lines": [], "excluded_lines": [], "executed_branches": [], "missing_branches": []}, "": {"executed_lines": [1, 3, 5, 6, 7, 10, 11, 12, 14, 15, 16, 17, 22, 23, 24, 26, 27, 28, 31], "summary": {"covered_lines": 16, "num_statements": 16, "percent_covered": 100.0, "percent_covered_display": "100", "missing_lines": 0, "excluded_lines": 0, "num_branches": 0, "num_partial_branches": 0, "covered_branches": 0, "missing_branches": 0}, "missing_lines": [], "excluded_lines": [], "executed_branches": [], "missing_branches": []}}}, "zscripts/extensions/__init__.py": {"executed_lines": [1, 3, 4, 5, 7], "summary": {"covered_lines": 4, "num_statements": 4, "percent_covered": 100.0, "percent_covered_display": "100", "missing_lines": 0, "excluded_lines": 0, "num_branches": 0, "num_partial_branches": 0, "covered_branches": 0, "missing_branches": 0}, "missing_lines": [], "excluded_lines": [], "executed_branches": [], "missing_branches": [], "functions": {"": {"executed_lines": [1, 3, 4, 5, 7], "summary": {"covered_lines": 4, "num_statements": 4, "percent_covered": 100.0, "percent_covered_display": "100", "missing_lines": 0, "excluded_lines": 0, "num_branches": 0, "num_partial_branches": 0, "covered_branches": 0, "missing_branches": 0}, "missing_lines": [], "excluded_lines": [], "executed_branches": [], "missing_branches": []}}, "classes": {"": {"executed_lines": [1, 3, 4, 5, 7], "summary": {"covered_lines": 4, "num_statements": 4, "percent_covered": 100.0, "percent_covered_display": "100", "missing_lines": 0, "excluded_lines": 0, "num_branches": 0, "num_partial_branches": 0, "covered_branches": 0, "missing_branches": 0}, "missing_lines": [], "excluded_lines": [], "executed_branches": [], "missing_branches": []}}}, "zscripts/extensions/base.py": {"executed_lines": [1, 3, 5, 6, 7, 8, 10, 11, 12, 13, 15, 19, 20, 21, 23, 24, 25, 26, 27, 30, 31, 33, 34, 36, 39, 46, 50, 51, 53, 54, 56, 57, 59, 60, 63, 65, 67, 68, 69, 74, 84, 91], "summary": {"covered_lines": 37, "num_statements": 40, "percent_covered": 90.47619047619048, "percent_covered_display": "90", "missing_lines": 3, "excluded_lines": 2, "num_branches": 2, "num_partial_branches": 1, "covered_branches": 1, "missing_branches": 1}, "missing_lines": [64, 79, 85], "excluded_lines": [15, 16], "executed_branches": [[63, 65]], "missing_branches": [[63, 64]], "functions": {"ToolkitExtensionProtocol.on_load": {"executed_lines": [], "summary": {"covered_lines": 0, "num_statements": 0, "percent_covered": 100.0, "percent_covered_display": "100", "missing_lines": 0, "excluded_lines": 0, "num_branches": 0, "num_partial_branches": 0, "covered_branches": 0, "missing_branches": 0}, "missing_lines": [], "excluded_lines": [], "executed_branches": [], "missing_branches": []}, "ToolkitExtensionProtocol.register_cli": {"executed_lines": [], "summary": {"covered_lines": 0, "num_statements": 0, "percent_covered": 100.0, "percent_covered_display": "100", "missing_lines": 0, "excluded_lines": 0, "num_branches": 0, "num_partial_branches": 0, "covered_branches": 0, "missing_branches": 0}, "missing_lines": [], "excluded_lines": [], "executed_branches": [], "missing_branches": []}, "ToolkitExtensionProtocol.after_service_ready": {"executed_lines": [], "summary": {"covered_lines": 0, "num_statements": 0, "percent_covered": 100.0, "percent_covered_display": "100", "missing_lines": 0, "excluded_lines": 0, "num_branches": 0, "num_partial_branches": 0, "covered_branches": 0, "missing_branches": 0}, "missing_lines": [], "excluded_lines": [], "executed_branches": [], "missing_branches": []}, "ToolkitExtension.__init__": {"executed_lines": [57], "summary": {"covered_lines": 1, "num_statements": 1, "percent_covered": 100.0, "percent_covered_display": "100", "missing_lines": 0, "excluded_lines": 0, "num_branches": 0, "num_partial_branches": 0, "covered_branches": 0, "missing_branches": 0}, "missing_lines": [], "excluded_lines": [], "executed_branches": [], "missing_branches": []}, "ToolkitExtension.context": {"executed_lines": [63, 65], "summary": {"covered_lines": 2, "num_statements": 3, "percent_covered": 60.0, "percent_covered_display": "60", "missing_lines": 1, "excluded_lines": 0, "num_branches": 2, "num_partial_branches": 1, "covered_branches": 1, "missing_branches": 1}, "missing_lines": [64], "excluded_lines": [], "executed_branches": [[63, 65]], "missing_branches": [[63, 64]]}, "ToolkitExtension.on_load": {"executed_lines": [68, 69], "summary": {"covered_lines": 2, "num_statements": 2, "percent_covered": 100.0, "percent_covered_display": "100", "missing_lines": 0, "excluded_lines": 0, "num_branches": 0, "num_partial_branches": 0, "covered_branches": 0, "missing_branches": 0}, "missing_lines": [], "excluded_lines": [], "executed_branches": [], "missing_branches": []}, "ToolkitExtension.register_cli": {"executed_lines": [], "summary": {"covered_lines": 0, "num_statements": 1, "percent_covered": 0.0, "percent_covered_display": "0", "missing_lines": 1, "excluded_lines": 0, "num_branches": 0, "num_partial_branches": 0, "covered_branches": 0, "missing_branches": 0}, "missing_lines": [79], "excluded_lines": [], "executed_branches": [], "missing_branches": []}, "ToolkitExtension.after_service_ready": {"executed_lines": [], "summary": {"covered_lines": 0, "num_statements": 1, "percent_covered": 0.0, "percent_covered_display": "0", "missing_lines": 1, "excluded_lines": 0, "num_branches": 0, "num_partial_branches": 0, "covered_branches": 0, "missing_branches": 0}, "missing_lines": [85], "excluded_lines": [], "executed_branches": [], "missing_branches": []}, "": {"executed_lines": [1, 3, 5, 6, 7, 8, 10, 11, 12, 13, 15, 19, 20, 21, 23, 24, 25, 26, 27, 30, 31, 33, 34, 36, 39, 46, 50, 51, 53, 54, 56, 59, 60, 67, 74, 84, 91], "summary": {"covered_lines": 32, "num_statements": 32, "percent_covered": 100.0, "percent_covered_display": "100", "missing_lines": 0, "excluded_lines": 2, "num_branches": 0, "num_partial_branches": 0, "covered_branches": 0, "missing_branches": 0}, "missing_lines": [], "excluded_lines": [15, 16], "executed_branches": [], "missing_branches": []}}, "classes": {"ExtensionContext": {"executed_lines": [], "summary": {"covered_lines": 0, "num_statements": 0, "percent_covered": 100.0, "percent_covered_display": "100", "missing_lines": 0, "excluded_lines": 0, "num_branches": 0, "num_partial_branches": 0, "covered_branches": 0, "missing_branches": 0}, "missing_lines": [], "excluded_lines": [], "executed_branches": [], "missing_branches": []}, "ToolkitExtensionProtocol": {"executed_lines": [], "summary": {"covered_lines": 0, "num_statements": 0, "percent_covered": 100.0, "percent_covered_display": "100", "missing_lines": 0, "excluded_lines": 0, "num_branches": 0, "num_partial_branches": 0, "covered_branches": 0, "missing_branches": 0}, "missing_lines": [], "excluded_lines": [], "executed_branches": [], "missing_branches": []}, "ToolkitExtension": {"executed_lines": [57, 63, 65, 68, 69], "summary": {"covered_lines": 5, "num_statements": 8, "percent_covered": 60.0, "percent_covered_display": "60", "missing_lines": 3, "excluded_lines": 0, "num_branches": 2, "num_partial_branches": 1, "covered_branches": 1, "missing_branches": 1}, "missing_lines": [64, 79, 85], "excluded_lines": [], "executed_branches": [[63, 65]], "missing_branches": [[63, 64]]}, "": {"executed_lines": [1, 3, 5, 6, 7, 8, 10, 11, 12, 13, 15, 19, 20, 21, 23, 24, 25, 26, 27, 30, 31, 33, 34, 36, 39, 46, 50, 51, 53, 54, 56, 59, 60, 67, 74, 84, 91], "summary": {"covered_lines": 32, "num_statements": 32, "percent_covered": 100.0, "percent_covered_display": "100", "missing_lines": 0, "excluded_lines": 2, "num_branches": 0, "num_partial_branches": 0, "covered_branches": 0, "missing_branches": 0}, "missing_lines": [], "excluded_lines": [15, 16], "executed_branches": [], "missing_branches": []}}}, "zscripts/extensions/examples/__init__.py": {"executed_lines": [1, 3, 5], "summary": {"covered_lines": 2, "num_statements": 2, "percent_covered": 100.0, "percent_covered_display": "100", "missing_lines": 0, "excluded_lines": 0, "num_branches": 0, "num_partial_branches": 0, "covered_branches": 0, "missing_branches": 0}, "missing_lines": [], "excluded_lines": [], "executed_branches": [], "missing_branches": [], "functions": {"": {"executed_lines": [1, 3, 5], "summary": {"covered_lines": 2, "num_statements": 2, "percent_covered": 100.0, "percent_covered_display": "100", "missing_lines": 0, "excluded_lines": 0, "num_branches": 0, "num_partial_branches": 0, "covered_branches": 0, "missing_branches": 0}, "missing_lines": [], "excluded_lines": [], "executed_branches": [], "missing_branches": []}}, "classes": {"": {"executed_lines": [1, 3, 5], "summary": {"covered_lines": 2, "num_statements": 2, "percent_covered": 100.0, "percent_covered_display": "100", "missing_lines": 0, "excluded_lines": 0, "num_branches": 0, "num_partial_branches": 0, "covered_branches": 0, "missing_branches": 0}, "missing_lines": [], "excluded_lines": [], "executed_branches": [], "missing_branches": []}}}, "zscripts/extensions/examples/plugin_echo.py": {"executed_lines": [1, 3, 5, 6, 8, 11, 12, 14, 15, 17, 22, 26, 27, 28, 30, 31, 32, 36, 40, 43, 46], "summary": {"covered_lines": 19, "num_statements": 19, "percent_covered": 100.0, "percent_covered_display": "100", "missing_lines": 0, "excluded_lines": 0, "num_branches": 0, "num_partial_branches": 0, "covered_branches": 0, "missing_branches": 0}, "missing_lines": [], "excluded_lines": [], "executed_branches": [], "missing_branches": [], "functions": {"EchoExtension.register_cli": {"executed_lines": [22, 26, 27, 28], "summary": {"covered_lines": 4, "num_statements": 4, "percent_covered": 100.0, "percent_covered_display": "100", "missing_lines": 0, "excluded_lines": 0, "num_branches": 0, "num_partial_branches": 0, "covered_branches": 0, "missing_branches": 0}, "missing_lines": [], "excluded_lines": [], "executed_branches": [], "missing_branches": []}, "EchoExtension.handle_cli": {"executed_lines": [31, 32, 36, 40], "summary": {"covered_lines": 4, "num_statements": 4, "percent_covered": 100.0, "percent_covered_display": "100", "missing_lines": 0, "excluded_lines": 0, "num_branches": 0, "num_partial_branches": 0, "covered_branches": 0, "missing_branches": 0}, "missing_lines": [], "excluded_lines": [], "executed_branches": [], "missing_branches": []}, "get_extension": {"executed_lines": [46], "summary": {"covered_lines": 1, "num_statements": 1, "percent_covered": 100.0, "percent_covered_display": "100", "missing_lines": 0, "excluded_lines": 0, "num_branches": 0, "num_partial_branches": 0, "covered_branches": 0, "missing_branches": 0}, "missing_lines": [], "excluded_lines": [], "executed_branches": [], "missing_branches": []}, "": {"executed_lines": [1, 3, 5, 6, 8, 11, 12, 14, 15, 17, 30, 43], "summary": {"covered_lines": 10, "num_statements": 10, "percent_covered": 100.0, "percent_covered_display": "100", "missing_lines": 0, "excluded_lines": 0, "num_branches": 0, "num_partial_branches": 0, "covered_branches": 0, "missing_branches": 0}, "missing_lines": [], "excluded_lines": [], "executed_branches": [], "missing_branches": []}}, "classes": {"EchoExtension": {"executed_lines": [22, 26, 27, 28, 31, 32, 36, 40], "summary": {"covered_lines": 8, "num_statements": 8, "percent_covered": 100.0, "percent_covered_display": "100", "missing_lines": 0, "excluded_lines": 0, "num_branches": 0, "num_partial_branches": 0, "covered_branches": 0, "missing_branches": 0}, "missing_lines": [], "excluded_lines": [], "executed_branches": [], "missing_branches": []}, "": {"executed_lines": [1, 3, 5, 6, 8, 11, 12, 14, 15, 17, 30, 43, 46], "summary": {"covered_lines": 11, "num_statements": 11, "percent_covered": 100.0, "percent_covered_display": "100", "missing_lines": 0, "excluded_lines": 0, "num_branches": 0, "num_partial_branches": 0, "covered_branches": 0, "missing_branches": 0}, "missing_lines": [], "excluded_lines": [], "executed_branches": [], "missing_branches": []}}}, "zscripts/extensions/registry.py": {"executed_lines": [1, 3, 5, 6, 7, 8, 10, 11, 14, 15, 18, 25, 26, 27, 28, 29, 33, 34, 35, 36, 37, 38, 39, 40, 41, 42, 43, 47, 50, 53, 54, 55, 59, 62], "summary": {"covered_lines": 28, "num_statements": 30, "percent_covered": 91.66666666666667, "percent_covered_display": "92", "missing_lines": 2, "excluded_lines": 4, "num_branches": 6, "num_partial_branches": 1, "covered_branches": 5, "missing_branches": 1}, "missing_lines": [44, 45], "excluded_lines": [35, 36, 37, 38], "executed_branches": [[28, 29], [28, 55], [40, 41], [40, 43], [43, 47]], "missing_branches": [[4
[...]
xcluded_lines": [], "executed_branches": [[152, 153], [152, 155]], "missing_branches": []}, "MetricsRegistry.histogram": {"executed_lines": [160, 161, 162, 163, 164, 169, 170], "summary": {"covered_lines": 7, "num_statements": 7, "percent_covered": 100.0, "percent_covered_display": "100", "missing_lines": 0, "excluded_lines": 0, "num_branches": 2, "num_partial_branches": 0, "covered_branches": 2, "missing_branches": 0}, "missing_lines": [], "excluded_lines": [], "executed_branches": [[163, 164], [163, 170]], "missing_branches": []}, "MetricsRegistry.gauge": {"executed_lines": [173, 174, 175, 176, 177, 178], "summary": {"covered_lines": 6, "num_statements": 6, "percent_covered": 100.0, "percent_covered_display": "100", "missing_lines": 0, "excluded_lines": 0, "num_branches": 2, "num_partial_branches": 0, "covered_branches": 2, "missing_branches": 0}, "missing_lines": [], "excluded_lines": [], "executed_branches": [[175, 176], [175, 178]], "missing_branches": []}, "MetricsRegistry.collect_prometheus": {"executed_lines": [181, 182, 183, 184, 185, 186, 187, 188, 189, 190, 191, 192, 193, 194, 195, 196, 197, 198, 199, 200, 201, 202, 206, 207, 210, 213, 216], "summary": {"covered_lines": 27, "num_statements": 27, "percent_covered": 100.0, "percent_covered_display": "100", "missing_lines": 0, "excluded_lines": 0, "num_branches": 14, "num_partial_branches": 0, "covered_branches": 14, "missing_branches": 0}, "missing_lines": [], "excluded_lines": [], "executed_branches": [[186, 187], [186, 191], [189, 186], [189, 190], [191, 192], [191, 196], [194, 191], [194, 195], [196, 197], [196, 216], [199, 196], [199, 200], [200, 201], [200, 206]], "missing_branches": []}, "": {"executed_lines": [1, 3, 5, 6, 7, 8, 10, 13, 20, 24, 33, 34, 35, 37, 38, 39, 40, 42, 49, 54, 55, 56, 58, 59, 60, 61, 63, 68, 73, 78, 83, 84, 85, 86, 87, 88, 91, 92, 93, 95, 96, 97, 98, 99, 101, 122, 127, 140, 141, 143, 149, 157, 172, 180, 219, 220, 223], "summary": {"covered_lines": 52, "num_statements": 52, "percent_covered": 100.0, "percent_covered_display": "100", "missing_lines": 0, "excluded_lines": 0, "num_branches": 0, "num_partial_branches": 0, "covered_branches": 0, "missing_branches": 0}, "missing_lines": [], "excluded_lines": [], "executed_branches": [], "missing_branches": []}}, "classes": {"CounterMetric": {"executed_lines": [43, 45, 46, 47, 50, 51], "summary": {"covered_lines": 6, "num_statements": 7, "percent_covered": 77.77777777777777, "percent_covered_display": "78", "missing_lines": 1, "excluded_lines": 0, "num_branches": 2, "num_partial_branches": 1, "covered_branches": 1, "missing_branches": 1}, "missing_lines": [44], "excluded_lines": [], "executed_branches": [[43, 45]], "missing_branches": [[43, 44]]}, "GaugeMetric": {"executed_lines": [64, 65, 66, 69, 70, 71, 74, 75, 76, 79, 80], "summary": {"covered_lines": 11, "num_statements": 11, "percent_covered": 100.0, "percent_covered_display": "100", "missing_lines": 0, "excluded_lines": 0, "num_branches": 0, "num_partial_branches": 0, "covered_branches": 0, "missing_branches": 0}, "missing_lines": [], "excluded_lines": [], "executed_branches": [], "missing_branches": []}, "_HistogramSeries": {"executed_lines": [], "summary": {"covered_lines": 0, "num_statements": 0, "percent_covered": 100.0, "percent_covered_display": "100", "missing_lines": 0, "excluded_lines": 0, "num_branches": 0, "num_partial_branches": 0, "covered_branches": 0, "missing_branches": 0}, "missing_lines": [], "excluded_lines": [], "executed_branches": [], "missing_branches": []}, "HistogramMetric": {"executed_lines": [102, 103, 104, 105, 106, 110, 111, 112, 113, 114, 115, 116, 117, 118, 119, 120, 123, 124], "summary": {"covered_lines": 18, "num_statements": 18, "percent_covered": 100.0, "percent_covered_display": "100", "missing_lines": 0, "excluded_lines": 0, "num_branches": 8, "num_partial_branches": 0, "covered_branches": 8, "missing_branches": 0}, "missing_lines": [], "excluded_lines": [], "executed_branches": [[105, 106], [105, 111], [112, 113], [112, 115], [113, 112], [113, 114], [118, -101], [118, 119]], "missing_branches": []}, "MetricsRegistry": {"executed_lines": [144, 145, 146, 147, 150, 151, 152, 153, 154, 155, 160, 161, 162, 163, 164, 169, 170, 173, 174, 175, 176, 177, 178, 181, 182, 183, 184, 185, 186, 187, 188, 189, 190, 191, 192, 193, 194, 195, 196, 197, 198, 199, 200, 201, 202, 206, 207, 210, 213, 216], "summary": {"covered_lines": 50, "num_statements": 50, "percent_covered": 100.0, "percent_covered_display": "100", "missing_lines": 0, "excluded_lines": 0, "num_branches": 20, "num_partial_branches": 0, "covered_branches": 20, "missing_branches": 0}, "missing_lines": [], "excluded_lines": [], "executed_branches": [[152, 153], [152, 155], [163, 164], [163, 170], [175, 176], [175, 178], [186, 187], [186, 191], [189, 186], [189, 190], [191, 192], [191, 196], [194, 191], [194, 195], [196, 197], [196, 216], [199, 196], [199, 200], [200, 201], [200, 206]], "missing_branches": []}, "": {"executed_lines": [1, 3, 5, 6, 7, 8, 10, 13, 14, 15, 16, 17, 20, 21, 24, 25, 26, 27, 30, 33, 34, 35, 37, 38, 39, 40, 42, 49, 54, 55, 56, 58, 59, 60, 61, 63, 68, 73, 78, 83, 84, 85, 86, 87, 88, 91, 92, 93, 95, 96, 97, 98, 99, 101, 122, 127, 140, 141, 143, 149, 157, 172, 180, 219, 220, 223], "summary": {"covered_lines": 61, "num_statements": 61, "percent_covered": 100.0, "percent_covered_display": "100", "missing_lines": 0, "excluded_lines": 0, "num_branches": 4, "num_partial_branches": 0, "covered_branches": 4, "missing_branches": 0}, "missing_lines": [], "excluded_lines": [], "executed_branches": [[14, 15], [14, 16], [25, 26], [25, 27]], "missing_branches": []}}}, "zscripts/observability/telemetry.py": {"executed_lines": [1, 3, 5, 6, 7, 9, 10, 11, 12, 13, 14, 17, 18, 19, 21, 22, 23, 24, 25, 28, 29, 31, 37, 38, 39, 40, 41, 46, 49, 50, 51, 52, 53, 58, 61, 62, 64, 65, 68, 69, 70, 72, 73, 74, 76, 79, 81, 82, 83, 84, 86, 87, 88, 89, 90, 91, 92, 93, 94, 95, 119], "summary": {"covered_lines": 58, "num_statements": 58, "percent_covered": 95.45454545454545, "percent_covered_display": "95", "missing_lines": 0, "excluded_lines": 0, "num_branches": 8, "num_partial_branches": 3, "covered_branches": 5, "missing_branches": 3}, "missing_lines": [], "excluded_lines": [], "executed_branches": [[50, 51], [51, 52], [61, 62], [82, -81], [82, 83]], "missing_branches": [[50, -46], [51, -46], [61, -58]], "functions": {"TelemetryManager.__init__": {"executed_lines": [37, 38, 39, 40, 41], "summary": {"covered_lines": 5, "num_statements": 5, "percent_covered": 100.0, "percent_covered_display": "100", "missing_lines": 0, "excluded_lines": 0, "num_branches": 0, "num_partial_branches": 0, "covered_branches": 0, "missing_branches": 0}, "missing_lines": [], "excluded_lines": [], "executed_branches": [], "missing_branches": []}, "TelemetryManager.start": {"executed_lines": [49, 50, 51, 52, 53], "summary": {"covered_lines": 5, "num_statements": 5, "percent_covered": 77.77777777777777, "percent_covered_display": "78", "missing_lines": 0, "excluded_lines": 0, "num_branches": 4, "num_partial_branches": 2, "covered_branches": 2, "missing_branches": 2}, "missing_lines": [], "excluded_lines": [], "executed_branches": [[50, 51], [51, 52]], "missing_branches": [[50, -46], [51, -46]]}, "TelemetryManager.stop": {"executed_lines": [61, 62], "summary": {"covered_lines": 2, "num_statements": 2, "percent_covered": 75.0, "percent_covered_display": "75", "missing_lines": 0, "excluded_lines": 0, "num_branches": 2, "num_partial_branches": 1, "covered_branches": 1, "missing_branches": 1}, "missing_lines": [], "excluded_lines": [], "executed_branches": [[61, 62]], "missing_branches": [[61, -58]]}, "TelemetryManager.span": {"executed_lines": [68, 69, 70], "summary": {"covered_lines": 3, "num_statements": 3, "percent_covered": 100.0, "percent_covered_display": "100", "missing_lines": 0, "excluded_lines": 0, "num_branches": 0, "num_partial_branches": 0, "covered_branches": 0, "missing_branches": 0}, "missing_lines": [], "excluded_lines": [], "executed_branches": [], "missing_branches": []}, "TelemetryManager.health_server": {"executed_lines": [74], "summary": {"covered_lines": 1, "num_statements": 1, "percent_covered": 100.0, "percent_covered_display": "100", "missing_lines": 0, "excluded_lines": 0, "num_branches": 0, "num_partial_branches": 0, "covered_branches": 0, "missing_branches": 0}, "missing_lines": [], "excluded_lines": [], "executed_branches": [], "missing_branches": []}, "TelemetryManager.create_instrumentation": {"executed_lines": [79], "summary": {"covered_lines": 1, "num_statements": 1, "percent_covered": 100.0, "percent_covered_display": "100", "missing_lines": 0, "excluded_lines": 0, "num_branches": 0, "num_partial_branches": 0, "covered_branches": 0, "missing_branches": 0}, "missing_lines": [], "excluded_lines": [], "executed_branches": [], "missing_branches": []}, "TelemetryManager._configure_logging": {"executed_lines": [82, 83, 84], "summary": {"covered_lines": 3, "num_statements": 3, "percent_covered": 100.0, "percent_covered_display": "100", "missing_lines": 0, "excluded_lines": 0, "num_branches": 2, "num_partial_branches": 0, "covered_branches": 2, "missing_branches": 0}, "missing_lines": [], "excluded_lines": [], "executed_branches": [[82, -81], [82, 83]], "missing_branches": []}, "TelemetryManager._status_payload": {"executed_lines": [87, 88, 89, 90, 91, 92, 93, 94, 95], "summary": {"covered_lines": 9, "num_statements": 9, "percent_covered": 100.0, "percent_covered_display": "100", "missing_lines": 0, "excluded_lines": 0, "num_branches": 0, "num_partial_branches": 0, "covered_branches": 0, "missing_branches": 0}, "missing_lines": [], "excluded_lines": [], "executed_branches": [], "missing_branches": []}, "": {"executed_lines": [1, 3, 5, 6, 7, 9, 10, 11, 12, 13, 14, 17, 18, 19, 21, 22, 23, 24, 25, 28, 29, 31, 46, 58, 64, 65, 72, 73, 76, 81, 86, 119], "summary": {"covered_lines": 29, "num_statements": 29, "percent_covered": 100.0, "percent_covered_display": "100", "missing_lines": 0, "excluded_lines": 0, "num_branches": 0, "num_partial_branches": 0, "covered_branches": 0, "missing_branches": 0}, "missing_lines": [], "excluded_lines": [], "executed_branches": [], "missing_branches": []}}, "classes": {"TelemetrySettings": {"executed_lines": [], "summary": {"covered_lines": 0, "num_statements": 0, "percent_covered": 100.0, "percent_covered_display": "100", "missing_lines": 0, "excluded_lines": 0, "num_branches": 0, "num_partial_branches": 0, "covered_branches": 0, "missing_branches": 0}, "missing_lines": [], "excluded_lines": [], "executed_branches": [], "missing_branches": []}, "TelemetryManager": {"executed_lines": [37, 38, 39, 40, 41, 49, 50, 51, 52, 53, 61, 62, 68, 69, 70, 74, 79, 82, 83, 84, 87, 88, 89, 90, 91, 92, 93, 94, 95], "summary": {"covered_lines": 29, "num_statements": 29, "percent_covered": 91.89189189189189, "percent_covered_display": "92", "missing_lines": 0, "excluded_lines": 0, "num_branches": 8, "num_partial_branches": 3, "covered_branches": 5, "missing_branches": 3}, "missing_lines": [], "excluded_lines": [], "executed_branches": [[50, 51], [51, 52], [61, 62], [82, -81], [82, 83]], "missing_branches": [[50, -46], [51, -46], [61, -58]]}, "": {"executed_lines": [1, 3, 5, 6, 7, 9, 10, 11, 12, 13, 14, 17, 18, 19, 21, 22, 23, 24, 25, 28, 29, 31, 46, 58, 64, 65, 72, 73, 76, 81, 86, 119], "summary": {"covered_lines": 29, "num_statements": 29, "percent_covered": 100.0, "percent_covered_display": "100", "missing_lines": 0, "excluded_lines": 0, "num_branches": 0, "num_partial_branches": 0, "covered_branches": 0, "missing_branches": 0}, "missing_lines": [], "excluded_lines": [], "executed_branches": [], "missing_branches": []}}}, "zscripts/observability/tracing.py": {"executed_lines": [1, 3, 5, 6, 7, 8, 9, 10, 12, 13, 15, 16, 19, 20, 21, 23, 24, 25, 26, 27, 28, 29, 30, 33, 34, 42, 43, 44, 45, 46, 47, 48, 49, 50, 51, 52, 53, 54, 55, 56, 64, 68, 69, 70, 71, 72, 73, 82, 84, 85, 86, 87, 88, 92, 96, 107, 108, 109, 112], "summary": {"covered_lines": 57, "num_statements": 57, "percent_covered": 100.0, "percent_covered_display": "100", "missing_lines": 0, "excluded_lines": 0, "num_branches": 4, "num_partial_branches": 0, "covered_branches": 4, "missing_branches": 0}, "missing_lines": [], "excluded_lines": [], "executed_branches": [[45, 46], [45, 48], [108, -33], [108, 109]], "missing_branches": [], "functions": {"start_span": {"executed_lines": [42, 43, 44, 45, 46, 47, 48, 49, 50, 51, 52, 53, 54, 55, 56, 64, 68, 69, 70, 71, 72, 73, 82, 84, 85, 86, 87, 88, 92, 96, 107, 108, 109], "summary": {"covered_lines": 33, "num_statements": 33, "percent_covered": 100.0, "percent_covered_display": "100", "missing_lines": 0, "excluded_lines": 0, "num_branches": 4, "num_partial_branches": 0, "covered_branches": 4, "missing_branches": 0}, "missing_lines": [], "excluded_lines": [], "executed_branches": [[45, 46], [45, 48], [108, -33], [108, 109]], "missing_branches": []}, "": {"executed_lines": [1, 3, 5, 6, 7, 8, 9, 10, 12, 13, 15, 16, 19, 20, 21, 23, 24, 25, 26, 27, 28, 29, 30, 33, 34, 112], "summary": {"covered_lines": 24, "num_statements": 24, "percent_covered": 100.0, "percent_covered_display": "100", "missing_lines": 0, "excluded_lines": 0, "num_branches": 0, "num_partial_branches": 0, "covered_branches": 0, "missing_branches": 0}, "missing_lines": [], "excluded_lines": [], "executed_branches": [], "missing_branches": []}}, "classes": {"Span": {"executed_lines": [], "summary": {"covered_lines": 0, "num_statements": 0, "percent_covered": 100.0, "percent_covered_display": "100", "missing_lines": 0, "excluded_lines": 0, "num_branches": 0, "num_partial_branches": 0, "covered_branches": 0, "missing_branches": 0}, "missing_lines": [], "excluded_lines": [], "executed_branches": [], "missing_branches": []}, "": {"executed_lines": [1, 3, 5, 6, 7, 8, 9, 10, 12, 13, 15, 16, 19, 20, 21, 23, 24, 25, 26, 27, 28, 29, 30, 33, 34, 42, 43, 44, 45, 46, 47, 48, 49, 50, 51, 52, 53, 54, 55, 56, 64, 68, 69, 70, 71, 72, 73, 82, 84, 85, 86, 87, 88, 92, 96, 107, 108, 109, 112], "summary": {"covered_lines": 57, "num_statements": 57, "percent_covered": 100.0, "percent_covered_display": "100", "missing_lines": 0, "excluded_lines": 0, "num_branches": 4, "num_partial_branches": 0, "covered_branches": 4, "missing_branches": 0}, "missing_lines": [], "excluded_lines": [], "executed_branches": [[45, 46], [45, 48], [108, -33], [108, 109]], "missing_branches": []}}}, "zscripts/schemas/__init__.py": {"executed_lines": [1, 3, 5, 6, 7, 9, 12, 19, 20, 21, 24], "summary": {"covered_lines": 10, "num_statements": 10, "percent_covered": 100.0, "percent_covered_display": "100", "missing_lines": 0, "excluded_lines": 0, "num_branches": 0, "num_partial_branches": 0, "covered_branches": 0, "missing_branches": 0}, "missing_lines": [], "excluded_lines": [], "executed_branches": [], "missing_branches": [], "functions": {"load_normalized_schema": {"executed_lines": [19, 20, 21], "summary": {"covered_lines": 3, "num_statements": 3, "percent_covered": 100.0, "percent_covered_display": "100", "missing_lines": 0, "excluded_lines": 0, "num_branches": 0, "num_partial_branches": 0, "covered_branches": 0, "missing_branches": 0}, "missing_lines": [], "excluded_lines": [], "executed_branches": [], "missing_branches": []}, "": {"executed_lines": [1, 3, 5, 6, 7, 9, 12, 24], "summary": {"covered_lines": 7, "num_statements": 7, "percent_covered": 100.0, "percent_covered_display": "100", "missing_lines": 0, "excluded_lines": 0, "num_branches": 0, "num_partial_branches": 0, "covered_branches": 0, "missing_branches": 0}, "missing_lines": [], "excluded_lines": [], "executed_branches": [], "missing_branches": []}}, "classes": {"": {"executed_lines": [1, 3, 5, 6, 7, 9, 12, 19, 20, 21, 24], "summary": {"covered_lines": 10, "num_statements": 10, "percent_covered": 100.0, "percent_covered_display": "100", "missing_lines": 0, "excluded_lines": 0, "num_branches": 0, "num_partial_branches": 0, "covered_branches": 0, "missing_branches": 0}, "missing_lines": [], "excluded_lines": [], "executed_branches": [], "missing_branches": []}}}, "zscripts/schemas/normalized.py": {"executed_lines": [1, 3, 5, 6, 7, 10, 11, 12, 22, 23, 24, 25, 26, 29, 30, 31, 33, 34, 35, 36, 37, 40, 41, 42, 44, 45, 46, 47, 48, 49, 52, 53, 54, 56, 57, 58, 59, 60, 61, 62, 63, 64, 65, 66, 68, 71, 72, 73, 76], "summary": {"covered_lines": 44, "num_statements": 44, "percent_covered": 100.0, "percent_covered_display": "100", "missing_lines": 0, "excluded_lines": 0, "num_branches": 0, "num_partial_branches": 0, "covered_branches": 0, "missing_branches": 0}, "missing_lines": [], "excluded_lines": [], "executed_branches": [], "missing_branches": [], "functions": {"NormalizedLog.to_dict": {"executed_lines": [71, 72, 73], "summary": {"covered_lines": 3, "num_statements": 3, "percent_covered": 100.0, "percent_covered_display": "100", "missing_lines": 0, "excluded_lines": 0, "num_branches": 0, "num_partial_branches": 0, "covered_branches": 0, "missing_branches": 0}, "missing_lines": [], "excluded_lines": [], "executed_branches": [], "missing_branches": []}, "": {"executed_lines": [1, 3, 5, 6, 7, 10, 11, 12, 22, 23, 24, 25, 26, 29, 30, 31, 33, 34, 35, 36, 37, 40, 41, 42, 44, 45, 46, 47, 48, 49, 52, 53, 54, 56, 57, 58, 59, 60, 61, 62, 63, 64, 65, 66, 68, 76], "summary": {"covered_lines": 41, "num_statements": 41, "percent_covered": 100.0, "percent_covered_display": "100", "missing_lines": 0, "excluded_lines": 0, "num_branches": 0, "num_partial_branches": 0, "covered_branches": 0, "missing_branches": 0}, "missing_lines": [], "excluded_lines": [], "executed_branches": [], "missing_branches": []}}, "classes": {"LogIssue": {"executed_lines": [], "summary": {"covered_lines": 0, "num_statements": 0, "percent_covered": 100.0, "percent_covered_display": "100", "missing_lines": 0, "excluded_lines": 0, "num_branches": 0, "num_partial_branches": 0, "covered_branches": 0, "missing_branches": 0}, "missing_lines": [], "excluded_lines": [], "executed_branches": [], "missing_branches": []}, "TestCaseResult": {"executed_lines": [], "summary": {"covered_lines": 0, "num_statements": 0, "percent_covered": 100.0, "percent_covered_display": "100", "missing_lines": 0, "excluded_lines": 0, "num_branches": 0, "num_partial_branches": 0, "covered_branches": 0, "missing_branches": 0}, "missing_lines": [], "excluded_lines": [], "executed_branches": [], "missing_branches": []}, "TestSummary": {"executed_lines": [], "summary": {"covered_lines": 0, "num_statements": 0, "percent_covered": 100.0, "percent_covered_display": "100", "missing_lines": 0, "excluded_lines": 0, "num_branches": 0, "num_partial_branches": 0, "covered_branches": 0, "missing_branches": 0}, "missing_lines": [], "excluded_lines": [], "executed_branches": [], "missing_branches": []}, "NormalizedLog": {"executed_lines": [71, 72, 73], "summary": {"covered_lines": 3, "num_statements": 3, "percent_covered": 100.0, "percent_covered_display": "100", "missing_lines": 0, "excluded_lines": 0, "num_branches": 0, "num_partial_branches": 0, "covered_branches": 0, "missing_branches": 0}, "missing_lines": [], "excluded_lines": [], "executed_branches": [], "missing_branches": []}, "": {"executed_lines": [1, 3, 5, 6, 7, 10, 11, 12, 22, 23, 24, 25, 26, 29, 30, 31, 33, 34, 35, 36, 37, 40, 41, 42, 44, 45, 46, 47, 48, 49, 52, 53, 54, 56, 57, 58, 59, 60, 61, 62, 63, 64, 65, 66, 68, 76], "summary": {"covered_lines": 41, "num_statements": 41, "percent_covered": 100.0, "percent_covered_display": "100", "missing_lines": 0, "excluded_lines": 0, "num_branches": 0, "num_partial_branches": 0, "covered_branches": 0, "missing_branches": 0}, "missing_lines": [], "excluded_lines": [], "executed_branches": [], "missing_branches": []}}}}, "totals": {"covered_lines": 1486, "num_statements": 1609, "percent_covered": 89.66751918158567, "percent_covered_display": "90", "missing_lines": 123, "excluded_lines": 18, "num_branches": 346, "num_partial_branches": 61, "covered_branches": 267, "missing_branches": 79}}