{"meta": {"format": 3, "version": "7.11.0", "timestamp": "2025-10-26T18:58:50.331696", "branch_coverage": true, "show_contexts": false}, "files": {"zscripts/__init__.py": {"executed_lines": [1, 8, 10, 12, 15, 24, 25, 26, 27, 30, 38, 41], "summary": {"covered_lines": 11, "num_statements": 11, "percent_covered": 100.0, "percent_covered_display": "100", "missing_lines": 0, "excluded_lines": 0, "num_branches": 0, "num_partial_branches": 0, "covered_branches": 0, "missing_branches": 0}, "missing_lines": [], "excluded_lines": [], "executed_branches": [], "missing_branches": [], "functions": {"get_version": {"executed_lines": [24, 25, 26, 27], "summary": {"covered_lines": 4, "num_statements": 4, "percent_covered": 100.0, "percent_covered_display": "100", "missing_lines": 0, "excluded_lines": 0, "num_branches": 0, "num_partial_branches": 0, "covered_branches": 0, "missing_branches": 0}, "missing_lines": [], "excluded_lines": [], "executed_branches": [], "missing_branches": []}, "get_default_config": {"executed_lines": [38], "summary": {"covered_lines": 1, "num_statements": 1, "percent_covered": 100.0, "percent_covered_display": "100", "missing_lines": 0, "excluded_lines": 0, "num_branches": 0, "num_partial_branches": 0, "covered_branches": 0, "missing_branches": 0}, "missing_lines": [], "excluded_lines": [], "executed_branches": [], "missing_branches": []}, "": {"executed_lines": [1, 8, 10, 12, 15, 30, 41], "summary": {"covered_lines": 6, "num_statements": 6, "percent_covered": 100.0, "percent_covered_display": "100", "missing_lines": 0, "excluded_lines": 0, "num_branches": 0, "num_partial_branches": 0, "covered_branches": 0, "missing_branches": 0}, "missing_lines": [], "excluded_lines": [], "executed_branches": [], "missing_branches": []}}, "classes": {"": {"executed_lines": [1, 8, 10, 12, 15, 24, 25, 26, 27, 30, 38, 41], "summary": {"covered_lines": 11, "num_statements": 11, "percent_covered": 100.0, "percent_covered_display": "100", "missing_lines": 0, "excluded_lines": 0, "num_branches": 0, "num_partial_branches": 0, "covered_branches": 0, "missing_branches": 0}, "missing_lines": [], "excluded_lines": [], "executed_branches": [], "missing_branches": []}}}, "zscripts/__main__.py": {"executed_lines": [1, 3, 5, 6], "summary": {"covered_lines": 3, "num_statements": 3, "percent_covered": 80.0, "percent_covered_display": "80", "missing_lines": 0, "excluded_lines": 0, "num_branches": 2, "num_partial_branches": 1, "covered_branches": 1, "missing_branches": 1}, "missing_lines": [], "excluded_lines": [], "executed_branches": [[5, 6]], "missing_branches": [[5, -1]], "functions": {"": {"executed_lines": [1, 3, 5, 6], "summary": {"covered_lines": 3, "num_statements": 3, "percent_covered": 80.0, "percent_covered_display": "80", "missing_lines": 0, "excluded_lines": 0, "num_branches": 2, "num_partial_branches": 1, "covered_branches": 1, "missing_branches": 1}, "missing_lines": [], "excluded_lines": [], "executed_branches": [[5, 6]], "missing_branches": [[5, -1]]}}, "classes": {"": {"executed_lines": [1, 3, 5, 6], "summary": {"covered_lines": 3, "num_statements": 3, "percent_covered": 80.0, "percent_covered_display": "80", "missing_lines": 0, "excluded_lines": 0, "num_branches": 2, "num_partial_branches": 1, "covered_branches": 1, "missing_branches": 1}, "missing_lines": [], "excluded_lines": [], "executed_branches": [[5, 6]], "missing_branches": [[5, -1]]}}}, "zscripts/application/__init__.py": {"executed_lines": [1, 3, 4, 6], "summary": {"covered_lines": 3, "num_statements": 3, "percent_covered": 100.0, "percent_covered_display": "100", "missing_lines": 0, "excluded_lines": 0, "num_branches": 0, "num_partial_branches": 0, "covered_branches": 0, "missing_branches": 0}, "missing_lines": [], "excluded_lines": [], "executed_branches": [], "missing_branches": [], "functions": {"": {"executed_lines": [1, 3, 4, 6], "summary": {"covered_lines": 3, "num_statements": 3, "percent_covered": 100.0, "percent_covered_display": "100", "missing_lines": 0, "excluded_lines": 0, "num_branches": 0, "num_partial_branches": 0, "covered_branches": 0, "missing_branches": 0}, "missing_lines": [], "excluded_lines": [], "executed_branches": [], "missing_branches": []}}, "classes": {"": {"executed_lines": [1, 3, 4, 6], "summary": {"covered_lines": 3, "num_statements": 3, "percent_covered": 100.0, "percent_covered_display": "100", "missing_lines": 0, "excluded_lines": 0, "num_branches": 0, "num_partial_branches": 0, "covered_branches": 0, "missing_branches": 0}, "missing_lines": [], "excluded_lines": [], "executed_branches": [], "missing_branches": []}}}, "zscripts/application/report_formatters.py": {"executed_lines": [1, 3, 5, 6, 7, 9, 10, 13, 14, 16, 20, 21, 24, 25, 26, 27, 28, 29, 30, 32, 33, 34, 37, 38, 40, 41, 42, 43, 44, 45, 46, 47, 48, 51, 52, 53, 54, 55, 56, 57, 58, 59, 60, 62, 63, 66, 69, 72, 75, 76, 86, 91, 96, 97, 98, 99, 100, 101, 102, 103, 104, 106, 107, 108, 109, 111, 116, 117, 118, 120, 122, 123, 124, 126, 128, 129, 130, 131, 133, 135, 145, 148, 154, 157, 158, 159, 160, 163], "summary": {"covered_lines": 85, "num_statements": 87, "percent_covered": 93.4959349593496, "percent_covered_display": "93", "missing_lines": 2, "excluded_lines": 4, "num_branches": 36, "num_partial_branches": 6, "covered_branches": 30, "missing_branches": 6}, "missing_lines": [31, 39], "excluded_lines": [16, 17, 18, 19], "executed_branches": [[26, 27], [28, 29], [30, 32], [38, 40], [41, 42], [41, 48], [43, 44], [45, 46], [45, 47], [52, 53], [52, 54], [55, 56], [55, 63], [57, 58], [57, 62], [97, 98], [97, 100], [100, 101], [100, 103], [103, 104], [103, 106], [108, 109], [108, 111], [116, 117], [123, 124], [123, 126], [129, 130], [129, 133], [158, 159], [158, 160]], "missing_branches": [[26, 33], [28, 30], [30, 31], [38, 39], [43, 45], [116, 118]], "functions": {"ReportFormatter.__call__": {"executed_lines": [], "summary": {"covered_lines": 0, "num_statements": 0, "percent_covered": 100.0, "percent_covered_display": "100", "missing_lines": 0, "excluded_lines": 1, "num_branches": 0, "num_partial_branches": 0, "covered_branches": 0, "missing_branches": 0}, "missing_lines": [], "excluded_lines": [17], "executed_branches": [], "missing_branches": []}, "_format_list": {"executed_lines": [21], "summary": {"covered_lines": 1, "num_statements": 1, "percent_covered": 100.0, "percent_covered_display": "100", "missing_lines": 0, "excluded_lines": 0, "num_branches": 0, "num_partial_branches": 0, "covered_branches": 0, "missing_branches": 0}, "missing_lines": [], "excluded_lines": [], "executed_branches": [], "missing_branches": []}, "_format_issue": {"executed_lines": [25, 26, 27, 28, 29, 30, 32, 33, 34], "summary": {"covered_lines": 9, "num_statements": 10, "percent_covered": 75.0, "percent_covered_display": "75", "missing_lines": 1, "excluded_lines": 0, "num_branches": 6, "num_partial_branches": 3, "covered_branches": 3, "missing_branches": 3}, "missing_lines": [31], "excluded_lines": [], "executed_branches": [[26, 27], [28, 29], [30, 32]], "missing_branches": [[26, 33], [28, 30], [30, 31]]}, "_format_cases": {"executed_lines": [38, 40, 41, 42, 43, 44, 45, 46, 47, 48], "summary": {"covered_lines": 10, "num_statements": 11, "percent_covered": 84.21052631578948, "percent_covered_display": "84", "missing_lines": 1, "excluded_lines": 0, "num_branches": 8, "num_partial_branches": 2, "covered_branches": 6, "missing_branches": 2}, "missing_lines": [39], "excluded_lines": [], "executed_branches": [[38, 40], [41, 42], [41, 48], [43, 44], [45, 46], [45, 47]], "missing_branches": [[38, 39], [43, 45]]}, "_format_guardrails": {"executed_lines": [52, 53, 54, 55, 56, 57, 58, 59, 60, 62, 63], "summary": {"covered_lines": 11, "num_statements": 11, "percent_covered": 100.0, "percent_covered_display": "100", "missing_lines": 0, "excluded_lines": 0, "num_branches": 6, "num_partial_branches": 0, "covered_branches": 6, "missing_branches": 0}, "missing_lines": [], "excluded_lines": [], "executed_branches": [[52, 53], [52, 54], [55, 56], [55, 63], [57, 58], [57, 62]], "missing_branches": []}, "format_report_json": {"executed_lines": [69], "summary": {"covered_lines": 1, "num_statements": 1, "percent_covered": 100.0, "percent_covered_display": "100", "missing_lines": 0, "excluded_lines": 0, "num_branches": 0, "num_partial_branches": 0, "covered_branches": 0, "missing_branches": 0}, "missing_lines": [], "excluded_lines": [], "executed_branches": [], "missing_branches": []}, "format_report_markdown": {"executed_lines": [75, 76, 86, 91, 96, 97, 98, 99, 100, 101, 102, 103, 104, 106, 107, 108, 109, 111, 116, 117, 118, 120, 122, 123, 124, 126, 128, 129, 130, 131, 133, 135, 145], "summary": {"covered_lines": 33, "num_statements": 33, "percent_covered": 97.87234042553192, "percent_covered_display": "98", "missing_lines": 0, "excluded_lines": 0, "num_branches": 14, "num_partial_branches": 1, "covered_branches": 13, "missing_branches": 1}, "missing_lines": [], "excluded_lines": [], "executed_branches": [[97, 98], [97, 100], [100, 101], [100, 103], [103, 104], [103, 106], [108, 109], [108, 111], [116, 117], [123, 124], [123, 126], [129, 130], [129, 133]], "missing_branches": [[116, 118]]}, "get_report_formatter": {"executed_lines": [157, 158, 159, 160], "summary": {"covered_lines": 4, "num_statements": 4, "percent_covered": 100.0, "percent_covered_display": "100", "missing_lines": 0, "excluded_lines": 0, "num_branches": 2, "num_partial_branches": 0, "covered_branches": 2, "missing_branches": 0}, "missing_lines": [], "excluded_lines": [], "executed_branches": [[158, 159], [158, 160]], "missing_branches": []}, "": {"executed_lines": [1, 3, 5, 6, 7, 9, 10, 13, 14, 16, 20, 24, 37, 51, 66, 72, 148, 154, 163], "summary": {"covered_lines": 16, "num_statements": 16, "percent_covered": 100.0, "percent_covered_display": "100", "missing_lines": 0, "excluded_lines": 3, "num_branches": 0, "num_partial_branches": 0, "covered_branches": 0, "missing_branches": 0}, "missing_lines": [], "excluded_lines": [16, 18, 19], "executed_branches": [], "missing_branches": []}}, "classes": {"ReportFormatter": {"executed_lines": [], "summary": {"covered_lines": 0, "num_statements": 0, "percent_covered": 100.0, "percent_covered_display": "100", "missing_lines": 0, "excluded_lines": 1, "num_branches": 0, "num_partial_branches": 0, "covered_branches": 0, "missing_branches": 0}, "missing_lines": [], "excluded_lines": [17], "executed_branches": [], "missing_branches": []}, "": {"executed_lines": [1, 3, 5, 6, 7, 9, 10, 13, 14, 16, 20, 21, 24, 25, 26, 27, 28, 29, 30, 32, 33, 34, 37, 38, 40, 41, 42, 43, 44, 45, 46, 47, 48, 51, 52, 53, 54, 55, 56, 57, 58, 59, 60, 62, 63, 66, 69, 72, 75, 76, 86, 91, 96, 97, 98, 99, 100, 101, 102, 103, 104, 106, 107, 108, 109, 111, 116, 117, 118, 120, 122, 123, 124, 126, 128, 129, 130, 131, 133, 135, 145, 148, 154, 157, 158, 159, 160, 163], "summary": {"covered_lines": 85, "num_statements": 87, "percent_covered": 93.4959349593496, "percent_covered_display": "93", "missing_lines": 2, "excluded_lines": 3, "num_branches": 36, "num_partial_branches": 6, "covered_branches": 30, "missing_branches": 6}, "missing_lines": [31, 39], "excluded_lines": [16, 18, 19], "executed_branches": [[26, 27], [28, 29], [30, 32], [38, 40], [41, 42], [41, 48], [43, 44], [45, 46], [45, 47], [52, 53], [52, 54], [55, 56], [55, 63], [57, 58], [57, 62], [97, 98], [97, 100], [100, 101], [100, 103], [103, 104], [103, 106], [108, 109], [108, 111], [116, 117], [123, 124], [123, 126], [129, 130], [129, 133], [158, 159], [158, 160]], "missing_branches": [[26, 33], [28, 30], [30, 31], [38, 39], [43, 45], [116, 118]]}}}, "zscripts/application/reporting.py": {"executed_lines": [1, 3, 5, 6, 7, 9, 11, 12, 15, 16, 17, 19, 20, 21, 22, 23, 24, 25, 26, 28, 31, 41, 44, 47, 48, 49, 50, 51, 52, 53, 54, 55, 56, 57, 58, 59, 62], "summary": {"covered_lines": 35, "num_statements": 35, "percent_covered": 100.0, "percent_covered_display": "100", "missing_lines": 0, "excluded_lines": 0, "num_branches": 10, "num_partial_branches": 0, "covered_branches": 10, "missing_branches": 0}, "missing_lines": [], "excluded_lines": [], "executed_branches": [[48, 49], [48, 50], [50, 51], [50, 52], [53, 54], [53, 55], [55, 56], [55, 57], [57, 58], [57, 59]], "missing_branches": [], "functions": {"ReportBundle.to_dict": {"executed_lines": [31, 41], "summary": {"covered_lines": 2, "num_statements": 2, "percent_covered": 100.0, "percent_covered_display": "100", "missing_lines": 0, "excluded_lines": 0, "num_branches": 0, "num_partial_branches": 0, "covered_branches": 0, "missing_branches": 0}, "missing_lines": [], "excluded_lines": [], "executed_branches": [], "missing_branches": []}, "evaluate_report_severity": {"executed_lines": [47, 48, 49, 50, 51, 52, 53, 54, 55, 56, 57, 58, 59], "summary": {"covered_lines": 13, "num_statements": 13, "percent_covered": 100.0, "percent_covered_display": "100", "missing_lines": 0, "excluded_lines": 0, "num_branches": 10, "num_partial_branches": 0, "covered_branches": 10, "missing_branches": 0}, "missing_lines": [], "excluded_lines": [], "executed_branches": [[48, 49], [48, 50], [50, 51], [50, 52], [53, 54], [53, 55], [55, 56], [55, 57], [57, 58], [57, 59]], "missing_branches": []}, "": {"executed_lines": [1, 3, 5, 6, 7, 9, 11, 12, 15, 16, 17, 19, 20, 21, 22, 23, 24, 25, 26, 28, 44, 62], "summary": {"covered_lines": 20, "num_statements": 20, "percent_covered": 100.0, "percent_covered_display": "100", "missing_lines": 0, "excluded_lines": 0, "num_branches": 0, "num_partial_branches": 0, "covered_branches": 0, "missing_branches": 0}, "missing_lines": [], "excluded_lines": [], "executed_branches": [], "missing_branches": []}}, "classes": {"ReportBundle": {"executed_lines": [31, 41], "summary": {"covered_lines": 2, "num_statements": 2, "percent_covered": 100.0, "percent_covered_display": "100", "missing_lines": 0, "excluded_lines": 0, "num_branches": 0, "num_partial_branches": 0, "covered_branches": 0, "missing_branches": 0}, "missing_lines": [], "excluded_lines": [], "executed_branches": [], "missing_branches": []}, "": {"executed_lines": [1, 3, 5, 6, 7, 9, 11, 12, 15, 16, 17, 19, 20, 21, 22, 23, 24, 25, 26, 28, 44, 47, 48, 49, 50, 51, 52, 53, 54, 55, 56, 57, 58, 59, 62], "summary": {"covered_lines": 33, "num_statements": 33, "percent_covered": 100.0, "percent_covered_display": "100", "missing_lines": 0, "excluded_lines": 0, "num_branches": 10, "num_partial_branches": 0, "covered_branches": 10, "missing_branches": 0}, "missing_lines": [], "excluded_lines": [], "executed_branches": [[48, 49], [48, 50], [50, 51], [50, 52], [53, 54], [53, 55], [55, 56], [55, 57], [57, 58], [57, 59]], "missing_branches": []}}}, "zscripts/application/services.py": {"executed_lines": [1, 3, 5, 6, 7, 9, 10, 19, 20, 21, 22, 25, 26, 28, 41, 42, 43, 44, 45, 46, 47, 48, 49, 50, 51, 52, 54, 85, 86, 87, 88, 94, 95, 96, 98, 111, 112, 113, 115, 118, 119, 120, 121, 123, 126, 127, 128, 129, 131, 140, 141, 142, 143, 144, 145, 146, 147, 148, 149, 150, 151, 152, 162, 170, 171, 177, 190, 201, 202, 203, 204, 206, 207, 208, 210, 213, 214, 215, 216, 218, 219, 222, 223, 224, 225, 227, 228, 230, 235, 236, 237, 239, 254, 255, 256, 258, 259, 261, 264, 268, 271, 272, 273, 275, 276, 279, 280, 281, 284, 286, 287, 290, 291, 292, 296, 297, 298, 302, 304, 305, 308, 314, 315, 321, 322, 323, 324, 325, 326, 327, 328, 329, 330, 331, 332, 333, 334, 335, 336, 337, 340], "summary": {"covered_lines": 139, "num_statements": 147, "percent_covered": 93.717277486911, "percent_covered_display": "94", "missing_lines": 8, "excluded_lines": 0, "num_branches": 44, "num_partial_branches": 4, "covered_branches": 40, "missing_branches": 4}, "missing_lines": [187, 188, 226, 257, 260, 299, 300, 301], "excluded_lines": [], "executed_branches": [[51, -28], [51, 52], [94, 95], [94, 96], [148, 149], [148, 152], [224, 225], [224, 228], [225, 227], [254, 255], [254, 256], [256, 258], [258, 259], [258, 264], [259, 261], [271, 272], [271, 273], [280, 281], [280, 284], [291, 292], [291, 298], [298, 302], [314, 315], [314, 321], [321, 322], [321, 325], [323, 324], [323, 325], [325, 326], [325, 329], [327, 328], [327, 329], [329, 330], [329, 333], [331, 332], [331, 333], [333, 334], [333, 337], [335, 336], [335, 337]], "missing_branches": [[225, 226], [256, 257], [259, 260], [298, 299]], "functions": {"ToolkitService.__init__": {"executed_lines": [41, 42, 43, 44, 45, 46, 47, 48, 49, 50, 51, 52], "summary": {"covered_lines": 12, "num_statements": 12, "percent_covered": 100.0, "percent_covered_display": "100", "missing_lines": 0, "excluded_lines": 0, "num_branches": 2, "num_partial_branches": 0, "covered_branches": 2, "missing_branches": 0}, "missing_lines": [], "excluded_lines": [], "executed_branches": [[51, -28], [51, 52]], "missing_branches": []}, "ToolkitService.collect_logs": {"executed_lines": [85, 86, 87, 88, 94, 95, 96], "summary": {"covered_lines": 7, "num_statements": 7, "percent_covered": 100.0, "percent_covered_display": "100", "missing_lines": 0, "excluded_lines": 0, "num_branches": 2, "num_partial_branches": 0, "covered_branches": 2, "missing_branches": 0}, "missing_lines": [], "excluded_lines": [], "executed_branches": [[94, 95], [94, 96]], "missing_branches": []}, "ToolkitService.parse_logs": {"executed_lines": [111, 112, 113], "summary": {"covered_lines": 3, "num_statements": 3, "percent_covered": 100.0, "percent_covered_display": "100", "missing_lines": 0, "excluded_lines": 0, "num_branches": 0, "num_partial_branches": 0, "covered_branches": 0, "missing_branches": 0}, "missing_lines": [], "excluded_lines": [], "executed_branches": [], "missing_branches": []}, "ToolkitService.summarize_logs": {"executed_lines": [118, 119, 120, 121], "summary": {"covered_lines": 4, "num_statements": 4, "percent_covered": 100.0, "percent_covered_display": "100", "missing_lines": 0, "excluded_lines": 0, "num_branches": 0, "num_partial_branches": 0, "covered_branches": 0, "missing_branches": 0}, "missing_lines": [], "excluded_lines": [], "executed_branches": [], "missing_branches": []}, "ToolkitService.explain_logs": {"executed_lines": [126, 127, 128, 129], "summary": {"covered_lines": 4, "num_statements": 4, "percent_covered": 100.0, "percent_covered_display": "100", "missing_lines": 0, "excluded_lines": 0, "num_branches": 0, "num_partial_branches": 0, "covered_branches": 0, "missing_branches": 0}, "missing_lines": [], "excluded_lines": [], "executed_branches": [], "missing_branches": []}, "ToolkitService.generate_report": {"executed_lines": [140, 141, 142, 143, 144, 145, 146, 147, 148, 149, 150, 151, 152], "summary": {"covered_lines": 13, "num_statements": 13, "percent_covered": 100.0, "percent_covered_display": "100", "missing_lines": 0, "excluded_lines": 0, "num_branches": 2, "num_partial_branches": 0, "covered_branches": 2, "missing_branches": 0}, "missing_lines": [], "excluded_lines": [], "executed_branches": [[148, 149], [148, 152]], "missing_branches": []}, "ToolkitService.guardrails_snapshot": {"executed_lines": [170, 171], "summary": {"covered_lines": 2, "num_statements": 2, "percent_covered": 100.0, "percent_covered_display": "100", "missing_lines": 0, "excluded_lines": 0, "num_branches": 0, "num_partial_branches": 0, "covered_branches": 0, "missing_branches": 0}, "missing_lines": [], "excluded_lines": [], "executed_branches": [], "missing_branches": []}, "ToolkitService.redact_text": {"executed_lines": [], "summary": {"covered_lines": 0, "num_statements": 2, "percent_covered": 0.0, "percent_covered_display": "0", "missing_lines": 2, "excluded_lines": 0, "num_branches": 0, "num_partial_branches": 0, "covered_branches": 0, "missing_branches": 0}, "missing_lines": [187, 188], "excluded_lines": [], "executed_branches": [], "missing_branches": []}, "ToolkitService.list_examples": {"executed_lines": [201, 202, 203, 204], "summary": {"covered_lines": 4, "num_statements": 4, "percent_covered": 100.0, "percent_covered_display": "100", "missing_lines": 0, "excluded_lines": 0, "num_branches": 0, "num_partial_branches": 0, "covered_branches": 0, "missing_branches": 0}, "missing_lines": [], "excluded_lines": [], "executed_branches": [], "missing_branches": []}, "ToolkitService._resolve_adapter": {"executed_lines": [207, 208], "summary": {"covered_lines": 2, "num_statements": 2, "percent_covered": 100.0, "percent_covered_display": "100", "missing_lines": 0, "excluded_lines": 0, "num_branches": 0, "num_partial_branches": 0, "covered_branches": 0, "missing_branches": 0}, "missing_lines": [], "excluded_lines": [], "executed_branches": [], "missing_branches": []}, "ToolkitService._run_command": {"executed_lines": [213, 214, 215, 216], "summary": {"covered_lines": 4, "num_statements": 4, "percent_covered": 100.0, "percent_covered_display": "100", "missing_lines": 0, "excluded_lines": 0, "num_branches": 0, "num_partial_branches": 0, "covered_branches": 0, "missing_branches": 0}, "missing_lines": [], "excluded_lines": [], "executed_branches": [], "missing_branches": []}, "ToolkitService._format_command_output": {"executed_lines": [222, 223, 224, 225, 227, 228], "summary": {"covered_lines": 6, "num_statements": 7, "percent_covered": 81.81818181818181, "percent_covered_display": "82", "missing_lines": 1, "excluded_lines": 0, "num_branches": 4, "num_partial_branches": 1, "covered_branches": 3, "missing_branches": 1}, "missing_lines": [226], "excluded_lines": [], "executed_branches": [[224, 225], [224, 228], [225, 227]], "missing_branches": [[225, 226]]}, "ToolkitService._parse_with_adapter": {"executed_lines": [235, 236, 237], "summary": {"covered_lines": 3, "num_statements": 3, "percent_covered": 100.0, "percent_covered_display": "100", "missing_lines": 0, "excluded_lines": 0, "num_branches": 0, "num_partial_branches": 0, "covered_branches": 0, "missing_branches": 0}, "missing_lines": [], "excluded_lines": [], "executed_branches": [], "missing_branches": []}, "ToolkitService._collect_from_source": {"executed_lines": [254, 255, 256, 258, 259, 261, 264], "summary": {"covered_lines": 7, "num_statements": 9, "percent_covered": 76.47058823529412, "percent_covered_display": "76", "missing_lines": 2, "excluded_lines": 0, "num_branches": 8, "num_partial_branches": 2, "covered_branches": 6, "missing_branches": 2}, "missing_lines": [257, 260], "excluded_lines": [], "executed_branches": [[254, 255], [254, 256], [256, 258], [258, 259], [258, 264], [259, 261]], "missing_branches": [[256, 257], [259, 260]]}, "ToolkitService._get_sandbox_runner": {"executed_lines": [271, 272, 273], "summary": {"covered_lines": 3, "num_statements": 3, "percent_covered": 100.0, "percent_covered_display": "100", "missing_lines": 0, "excluded_lines": 0, "num_branches": 2, "num_partial_branches": 0, "covered_branches": 2, "missing_branches": 0}, "missing_lines": [], "excluded_lines": [], "executed_branches": [[271, 272], [271, 273]], "missing_branches": []}, "ToolkitService._ensure_command": {"executed_lines": [279, 280, 281, 284], "summary": {"covered_lines": 4, "num_statements": 4, "percent_covered": 100.0, "percent_covered_display": "100", "missing_lines": 0, "excluded_lines": 0, "num_branches": 2, "num_partial_branches": 0, "covered_branches": 2, "missing_branches": 0}, "missing_lines": [], "excluded_lines": [], "executed_branches": [[280, 281], [280, 284]], "missing_branches": []}, "ToolkitService._instrument": {"executed_lines": [290, 291, 292, 296, 297, 298, 302], "summary": {"covered_lines": 7, "num_statements": 10, "percent_covered": 71.42857142857143, "percent_covered_display": "71", "missing_lines": 3, "excluded_lines": 0, "num_branches": 4, "num_partial_branches": 1, "covered_branches": 3, "missing_branches": 1}, "missing_lines": [299, 300, 301], "excluded_lines": [], "executed_branches": [[291, 292], [291, 298], [298, 302]], "missing_branches": [[298, 299]]}, "ToolkitService._build_explanation": {"executed_lines": [308, 314, 315, 321, 322, 323, 324, 325, 326, 327, 328, 329, 330, 331, 332, 333, 334, 335, 336, 337], "summary": {"covered_lines": 20, "num_statements": 20, "percent_covered": 100.0, "percent_covered_display": "100", "missing_lines": 0, "excluded_lines": 0, "num_branches": 18, "num_partial_branches": 0, "covered_branches": 18, "missing_branches": 0}, "missing_lines": [], "excluded_lines": [], "executed_branches": [[314, 315], [314, 321], [321, 322], [321, 325], [323, 324], [323, 325], [325, 326], [325, 329], [327, 328], [327, 329], [329, 330], [329, 333], [331, 332], [331, 333], [333, 334], [333, 337], [335, 336], [335, 337]], "missing_branches": []}, "": {"executed_lines": [1, 3, 5, 6, 7, 9, 10, 19, 20, 21, 22, 25, 26, 28, 54, 98, 115, 123, 131, 162, 177, 190, 206, 210, 218, 219, 230, 239, 268, 275, 276, 286, 287, 304, 305, 340], "summary": {"covered_lines": 34, "num_statements": 34, "percent_covered": 100.0, "percent_covered_display": "100", "missing_lines": 0, "excluded_lines": 0, "num_branches": 0, "num_partial_branches": 0, "covered_branches": 0, "missing_branches": 0}, "missing_lines": [], "excluded_lines": [], "executed_branches": [], "missing_branches": []}}, "classes": {"ToolkitService": {"executed_lines": [41, 42, 43, 44, 45, 46, 47, 48, 49, 50, 51, 52, 85, 86, 87, 88, 94, 95, 96, 111, 112, 113, 118, 119, 120, 121, 126, 127, 128, 129, 140, 141, 142, 143, 144, 145, 146, 147, 148, 149, 150, 151, 152, 170, 171, 201, 202, 203, 204, 207, 208, 213, 214, 215, 216, 222, 223, 224, 225, 227, 228, 235, 236, 237, 254, 255, 256, 258, 259, 261, 264, 271, 272, 273, 279, 280, 281, 284, 290, 291, 292, 296, 297, 298, 302, 308, 314, 315, 321, 322, 323, 324, 325, 326, 327, 328, 329, 330, 331, 332, 333, 334, 335, 336, 337], "summary": {"covered_lines": 105, "num_statements": 113, "percent_covered": 92.35668789808918, "percent_covered_display": "92", "missing_lines": 8, "excluded_lines": 0, "num_branches": 44, "num_partial_branches": 4, "covered_branches": 40, "missing_branches": 4}, "missing_lines": [187, 188, 226, 257, 260, 299, 300, 301], "excluded_lines": [], "executed_branches": [[51, -28], [51, 52], [94, 95], [94, 96], [148, 149], [148, 152], [224, 225], [224, 228], [225, 227], [254, 255], [254, 256], [256, 258], [258, 259], [258, 264], [259, 261], [271, 272], [271, 273], [280, 281], [280, 284], [291, 292], [291, 298], [298, 302], [314, 315], [314, 321], [321, 322], [321, 325], [323, 324], [323, 325], [325, 326], [325, 329], [327, 328], [327, 329], [329, 330], [329, 333], [331, 332], [331, 333], [333, 334], [333, 337], [335, 336], [335, 337]], "missing_branches": [[225, 226], [256, 257], [259, 260], [298, 299]]}, "": {"executed_lines": [1, 3, 5, 6, 7, 9, 10, 19, 20, 21, 22, 25, 26, 28, 54, 98, 115, 123, 131, 162, 177, 190, 206, 210, 218, 219, 230, 239, 268, 275, 276, 286, 287, 304, 305, 340], "summary": {"covered_lines": 34, "num_statements": 34, "percent_covered": 100.0, "percent_covered_display": "100", "missing_lines": 0, "excluded_lines": 0, "num_branches": 0, "num_partial_branches": 0, "covered_branches": 0, "missing_branches": 0}, "missing_lines": [], "excluded_lines": [], "executed_branches": [], "missing_branches": []}}}, "zscripts/cli.py": {"executed_lines": [1, 3, 5, 6, 7, 8, 9, 10, 11, 12, 13, 15, 16, 17, 18, 19, 24, 25, 26, 27, 28, 29, 31, 35, 36, 39, 41, 44, 47, 48, 49, 50, 51, 52, 53, 54, 55, 60, 61, 62, 64, 65, 66, 69, 72, 73, 74, 77, 80, 81, 83, 84, 86, 87, 88, 89, 90, 98, 100, 109, 110, 111, 113, 114, 119, 120, 121, 128, 129, 133, 140, 143, 150, 161, 162, 167, 174, 176, 177, 178, 184, 185, 190, 192, 193, 194, 195, 197, 198, 199, 201, 202, 203, 205, 206, 208, 209, 210, 211, 213, 214, 215, 217, 218, 219, 226, 227, 231, 232, 239, 240, 244, 245, 250, 252, 253, 254, 255, 261, 268, 274, 276, 281, 284, 285, 289, 296, 302, 306, 311, 315, 322, 325, 326, 327, 328, 329, 331, 332, 334, 335, 337, 338, 342, 343, 344, 345, 346, 347, 348, 367, 374, 380, 386, 387, 388, 391, 397, 402, 458, 471, 494, 500, 507, 514, 515, 516, 520, 526, 527, 528, 531, 537, 538, 539, 540, 542, 543, 545, 548, 549, 550, 555, 558, 560, 564, 568, 573, 576, 579, 580, 581, 586, 589, 595, 596, 597, 599, 604, 605, 606, 607, 608, 609, 610, 611, 619, 620, 621, 624], "summary": {"covered_lines": 206, "num_statements": 312, "percent_covered": 60.1063829787234, "percent_covered_display": "60", "missing_lines": 106, "excluded_lines": 2, "num_branches": 64, "num_partial_branches": 16, "covered_branches": 20, "missing_branches": 44}, "missing_lines": [57, 95, 96, 130, 131, 277, 278, 279, 330, 333, 336, 339, 349, 350, 351, 352, 354, 355, 362, 363, 364, 368, 369, 370, 371, 375, 376, 377, 381, 382, 383, 392, 393, 394, 398, 399, 403, 404, 405, 409, 410, 411, 412, 413, 414, 415, 416, 417, 419, 430, 432, 433, 434, 435, 436, 439, 444, 449, 450, 454, 455, 459, 460, 461, 462, 463, 464, 468, 472, 473, 478, 479, 480, 481, 482, 483, 484, 485, 486, 487, 491, 495, 496, 497, 501, 502, 504, 544, 546, 556, 561, 562, 563, 565, 566, 567, 569, 570, 571, 582, 583, 584, 585, 612, 613, 617], "excluded_lines": [31, 32], "executed_branches": [[50, 51], [50, 52], [52, 53], [52, 54], [54, 55], [276, 281], [326, 327], [329, 331], [332, 334], [335, 337], [338, -322], [346, 347], [347, 348], [543, 545], [545, 548], [555, 558], [560, 564], [564, 568], [568, 573], [581, 586]], "missing_branches": [[54, 57], [276, 277], [278, 276], [278, 279], [326, 328], [329, 330], [332, 333], [335, 336], [338, 339], [346, 350], [347, 349], [351, 352], [351, 354], [409, 410], [409, 411], [411, 412], [411, 432], [413, 414], [413, 430], [416, 417], [416, 419], [433, 434], [433, 454], [486, -471], [486, 487], [495, 496], [495, 497], [501, 502], [501, 504], [543, 544], [545, 546], [555, 556], [560, 561], [561, 562], [561, 563], [564, 565], [565, 566], [565, 567], [568, 569], [569, 570], [569, 571], [581, 582], [583, 584], [583, 586]], "functions": {"_should_fail": {"executed_lines": [47, 48, 49, 50, 51, 52, 53, 54, 55], "summary": {"covered_lines": 9, "num_statements": 10, "percent_covered": 87.5, "percent_covered_display": "88", "missing_lines": 1, "excluded_lines": 0, "num_branches": 6, "num_partial_branches": 1, "covered_branches": 5, "missing_branches": 1}, "missing_lines": [57], "excluded_lines": [], "executed_branches": [[50, 51], [50, 52], [52, 53], [52, 54], [54, 55]], "missing_branches": [[54, 57]]}, "_build_global_parser": {"executed_lines": [72, 73, 74], "summary": {"covered_lines": 3, "num_statements": 3, "percent_covered": 100.0, "percent_covered_display": "100", "missing_lines": 0, "excluded_lines": 0, "num_branches": 0, "num_partial_branches": 0, "covered_branches": 0, "missing_branches": 0}, "missing_lines": [], "excluded_lines": [], "executed_branches": [], "missing_branches": []}, "main": {"executed_lines": [80, 81, 83, 84, 86, 87, 88, 89, 90, 98, 100, 109, 110, 111, 113, 114, 119, 120, 121, 128, 129, 133, 140], "summary": {"covered_lines": 23, "num_statements": 27, "percent_covered": 85.18518518518519, "percent_covered_display": "85", "missing_lines": 4, "excluded_lines": 0, "num_branches": 0, "num_partial_branches": 0, "covered_branches": 0, "missing_branches": 0}, "missing_lines": [95, 96, 130, 131], "excluded_lines": [], "executed_branches": [], "missing_branches": []}, "_build_parser": {"executed_lines": [150, 161, 162, 167, 174, 176, 177, 178, 184, 185, 190, 192, 193, 194, 195, 197, 198, 199, 201, 202, 203, 205, 206, 208, 209, 210, 211, 213, 214, 215, 217, 218, 219, 226, 227, 231, 232, 239, 240, 244, 245, 250, 252, 253, 254, 255, 261, 268, 274, 276, 281], "summary": {"covered_lines": 51, "num_statements": 54, "percent_covered": 89.65517241379311, "percent_covered_display": "90", "missing_lines": 3, "excluded_lines": 0, "num_branches": 4, "num_partial_branches": 1, "covered_branches": 1, "missing_branches": 3}, "missing_lines": [277, 278, 279], "excluded_lines": [], "executed_branches": [[276, 281]], "missing_branches": [[276, 277], [278, 276], [278, 279]]}, "_add_global_arguments": {"executed_lines": [285, 289, 296, 302, 306, 311, 315], "summary": {"covered_lines": 7, "num_statements": 7, "percent_covered": 100.0, "percent_covered_display": "100", "missing_lines": 0, "excluded_lines": 0, "num_branches": 0, "num_partial_branches": 0, "covered_branches": 0, "missing_branches": 0}, "missing_lines": [], "excluded_lines": [], "executed_branches": [], "missing_branches": []}, "_merge_cli_toggles": {"executed_lines": [325, 326, 327, 328, 329, 331, 332, 334, 335, 337, 338], "summary": {"covered_lines": 11, "num_statements": 15, "percent_covered": 64.0, "percent_covered_display": "64", "missing_lines": 4, "excluded_lines": 0, "num_branches": 10, "num_partial_branches": 5, "covered_branches": 5, "missing_branches": 5}, "missing_lines": [330, 333, 336, 339], "excluded_lines": [], "executed_branches": [[326, 327], [329, 331], [332, 334], [335, 337], [338, -322]], "missing_branches": [[326, 328], [329, 330], [332, 333], [335, 336], [338, 339]]}, "_handle_collect": {"executed_lines": [343, 344, 345, 346, 347, 348], "summary": {"covered_lines": 6, "num_statements": 15, "percent_covered": 38.095238095238095, "percent_covered_display": "38", "missing_lines": 9, "excluded_lines": 0, "num_branches": 6, "num_partial_branches": 2, "covered_branches": 2, "missing_branches": 4}, "missing_lines": [349, 350, 351, 352, 354, 355, 362, 363, 364], "excluded_lines": [], "executed_branches": [[346, 347], [347, 348]], "missing_branches": [[346, 350], [347, 349], [351, 352], [351, 354]]}, "_handle_parse": {"executed_lines": [], "summary": {"covered_lines": 0, "num_statements": 4, "percent_covered": 0.0, "percent_covered_display": "0", "missing_lines": 4, "excluded_lines": 0, "num_branches": 0, "num_partial_branches": 0, "covered_branches": 0, "missing_branches": 0}, "missing_lines": [368, 369, 370, 371], "excluded_lines": [], "executed_branches": [], "missing_branches": []}, "_handle_summarize": {"executed_lines": [], "summary": {"covered_lines": 0, "num_statements": 3, "percent_covered": 0.0, "percent_covered_display": "0", "missing_lines": 3, "excluded_lines": 0, "num_branches": 0, "num_partial_branches": 0, "covered_branches": 0, "missing_branches": 0}, "missing_lines": [375, 376, 377], "excluded_lines": [], "executed_branches": [], "missing_branches": []}, "_handle_explain": {"executed_lines": [], "summary": {"covered_lines": 0, "num_statements": 3, "percent_covered": 0.0, "percent_covered_display": "0", "missing_lines": 3, "excluded_lines": 0, "num_branches": 0, "num_partial_branches": 0, "covered_branches": 0, "missing_branches": 0}, "missing_lines": [381, 382, 383], "excluded_lines": [], "executed_branches": [], "missing_branches": []}, "_handle_guardrails": {"executed_lines": [387, 388], "summary": {"covered_lines": 2, "num_statements": 2, "percent_covered": 100.0, "percent_covered_display": "100", "missing_lines": 0, "excluded_lines": 0, "num_branches": 0, "num_partial_branches": 0, "covered_branches": 0, "missing_branches": 0}, "missing_lines": [], "excluded_lines": [], "executed_branches": [], "missing_branches": []}, "_handle_redact": {"executed_lines": [], "summary": {"covered_lines": 0, "num_statements": 3, "percent_covered": 0.0, "percent_covered_display": "0", "missing_lines": 3, "excluded_lines": 0, "num_branches": 0, "num_partial_branches": 0, "covered_branches": 0, "missing_branches": 0}, "missing_lines": [392, 393, 394], "excluded_lines": [], "executed_branches": [], "missing_branches": []}, "_handle_examples": {"executed_lines": [], "summary": {"covered_lines": 0, "num_statements": 2, "percent_covered": 0.0, "percent_covered_display": "0", "missing_lines": 2, "excluded_lines": 0, "num_branches": 0, "num_partial_branches": 0, "covered_branches": 0, "missing_branches": 0}, "missing_lines": [398, 399], "excluded_lines": [], "executed_branches": [], "missing_branches": []}, "_handle_extensions_list": {"executed_lines": [], "summary": {"covered_lines": 0, "num_statements": 25, "percent_covered": 0.0, "percent_covered_display": "0", "missing_lines": 25, "excluded_lines": 0, "num_branches": 10, "num_partial_branches": 0, "covered_branches": 0, "missing_branches": 10}, "missing_lines": [403, 404, 405, 409, 410, 411, 412, 413, 414, 415, 416, 417, 419, 430, 432, 433, 434, 435, 436, 439, 444, 449, 450, 454, 455], "excluded_lines": [], "executed_branches": [], "missing_branches": [[409, 410], [409, 411], [411, 412], [411, 432], [413, 414], [413, 430], [416, 417], [416, 419], [433, 434], [433, 454]]}, "_handle_extensions_scaffold": {"executed_lines": [], "summary": {"covered_lines": 0, "num_statements": 7, "percent_covered": 0.0, "percent_covered_display": "0", "missing_lines": 7, "excluded_lines": 0, "num_branches": 0, "num_partial_branches": 0, "covered_branches": 0, "missing_branches": 0}, "missing_lines": [459, 460, 461, 462, 463, 464, 468], "excluded_lines": [], "executed_branches": [], "missing_branches": []}, "_handle_report": {"executed_lines": [], "summary": {"covered_lines": 0, "num_statements": 13, "percent_covered": 0.0, "percent_covered_display": "0", "missing_lines": 13, "excluded_lines": 0, "num_branches": 2, "num_partial_branches": 0, "covered_branches": 0, "missing_branches": 2}, "missing_lines": [472, 473, 478, 479, 480, 481, 482, 483, 484, 485, 486, 487, 491], "excluded_lines": [], "executed_branches": [], "missing_branches": [[486, -471], [486, 487]]}, "_load_input": {"executed_lines": [], "summary": {"covered_lines": 0, "num_statements": 3, "percent_covered": 0.0, "percent_covered_display": "0", "missing_lines": 3, "excluded_lines": 0, "num_branches": 2, "num_partial_branches": 0, "covered_branches": 0, "missing_branches": 2}, "missing_lines": [495, 496, 497], "excluded_lines": [], "executed_branches": [], "missing_branches": [[495, 496], [495, 497]]}, "_write_output": {"executed_lines": [], "summary": {"covered_lines": 0, "num_statements": 3, "percent_covered": 0.0, "percent_covered_display": "0", "missing_lines": 3, "excluded_lines": 0, "num_branches": 2, "num_partial_branches": 0, "covered_branches": 0, "missing_branches": 2}, "missing_lines": [501, 502, 504], "excluded_lines": [], "executed_branches": [], "missing_branches": [[501, 502], [501, 504]]}, "_record_cli_metrics": {"executed_lines": [514, 515, 516, 520], "summary": {"covered_lines": 4, "num_statements": 4, "percent_covered": 100.0, "percent_covered_display": "100", "missing_lines": 0, "excluded_lines": 0, "num_branches": 0, "num_partial_branches": 0, "covered_branches": 0, "missing_branches": 0}, "missing_lines": [], "excluded_lines": [], "executed_branches": [], "missing_branches": []}, "_fail": {"executed_lines": [527, 528], "summary": {"covered_lines": 2, "num_statements": 2, "percent_covered": 100.0, "percent_covered_display": "100", "missing_lines": 0, "excluded_lines": 0, "num_branches": 0, "num_partial_branches": 0, "covered_branches": 0, "missing_branches": 0}, "missing_lines": [], "excluded_lines": [], "executed_branches": [], "missing_branches": []}, "_prepare_and_execute": {"executed_lines": [537, 538, 539, 540, 542, 543, 545, 548, 549, 550, 555, 558, 560, 564, 568, 573], "summary": {"covered_lines": 16, "num_statements": 28, "percent_covered": 47.82608695652174, "percent_covered_display": "48", "missing_lines": 12, "excluded_lines": 0, "num_branches": 18, "num_partial_branches": 6, "covered_branches": 6, "missing_branches": 12}, "missing_lines": [544, 546, 556, 561, 562, 563, 565, 566, 567, 569, 570, 571], "excluded_lines": [], "executed_branches": [[543, 545], [545, 548], [555, 558], [560, 564], [564, 568], [568, 573]], "missing_branches": [[543, 544], [545, 546], [555, 556], [560, 561], [561, 562], [561, 563], [564, 565], [565, 566], [565, 567], [568, 569], [569, 570], [569, 571]]}, "_resolve_command_labels": {"executed_lines": [579, 580, 581, 586], "summary": {"covered_lines": 4, "num_statements": 8, "percent_covered": 41.666666666666664, "percent_covered_display": "42", "missing_lines": 4, "excluded_lines": 0, "num_branches": 4, "num_partial_branches": 1, "covered_branches": 1, "missing_branches": 3}, "missing_lines": [582, 583, 584, 585], "excluded_lines": [], "executed_branches": [[581, 586]], "missing_branches": [[581, 582], [583, 584], [583, 586]]}, "_execute_command": {"executed_lines": [595, 596, 597, 599, 604, 605, 606, 607, 608, 609, 610, 611, 619, 620, 621], "summary": {"covered_lines": 15, "num_statements": 18, "percent_covered": 83.33333333333333, "percent_covered_display": "83", "missing_lines": 3, "excluded_lines": 0, "num_branches": 0, "num_partial_branches": 0, "covered_branches": 0, "missing_branches": 0}, "missing_lines": [612, 613, 617], "excluded_lines": [], "executed_branches": [], "missing_branches": []}, "": {"executed_lines": [1, 3, 5, 6, 7, 8, 9, 10, 11, 12, 13, 15, 16, 17, 18, 19, 24, 25, 26, 27, 28, 29, 31, 35, 36, 39, 41, 44, 60, 61, 62, 64, 65, 66, 69, 77, 143, 284, 322, 342, 367, 374, 380, 386, 391, 397, 402, 458, 471, 494, 500, 507, 526, 531, 576, 589, 624], "summary": {"covered_lines": 53, "num_statements": 53, "percent_covered": 100.0, "percent_covered_display": "100", "missing_lines": 0, "excluded_lines": 2, "num_branches": 0, "num_partial_branches": 0, "covered_branches": 0, "missing_branches": 0}, "missing_lines": [], "excluded_lines": [31, 32], "executed_branches": [], "missing_branches": []}}, "classes": {"_HelpFormatter": {"executed_lines": [], "summary": {"covered_lines": 0, "num_statements": 0, "percent_covered": 100.0, "percent_covered_display": "100", "missing_lines": 0, "excluded_lines": 0, "num_branches": 0, "num_partial_branches": 0, "covered_branches": 0, "missing_branches": 0}, "missing_lines": [], "excluded_lines": [], "executed_branches": [], "missing_branches": []}, "_CliRuntime": {"executed_lines": [], "summary": {"covered_lines": 0, "num_statements": 0, "percent_covered": 100.0, "percent_covered_display": "100", "missing_lines": 0, "excluded_lines": 0, "num_branches": 0, "num_partial_branches": 0, "covered_branches": 0, "missing_branches": 0}, "missing_lines": [], "excluded_lines": [], "executed_branches": [], "missing_branches": []}, "": {"executed_lines": [1, 3, 5, 6, 7, 8, 9, 10, 11, 12, 13, 15, 16, 17, 18, 19, 24, 25, 26, 27, 28, 29, 31, 35, 36, 39, 41, 44, 47, 48, 49, 50, 51, 52, 53, 54, 55, 60, 61, 62, 64, 65, 66, 69, 72, 73, 74, 77, 80, 81, 83, 84, 86, 87, 88, 89, 90, 98, 100, 109, 110, 111, 113, 114, 119, 120, 121, 128, 129, 133, 140, 143, 150, 161, 162, 167, 174, 176, 177, 178, 184, 185, 190, 192, 193, 194, 195, 197, 198, 199, 201, 202, 203, 205, 206, 208, 209, 210, 211, 213, 214, 215, 217, 218, 219, 226, 227, 231, 232, 239, 240, 244, 245, 250, 252, 253, 254, 255, 261, 268, 274, 276, 281, 284, 285, 289, 296, 302, 306, 311, 315, 322, 325, 326, 327, 328, 329, 331, 332, 334, 335, 337, 338, 342, 343, 344, 345, 346, 347, 348, 367, 374, 380, 386, 387, 388, 391, 397, 402, 458, 471, 494, 500, 507, 514, 515, 516, 520, 526, 527, 528, 531, 537, 538, 539, 540, 542, 543, 545, 548, 549, 550, 555, 558, 560, 564, 568, 573, 576, 579, 580, 581, 586, 589, 595, 596, 597, 599, 604, 605, 606, 607, 608, 609, 610, 611, 619, 620, 621, 624], "summary": {"covered_lines": 206, "num_statements": 312, "percent_covered": 60.1063829787234, "percent_covered_display": "60", "missing_lines": 106, "excluded_lines": 2, "num_branches": 64, "num_partial_branches": 16, "covered_branches": 20, "missing_branches": 44}, "missing_lines": [57, 95, 96, 130, 131, 277, 278, 279, 330, 333, 336, 339, 349, 350, 351, 352, 354, 355, 362, 363, 364, 368, 369, 370, 371, 375, 376, 377, 381, 382, 383, 392, 393, 394, 398, 399, 403, 404, 405, 409, 410, 411, 412, 413, 414, 415, 416, 417, 419, 430, 432, 433, 434, 435, 436, 439, 444, 449, 450, 454, 455, 459, 460, 461, 462, 463, 464, 468, 472, 473, 478, 479, 480, 481, 482, 483, 484, 485, 486, 487, 491, 495, 496, 497, 501, 502, 504, 544, 546, 556, 561, 562, 563, 565, 566, 567, 569, 570, 571, 582, 583, 584, 585, 612, 613, 617], "excluded_lines": [31, 32], "executed_branches": [[50, 51], [50, 52], [52, 53], [52, 54], [54, 55], [276, 281], [326, 327], [329, 331], [332, 334], [335, 337], [338, -322], [346, 347], [347, 348], [543, 545], [545, 548], [555, 558], [560, 564], [564, 568], [568, 573], [581, 586]], "missing_branches": [[54, 57], [276, 277], [278, 276], [278, 279], [326, 328], [329, 330], [332, 333], [335, 336], [338, 339], [346, 350], [347, 349], [351, 352], [351, 354], [409, 410], [409, 411], [411, 412], [411, 432], [413, 414], [413, 430], [416, 417], [416, 419], [433, 434], [433, 454], [486, -471], [486, 487], [495, 496], [495, 497], [501, 502], [501, 504], [543, 544], [545, 546], [555, 556], [560, 561], [561, 562], [561, 563], [564, 565], [565, 566], [565, 567], [568, 569], [569, 570], [569, 571], [581, 582], [583, 584], [583, 586]]}}}, "zscripts/config.py": {"executed_lines": [1, 2, 4, 5, 6, 7, 10, 11, 12, 33, 34, 35, 36, 37, 44, 45, 46, 47, 48, 49, 50, 51, 52, 53, 56, 57, 59, 60, 61, 62, 63, 64, 65, 66, 67, 68, 69, 70, 71, 72, 73, 76, 99, 102, 110], "summary": {"covered_lines": 42, "num_statements": 42, "percent_covered": 100.0, "percent_covered_display": "100", "missing_lines": 0, "excluded_lines": 0, "num_branches": 0, "num_partial_branches": 0, "covered_branches": 0, "missing_branches": 0}, "missing_lines": [], "excluded_lines": [], "executed_branches": [], "missing_branches": [], "functions": {"clone_config": {"executed_lines": [102], "summary": {"covered_lines": 1, "num_statements": 1, "percent_covered": 100.0, "percent_covered_display": "100", "missing_lines": 0, "excluded_lines": 0, "num_branches": 0, "num_partial_branches": 0, "covered_branches": 0, "missing_branches": 0}, "missing_lines": [], "excluded_lines": [], "executed_branches": [], "missing_branches": []}, "": {"executed_lines": [1, 2, 4, 5, 6, 7, 10, 11, 12, 33, 34, 35, 36, 37, 44, 45, 46, 47, 48, 49, 50, 51, 52, 53, 56, 57, 59, 60, 61, 62, 63, 64, 65, 66, 67, 68, 69, 70, 71, 72, 73, 76, 99, 110], "summary": {"covered_lines": 41, "num_statements": 41, "percent_covered": 100.0, "percent_covered_display": "100", "missing_lines": 0, "excluded_lines": 0, "num_branches": 0, "num_partial_branches": 0, "covered_branches": 0, "missing_branches": 0}, "missing_lines": [], "excluded_lines": [], "executed_branches": [], "missing_branches": []}}, "classes": {"ToolkitConfig": {"executed_lines": [], "summary": {"covered_lines": 0, "num_statements": 0, "percent_covered": 100.0, "percent_covered_display": "100", "missing_lines": 0, "excluded_lines": 0, "num_branches": 0, "num_partial_branches": 0, "covered_branches": 0, "missing_branches": 0}, "missing_lines": [], "excluded_lines": [], "executed_branches": [], "missing_branches": []}, "ToolkitConfigDict": {"executed_lines": [], "summary": {"covered_lines": 0, "num_statements": 0, "percent_covered": 100.0, "percent_covered_display": "100", "missing_lines": 0, "excluded_lines": 0, "num_branches": 0, "num_partial_branches": 0, "covered_branches": 0, "missing_branches": 0}, "missing_lines": [], "excluded_lines": [], "executed_branches": [], "missing_branches": []}, "": {"executed_lines": [1, 2, 4, 5, 6, 7, 10, 11, 12, 33, 34, 35, 36, 37, 44, 45, 46, 47, 48, 49, 50, 51, 52, 53, 56, 57, 59, 60, 61, 62, 63, 64, 65, 66, 67, 68, 69, 70, 71, 72, 73, 76, 99, 102, 110], "summary": {"covered_lines": 42, "num_statements": 42, "percent_covered": 100.0, "percent_covered_display": "100", "missing_lines": 0, "excluded_lines": 0, "num_branches": 0, "num_partial_branches": 0, "covered_branches": 0, "missing_branches": 0}, "missing_lines": [], "excluded_lines": [], "executed_branches": [], "missing_branches": []}}}, "zscripts/configuration.py": {"executed_lines": [1, 3, 5, 6, 7, 8, 9, 11, 13, 16, 17, 20, 21, 24, 27, 28, 29, 30, 31, 32, 35, 36, 37, 38, 39, 40, 41, 44, 52, 53, 54, 55, 56, 61, 62, 65, 66, 67, 68, 69, 70, 71, 73, 74, 75, 76, 77, 78, 80, 83, 84, 85, 86, 89, 92, 111, 117, 118, 119, 120, 121, 124, 125, 126, 127, 128, 129, 130, 131, 132, 133, 134, 135, 136, 137, 138, 139, 140, 141, 142, 143, 144, 145, 146, 147, 150, 151, 152, 153, 154, 155, 156, 157, 158, 159, 162, 163, 164, 165, 166, 167, 168, 169, 172, 173, 174, 175, 176, 178, 181, 185, 188, 190, 191, 192, 196, 199, 202, 203, 206, 207, 208, 209, 210, 211, 213, 215, 218, 219, 220, 221, 222, 223, 232, 233, 234, 235, 238, 241, 242, 243, 244, 245, 246, 249, 252, 253, 254, 255, 256, 260, 261, 263, 264, 265, 270, 271, 272, 273, 274, 275, 276, 277, 279, 280, 287, 288, 289, 292, 294, 295, 296, 297, 298, 300, 301, 304], "summary": {"covered_lines": 175, "num_statements": 188, "percent_covered": 91.66666666666667, "percent_covered_display": "92", "missing_lines": 13, "excluded_lines": 0, "num_branches": 112, "num_partial_branches": 12, "covered_branches": 100, "missing_branches": 12}, "missing_lines": [182, 193, 194, 212, 214, 224, 227, 257, 262, 278, 281, 282, 286], "excluded_lines": [], "executed_branches": [[27, 28], [27, 29], [30, 31], [30, 41], [31, 32], [31, 35], [38, 39], [38, 40], [54, 55], [54, 56], [66, 67], [66, 68], [68, 69], [68, 70], [73, 74], [73, 76], [76, 77], [76, 80], [85, 86], [85, 89], [117, 118], [117, 119], [119, 120], [119, 159], [120, 121], [120, 124], [124, 125], [124, 126], [126, 127], [126, 128], [128, 129], [128, 130], [130, 131], [130, 132], [132, 133], [132, 134], [134, 135], [134, 136], [136, 137], [136, 138], [138, 139], [138, 140], [140, 141], [140, 142], [142, 143], [142, 144], [144, 145], [144, 151], [146, 147], [146, 150], [151, 152], [151, 153], [153, 154], [153, 155], [155, 156], [155, 157], [157, 158], [164, 165], [164, 166], [166, 167], [166, 178], [168, 169], [168, 172], [174, 175], [174, 176], [181, 185], [190, 191], [190, 192], [192, 196], [207, 208], [207, 209], [209, 210], [209, 218], [211, 213], [213, 215], [218, 219], [220, 221], [220, 222], [222, 223], [234, 235], [234, 238], [244, 245], [244, 249], [253, 254], [255, 256], [261, 263], [263, 264], [263, 265], [271, 272], [271, 273], [273, 274], [273, 275], [275, 276], [277, 279], [287, 288], [287, 289], [294, 295], [294, 296], [296, 297], [296, 300]], "missing_branches": [[157, 119], [181, 182], [192, 193], [211, 212], [213, 214], [218, 227], [222, 224], [253, 257], [255, 257], [261, 262], [275, 286], [277, 278]], "functions": {"parse_override_pairs": {"executed_lines": [27, 28, 29, 30, 31, 32, 35, 36, 37, 38, 39, 40, 41], "summary": {"covered_lines": 13, "num_statements": 13, "percent_covered": 100.0, "percent_covered_display": "100", "missing_lines": 0, "excluded_lines": 0, "num_branches": 8, "num_partial_branches": 0, "covered_branches": 8, "missing_branches": 0}, "missing_lines": [], "excluded_lines": [], "executed_branches": [[27, 28], [27, 29], [30, 31], [30, 41], [31, 32], [31, 35], [38, 39], [38, 40]], "missing_branches": []}, "load_toolkit_config": {"executed_lines": [52, 53, 54, 55, 56, 61, 62], "summary": {"covered_lines": 7, "num_statements": 7, "percent_covered": 100.0, "percent_covered_display": "100", "missing_lines": 0, "excluded_lines": 0, "num_branches": 2, "num_partial_branches": 0, "covered_branches": 2, "missing_branches": 0}, "missing_lines": [], "excluded_lines": [], "executed_branches": [[54, 55], [54, 56]], "missing_branches": []}, "_load_file": {"executed_lines": [66, 67, 68, 69, 70, 71, 73, 74, 75, 76, 77, 78, 80, 83, 84, 85, 86, 89], "summary": {"covered_lines": 18, "num_statements": 18, "percent_covered": 100.0, "percent_covered_display": "100", "missing_lines": 0, "excluded_lines": 0, "num_branches": 10, "num_partial_branches": 0, "covered_branches": 10, "missing_branches": 0}, "missing_lines": [], "excluded_lines": [], "executed_branches": [[66, 67], [66, 68], [68, 69], [68, 70], [73, 74], [73, 76], [76, 77], [76, 80], [85, 86], [85, 89]], "missing_branches": []}, "_apply_config_values": {"executed_lines": [117, 118, 119, 120, 121, 124, 125, 126, 127, 128, 129, 130, 131, 132, 133, 134, 135, 136, 137, 138, 139, 140, 141, 142, 143, 144, 145, 146, 147, 150, 151, 152, 153, 154, 155, 156, 157, 158, 159], "summary": {"covered_lines": 39, "num_statements": 39, "percent_covered": 98.7012987012987, "percent_covered_display": "99", "missing_lines": 0, "excluded_lines": 0, "num_branches": 38, "num_partial_branches": 1, "covered_branches": 37, "missing_branches": 1}, "missing_lines": [], "excluded_lines": [], "executed_branches": [[117, 118], [117, 119], [119, 120], [119, 159], [120, 121], [120, 124], [124, 125], [124, 126], [126, 127], [126, 128], [128, 129], [128, 130], [130, 131], [130, 132], [132, 133], [132, 134], [134, 135], [134, 136], [136, 137], [136, 138], [138, 139], [138, 140], [140, 141], [140, 142], [142, 143], [142, 144], [144, 145], [144, 151], [146, 147], [146, 150], [151, 152], [151, 153], [153, 154], [153, 155], [155, 156], [155, 157], [157, 158]], "missing_branches": [[157, 119]]}, "_coerce_allowed_paths": {"executed_lines": [163, 164, 165, 166, 167, 168, 169, 172, 173, 174, 175, 176, 178, 181, 185], "summary": {"covered_lines": 15, "num_statements": 16, "percent_covered": 92.3076923076923, "percent_covered_display": "92", "missing_lines": 1, "excluded_lines": 0, "num_branches": 10, "num_partial_branches": 1, "covered_branches": 9, "missing_branches": 1}, "missing_lines": [182], "excluded_lines": [], "executed_branches": [[164, 165], [164, 166], [166, 167], [166, 178], [168, 169], [168, 172], [174, 175], [174, 176], [181, 185]], "missing_branches": [[181, 182]]}, "_coerce_patterns": {"executed_lines": [190, 191, 192, 196, 199], "summary": {"covered_lines": 5, "num_statements": 7, "percent_covered": 72.72727272727273, "percent_covered_display": "73", "missing_lines": 2, "excluded_lines": 0, "num_branches": 4, "num_partial_branches": 1, "covered_branches": 3, "missing_branches": 1}, "missing_lines": [193, 194], "excluded_lines": [], "executed_branches": [[190, 191], [190, 192], [192, 196]], "missing_branches": [[192, 193]]}, "_coerce_timeout": {"executed_lines": [203], "summary": {"covered_lines": 1, "num_statements": 1, "percent_covered": 100.0, "percent_covered_display": "100", "missing_lines": 0, "excluded_lines": 0, "num_branches": 0, "num_partial_branches": 0, "covered_branches": 0, "missing_branches": 0}, "missing_lines": [], "excluded_lines": [], "executed_branches": [], "missing_branches": []}, "_coerce_bool": {"executed_lines": [207, 208, 209, 210, 211, 213, 215, 218, 219, 220, 221, 222, 223], "summary": {"covered_lines": 13, "num_statements": 17, "percent_covered": 74.19354838709677, "percent_covered_display": "74", "missing_lines": 4, "excluded_lines": 0, "num_branches": 14, "num_partial_branches": 4, "covered_branches": 10, "missing_branches": 4}, "missing_lines": [212, 214, 224, 227], "excluded_lines": [], "executed_branches": [[207, 208], [207, 209], [209, 210], [209, 218], [211, 213], [213, 215], [218, 219], [220, 221], [220, 222], [222, 223]], "missing_branches": [[211, 212], [213, 214], [218, 227], [222, 224]]}, "_coerce_report_format": {"executed_lines": [233, 234, 235, 238], "summary": {"covered_lines": 4, "num_statements": 4, "percent_covered": 100.0, "percent_covered_display": "100", "missing_lines": 0, "excluded_lines": 0, "num_branches": 2, "num_partial_branches": 0, "covered_branches": 2, "missing_branches": 0}, "missing_lines": [], "excluded_lines": [], "executed_branches": [[234, 235], [234, 238]], "missing_branches": []}, "_coerce_report_fail_on": {"executed_lines": [242, 243, 244, 245, 246, 249], "summary": {"covered_lines": 6, "num_statements": 6, "percent_covered": 100.0, "percent_covered_display": "100", "missing_lines": 0, "excluded_lines": 0, "num_branches": 2, "num_partial_branches": 0, "covered_branches": 2, "missing_branches": 0}, "missing_lines": [], "excluded_lines": [], "executed_branches": [[244, 245], [244, 249]], "missing_branches": []}, "_coerce_string": {"executed_lines": [253, 254, 255, 256], "summary": {"covered_lines": 4, "num_statements": 5, "percent_covered": 66.66666666666667, "percent_covered_display": "67", "missing_lines": 1, "excluded_lines": 0, "num_branches": 4, "num_partial_branches": 2, "covered_branches": 2, "missing_branches": 2}, "missing_lines": [257], "excluded_lines": [], "executed_branches": [[253, 254], [255, 256]], "missing_branches": [[253, 257], [255, 257]]}, "_coerce_path": {"executed_lines": [261, 263, 264, 265], "summary": {"covered_lines": 4, "num_statements": 5, "percent_covered": 77.77777777777777, "percent_covered_display": "78", "missing_lines": 1, "excluded_lines": 0, "num_branches": 4, "num_partial_branches": 1, "covered_branches": 3, "missing_branches": 1}, "missing_lines": [262], "excluded_lines": [], "executed_branches": [[261, 263], [263, 264], [263, 265]], "missing_branches": [[261, 262]]}, "_coerce_positive_int": {"executed_lines": [271, 272, 273, 274, 275, 276, 277, 279, 280, 287, 288, 289], "summary": {"covered_lines": 12, "num_statements": 16, "percent_covered": 76.92307692307692, "percent_covered_display": "77", "missing_lines": 4, "excluded_lines": 0, "num_branches": 10, "num_partial_branches": 2, "covered_branches": 8, "missing_branches": 2}, "missing_lines": [278, 281, 282, 286], "excluded_lines": [], "executed_branches": [[271, 272], [271, 273], [273, 274], [273, 275], [275, 276], [277, 279], [287, 288], [287, 289]], "missing_branches": [[275, 286], [277, 278]]}, "_coerce_string_sequence": {"executed_lines": [294, 295, 296, 297, 298, 300, 301], "summary": {"covered_lines": 7, "num_statements": 7, "percent_covered": 100.0, "percent_covered_display": "100", "missing_lines": 0, "excluded_lines": 0, "num_branches": 4, "num_partial_branches": 0, "covered_branches": 4, "missing_branches": 0}, "missing_lines": [], "excluded_lines": [], "executed_branches": [[294, 295], [294, 296], [296, 297], [296, 300]], "missing_branches": []}, "": {"executed_lines": [1, 3, 5, 6, 7, 8, 9, 11, 13, 16, 17, 20, 21, 24, 44, 65, 92, 111, 162, 188, 202, 206, 232, 241, 252, 260, 270, 292, 304], "summary": {"covered_lines": 27, "num_statements": 27, "percent_covered": 100.0, "percent_covered_display": "100", "missing_lines": 0, "excluded_lines": 0, "num_branches": 0, "num_partial_branches": 0, "covered_branches": 0, "missing_branches": 0}, "missing_lines": [], "excluded_lines": [], "executed_branches": [], "missing_branches": []}}, "classes": {"ConfigurationError": {"executed_lines": [], "summary": {"covered_lines": 0, "num_statements": 0, "percent_covered": 100.0, "percent_covered_display": "100", "missing_lines": 0, "excluded_lines": 0, "num_branches": 0, "num_partial_branches": 0, "covered_branches": 0, "missing_branches": 0}, "missing_lines": [], "excluded_lines": [], "executed_branches": [], "missing_branches": []}, "": {"executed_lines": [1, 3, 5, 6, 7, 8, 9, 11, 13, 16, 17, 20, 21, 24, 27, 28, 29, 30, 31, 32, 35, 36, 37, 38, 39, 40, 41, 44, 52, 53, 54, 55, 56, 61, 62, 65, 66, 67, 68, 69, 70, 71, 73, 74, 75, 76, 77, 78, 80, 83, 84, 85, 86, 89, 92, 111, 117, 118, 119, 120, 121, 124, 125, 126, 127, 128, 129, 130, 131, 132, 133, 134, 135, 136, 137, 138, 139, 140, 141, 142, 143, 144, 145, 146, 147, 150, 151, 152, 153, 154, 155, 156, 157, 158, 159, 162, 163, 164, 165, 166, 167, 168, 169, 172, 173, 174, 175, 176, 178, 181, 185, 188, 190, 191, 192, 196, 199, 202, 203, 206, 207, 208, 209, 210, 211, 213, 215, 218, 219, 220, 221, 222, 223, 232, 233, 234, 235, 238, 241, 242, 243, 244, 245, 246, 249, 252, 253, 254, 255, 256, 260, 261, 263, 264, 265, 270, 271, 272, 273, 274, 275, 276, 277, 279, 280, 287, 288, 289, 292, 294, 295, 296, 297, 298, 300, 301, 304], "summary": {"covered_lines": 175, "num_statements": 188, "percent_covered": 91.66666666666667, "percent_covered_display": "92", "missing_lines": 13, "excluded_lines": 0, "num_branches": 112, "num_partial_branches": 12, "covered_branches": 100, "missing_branches": 12}, "missing_lines": [182, 193, 194, 212, 214, 224, 227, 257, 262, 278, 281, 282, 286], "excluded_lines": [], "executed_branches": [[27, 28], [27, 29], [30, 31], [30, 41], [31, 32], [31, 35], [38, 39], [38, 40], [54, 55], [54, 56], [66, 67], [66, 68], [68, 69], [68, 70], [73, 74], [73, 76], [76, 77], [76, 80], [85, 86], [85, 89], [117, 118], [117, 119], [119, 120], [119, 159], [120, 121], [120, 124], [124, 125], [124, 126], [126, 127], [126, 128], [128, 129], [128, 130], [130, 131], [130, 132], [132, 133], [132, 134], [134, 135], [134, 136], [136, 137], [136, 138], [138, 139], [138, 140], [140, 141], [140, 142], [142, 143], [142, 144], [144, 145], [144, 151], [146, 147], [146, 150], [151, 152], [151, 153], [153, 154], [153, 155], [155, 156], [155, 157], [157, 158], [164, 165], [164, 166], [166, 167], [166, 178], [168, 169], [168, 172], [174, 175], [174, 176], [181, 185], [190, 191], [190, 192], [192, 196], [207, 208], [207, 209], [209, 210], [209, 218], [211, 213], [213, 215], [218, 219], [220, 221], [220, 222], [222, 223], [234, 235], [234, 238], [244, 245], [244, 249], [253, 254], [255, 256], [261, 263], [263, 264], [263, 265], [271, 272], [271, 273], [273, 274], [273, 275], [275, 276], [277, 279], [287, 288], [287, 289], [294, 295], [294, 296], [296, 297], [296, 300]], "missing_branches": [[157, 119], [181, 182], [192, 193], [211, 212], [213, 214], [218, 227], [222, 224], [253, 257], [255, 257], [261, 262], [275, 286], [277, 278]]}}}, "zscripts/domain/__init__.py": {"executed_lines": [1, 3, 12, 14], "summary": {"covered_lines": 3, "num_statements": 3, "percent_covered": 100.0, "percent_covered_display": "100", "missing_lines": 0, "excluded_lines": 0, "num_branches": 0, "num_partial_branches": 0, "covered_branches": 0, "missing_branches": 0}, "missing_lines": [], "excluded_lines": [], "executed_branches": [], "missing_branches": [], "functions": {"": {"executed_lines": [1, 3, 12, 14], "summary": {"covered_lines": 3, "num_statements": 3, "percent_covered": 100.0, "percent_covered_display": "100", "missing_lines": 0, "excluded_lines": 0, "num_branches": 0, "num_partial_branches": 0, "covered_branches": 0, "missing_branches": 0}, "missing_lines": [], "excluded_lines": [], "executed_branches": [], "missing_branches": []}}, "classes": {"": {"executed_lines": [1, 3, 12, 14], "summary": {"covered_lines": 3, "num_statements": 3, "percent_covered": 100.0, "percent_covered_display": "100", "missing_lines": 0, "excluded_lines": 0, "num_branches": 0, "num_partial_branches": 0, "covered_branches": 0, "missing_branches": 0}, "missing_lines": [], "excluded_lines": [], "executed_branches": [], "missing_branches": []}}}, "zscripts/domain/interfaces.py": {"executed_lines": [1, 3, 5, 6, 7, 9, 10, 13, 14, 16, 17, 18, 20, 23, 26, 30, 31, 33, 36, 40, 41, 43, 47, 48, 51, 52, 54, 58, 59, 61, 65, 66, 68, 72], "summary": {"covered_lines": 27, "num_statements": 27, "percent_covered": 100.0, "percent_covered_display": "100", "missing_lines": 0, "excluded_lines": 0, "num_branches": 0, "num_partial_branches": 0, "covered_branches": 0, "missing_branches": 0}, "missing_lines": [], "excluded_lines": [], "executed_branches": [], "missing_branches": [], "functions": {"LogAdapterProtocol.collect": {"executed_lines": [], "summary": {"covered_lines": 0, "num_statements": 0, "percent_covered": 100.0, "percent_covered_display": "100", "missing_lines": 0, "excluded_lines": 0, "num_branches": 0, "num_partial_branches": 0, "covered_branches": 0, "missing_branches": 0}, "missing_lines": [], "excluded_lines": [], "executed_branches": [], "missing_branches": []}, "LogAdapterProtocol.parse": {"executed_lines": [], "summary": {"covered_lines": 0, "num_statements": 0, "percent_covered": 100.0, "percent_covered_display": "100", "missing_lines": 0, "excluded_lines": 0, "num_branches": 0, "num_partial_branches": 0, "covered_branches": 0, "missing_branches": 0}, "missing_lines": [], "excluded_lines": [], "executed_branches": [], "missing_branches": []}, "LogAdapterProtocol.summarize": {"executed_lines": [], "summary": {"covered_lines": 0, "num_statements": 0, "percent_covered": 100.0, "percent_covered_display": "100", "missing_lines": 0, "excluded_lines": 0, "num_branches": 0, "num_partial_branches": 0, "covered_branches": 0, "missing_branches": 0}, "missing_lines": [], "excluded_lines": [], "executed_branches": [], "missing_branches": []}, "AdapterRegistryProtocol.available": {"executed_lines": [], "summary": {"covered_lines": 0, "num_statements": 0, "percent_covered": 100.0, "percent_covered_display": "100", "missing_lines": 0, "excluded_lines": 0, "num_branches": 0, "num_partial_branches": 0, "covered_branches": 0, "missing_branches": 0}, "missing_lines": [], "excluded_lines": [], "executed_branches": [], "missing_branches": []}, "AdapterRegistryProtocol.resolve": {"executed_lines": [], "summary": {"covered_lines": 0, "num_statements": 0, "percent_covered": 100.0, "percent_covered_display": "100", "missing_lines": 0, "excluded_lines": 0, "num_branches": 0, "num_partial_branches": 0, "covered_branches": 0, "missing_branches": 0}, "missing_lines": [], "excluded_lines": [], "executed_branches": [], "missing_branches": []}, "SandboxRunnerProtocol.run": {"executed_lines": [], "summary": {"covered_lines": 0, "num_statements": 0, "percent_covered": 100.0, "percent_covered_display": "100", "missing_lines": 0, "excluded_lines": 0, "num_branches": 0, "num_partial_branches": 0, "covered_branches": 0, "missing_branches": 0}, "missing_lines": [], "excluded_lines": [], "executed_branches": [], "missing_branches": []}, "RedactorProtocol.redact": {"executed_lines": [], "summary": {"covered_lines": 0, "num_statements": 0, "percent_covered": 100.0, "percent_covered_display": "100", "missing_lines": 0, "excluded_lines": 0, "num_branches": 0, "num_partial_branches": 0, "covered_branches": 0, "missing_branches": 0}, "missing_lines": [], "excluded_lines": [], "executed_branches": [], "missing_branches": []}, "SchemaValidatorProtocol.validate": {"executed_lines": [], "summary": {"covered_lines": 0, "num_statements": 0, "percent_covered": 100.0, "percent_covered_display": "100", "missing_lines": 0, "excluded_lines": 0, "num_branches": 0, "num_partial_branches": 0, "covered_branches": 0, "missing_branches": 0}, "missing_lines": [], "excluded_lines": [], "executed_branches": [], "missing_branches": []}, "ExampleRepositoryProtocol.list_examples": {"executed_lines": [], "summary": {"covered_lines": 0, "num_statements": 0, "percent_covered": 100.0, "percent_covered_display": "100", "missing_lines": 0, "excluded_lines": 0, "num_branches": 0, "num_partial_branches": 0, "covered_branches": 0, "missing_branches": 0}, "missing_lines": [], "excluded_lines": [], "executed_branches": [], "missing_branches": []}, "": {"executed_lines": [1, 3, 5, 6, 7, 9, 10, 13, 14, 16, 17, 18, 20, 23, 26, 30, 31, 33, 36, 40, 41, 43, 47, 48, 51, 52, 54, 58, 59, 61, 65, 66, 68, 72], "summary": {"covered_lines": 27, "num_statements": 27, "percent_covered": 100.0, "percent_covered_display": "100", "missing_lines": 0, "excluded_lines": 0, "num_branches": 0, "num_partial_branches": 0, "covered_branches": 0, "missing_branches": 0}, "missing_lines": [], "excluded_lines": [], "executed_branches": [], "missing_branches": []}}, "classes": {"LogAdapterProtocol": {"executed_lines": [], "summary": {"covered_lines": 0, "num_statements": 0, "percent_covered": 100.0, "percent_covered_display": "100", "missing_lines": 0, "excluded_lines": 0, "num_branches": 0, "num_partial_branches": 0, "covered_branches": 0, "missing_branches": 0}, "missing_lines": [], "excluded_lines": [], "executed_branches": [], "missing_branches": []}, "AdapterRegistryProtocol": {"executed_lines": [], "summary": {"covered_lines": 0, "num_statements": 0, "percent_covered": 100.0, "percent_covered_display": "100", "missing_lines": 0, "excluded_lines": 0, "num_branches": 0, "num_partial_branches": 0, "covered_branches": 0, "missing_branches": 0}, "missing_lines": [], "excluded_lines": [], "executed_branches": [], "missing_branches": []}, "SandboxRunnerProtocol": {"executed_lines": [], "summary": {"covered_lines": 0, "num_statements": 0, "percent_covered": 100.0, "percent_covered_display": "100", "missing_lines": 0, "excluded_lines": 0, "num_branches": 0, "num_partial_branches": 0, "covered_branches": 0, "missing_branches": 0}, "missing_lines": [], "excluded_lines": [], "executed_branches": [], "missing_branches": []}, "RedactorProtocol": {"executed_lines": [], "summary": {"covered_lines": 0, "num_statements": 0, "percent_covered": 100.0, "percent_covered_display": "100", "missing_lines": 0, "excluded_lines": 0, "num_branches": 0, "num_partial_branches": 0, "covered_branches": 0, "missing_branches": 0}, "missing_lines": [], "excluded_lines": [], "executed_branches": [], "missing_branches": []}, "SchemaValidatorProtocol": {"executed_lines": [], "summary": {"covered_lines": 0, "num_statements": 0, "percent_covered": 100.0, "percent_covered_display": "100", "missing_lines": 0, "excluded_lines": 0, "num_branches": 0, "num_partial_branches": 0, "covered_branches": 0, "missing_branches": 0}, "missing_lines": [], "excluded_lines": [], "executed_branches": [], "missing_branches": []}, "ExampleRepositoryProtocol": {"executed_lines": [], "summary": {"covered_lines": 0, "num_statements": 0, "percent_covered": 100.0, "percent_covered_display": "100", "missing_lines": 0, "excluded_lines": 0, "num_branches": 0, "num_partial_branches": 0, "covered_branches": 0, "missing_branches": 0}, "missing_lines": [], "excluded_lines": [], "executed_branches": [], "missing_branches": []}, "": {"executed_lines": [1, 3, 5, 6, 7, 9, 10, 13, 14, 16, 17, 18, 20, 23, 26, 30, 31, 33, 36, 40, 41, 43, 47, 48, 51, 52, 54, 58, 59, 61, 65, 66, 68, 72], "summary": {"covered_lines": 27, "num_statements": 27, "percent_covered": 100.0, "percent_covered_display": "100", "missing_lines": 0, "excluded_lines": 0, "num_branches": 0, "num_partial_branches": 0, "covered_branches": 0, "missing_branches": 0}, "missing_lines": [], "excluded_lines": [], "executed_branches": [], "missing_branches": []}}}, "zscripts/domain/models.py": {"executed_lines": [1, 3, 5, 6, 7, 10, 11, 12, 14, 15, 16, 17, 22, 23, 24, 26, 27, 28, 31], "summary": {"covered_lines": 16, "num_statements": 16, "percent_covered": 100.0, "percent_covered_display": "100", "missing_lines": 0, "excluded_lines": 0, "num_branches": 0, "num_partial_branches": 0, "covered_branches": 0, "missing_branches": 0}, "missing_lines": [], "excluded_lines": [], "executed_branches": [], "missing_branches": [], "functions": {"": {"executed_lines": [1, 3, 5, 6, 7, 10, 11, 12, 14, 15, 16, 17, 22, 23, 24, 26, 27, 28, 31], "summary": {"covered_lines": 16, "num_statements": 16, "percent_covered": 100.0, "percent_covered_display": "100", "missing_lines": 0, "excluded_lines": 0, "num_branches": 0, "num_partial_branches": 0, "covered_branches": 0, "missing_branches": 0}, "missing_lines": [], "excluded_lines": [], "executed_branches": [], "missing_branches": []}}, "classes": {"SandboxOptions": {"executed_lines": [], "summary": {"covered_lines": 0, "num_statements": 0, "percent_covered": 100.0, "percent_covered_display": "100", "missing_lines": 0, "excluded_lines": 0, "num_branches": 0, "num_partial_branches": 0, "covered_branches": 0, "missing_branches": 0}, "missing_lines": [], "excluded_lines": [], "executed_branches": [], "missing_branches": []}, "SandboxResult": {"executed_lines": [], "summary": {"covered_lines": 0, "num_statements": 0, "percent_covered": 100.0, "percent_covered_display": "100", "missing_lines": 0, "excluded_lines": 0, "num_branches": 0, "num_partial_branches": 0, "covered_branches": 0, "missing_branches": 0}, "missing_lines": [], "excluded_lines": [], "executed_branches": [], "missing_branches": []}, "": {"executed_lines": [1, 3, 5, 6, 7, 10, 11, 12, 14, 15, 16, 17, 22, 23, 24, 26, 27, 28, 31], "summary": {"covered_lines": 16, "num_statements": 16, "percent_covered": 100.0, "percent_covered_display": "100", "missing_lines": 0, "excluded_lines": 0, "num_branches": 0, "num_partial_branches": 0, "covered_branches": 0, "missing_branches": 0}, "missing_lines": [], "excluded_lines": [], "executed_branches": [], "missing_branches": []}}}, "zscripts/extensions/__init__.py": {"executed_lines": [1, 3, 4, 5, 6, 8], "summary": {"covered_lines": 5, "num_statements": 5, "percent_covered": 100.0, "percent_covered_display": "100", "missing_lines": 0, "excluded_lines": 0, "num_branches": 0, "num_partial_branches": 0, "covered_branches": 0, "missing_branches": 0}, "missing_lines": [], "excluded_lines": [], "executed_branches": [], "missing_branches": [], "functions": {"": {"executed_lines": [1, 3, 4, 5, 6, 8], "summary": {"covered_lines": 5, "num_statements": 5, "percent_covered": 100.0, "percent_covered_display": "100", "missing_lines": 0, "excluded_lines": 0, "num_branches": 0, "num_partial_branches": 0, "covered_branches": 0, "missing_branches": 0}, "missing_lines": [], "excluded_lines": [], "executed_branches": [], "missing_branches": []}}, "classes": {"": {"executed_lines": [1, 3, 4, 5, 6, 8], "summary": {"covered_lines": 5, "num_statements": 5, "percent_covered": 100.0, "percent_covered_display": "100", "missing_lines": 0, "excluded_lines": 0, "num_branches": 0, "num_partial_branches": 0, "covered_branches": 0, "missing_branches": 0}, "missing_lines": [], "excluded_lines": [], "executed_branches": [], "missing_branches": []}}}, "zscripts/extensions/base.py": {"executed_lines": [1, 3, 5, 6, 7, 8, 10, 11, 12, 13, 14, 16, 20, 21, 22, 24, 25, 26, 27, 28, 29, 32, 33, 35, 36, 38, 41, 48, 52, 53, 55, 56, 58, 59, 61, 62, 65, 67, 69, 70, 73, 75, 77, 78, 79, 84, 94, 101], "summary": {"covered_lines": 43, "num_statements": 47, "percent_covered": 88.23529411764706, "percent_covered_display": "88", "missing_lines": 4, "excluded_lines": 2, "num_branches": 4, "num_partial_branches": 2, "covered_branches": 2, "missing_branches": 2}, "missing_lines": [66, 74, 89, 95], "excluded_lines": [16, 17], "executed_branches": [[65, 67], [73, 75]], "missing_branches": [[65, 66], [73, 74]], "functions": {"ToolkitExtensionProtocol.on_load": {"executed_lines": [], "summary": {"covered_lines": 0, "num_statements": 0, "percent_covered": 100.0, "percent_covered_display": "100", "missing_lines": 0, "excluded_lines": 0, "num_branches": 0, "num_partial_branches": 0, "covered_branches": 0, "missing_branches": 0}, "missing_lines": [], "excluded_lines": [], "executed_branches": [], "missing_branches": []}, "ToolkitExtensionProtocol.register_cli": {"executed_lines": [], "summary": {"covered_lines": 0, "num_statements": 0, "percent_covered": 100.0, "percent_covered_display": "100", "missing_lines": 0, "excluded_lines": 0, "num_branches": 0, "num_partial_branches": 0, "covered_branches": 0, "missing_branches": 0}, "missing_lines": [], "excluded_lines": [], "executed_branches": [], "missing_branches": []}, "ToolkitExtensionProtocol.after_service_ready": {"executed_lines": [], "summary": {"covered_lines": 0, "num_statements": 0, "percent_covered": 100.0, "percent_covered_display": "100", "missing_lines": 0, "excluded_lines": 0, "num_branches": 0, "num_partial_branches": 0, "covered_branches": 0, "missing_branches": 0}, "missing_lines": [], "excluded_lines": [], "executed_branches": [], "missing_branches": []}, "ToolkitExtension.__init__": {"executed_lines": [59], "summary": {"covered_lines": 1, "num_statements": 1, "percent_covered": 100.0, "percent_covered_display": "100", "missing_lines": 0, "excluded_lines": 0, "num_branches": 0, "num_partial_branches": 0, "covered_branches": 0, "missing_branches": 0}, "missing_lines": [], "excluded_lines": [], "executed_branches": [], "missing_branches": []}, "ToolkitExtension.context": {"executed_lines": [65, 67], "summary": {"covered_lines": 2, "num_statements": 3, "percent_covered": 60.0, "percent_covered_display": "60", "missing_lines": 1, "excluded_lines": 0, "num_branches": 2, "num_partial_branches": 1, "covered_branches": 1, "missing_branches": 1}, "missing_lines": [66], "excluded_lines": [], "executed_branches": [[65, 67]], "missing_branches": [[65, 66]]}, "ToolkitExtension.manifest": {"executed_lines": [73, 75], "summary": {"covered_lines": 2, "num_statements": 3, "percent_covered": 60.0, "percent_covered_display": "60", "missing_lines": 1, "excluded_lines": 0, "num_branches": 2, "num_partial_branches": 1, "covered_branches": 1, "missing_branches": 1}, "missing_lines": [74], "excluded_lines": [], "executed_branches": [[73, 75]], "missing_branches": [[73, 74]]}, "ToolkitExtension.on_load": {"executed_lines": [78, 79], "summary": {"covered_lines": 2, "num_statements": 2, "percent_covered": 100.0, "percent_covered_display": "100", "missing_lines": 0, "excluded_lines": 0, "num_branches": 0, "num_partial_branches": 0, "covered_branches": 0, "missing_branches": 0}, "missing_lines": [], "excluded_lines": [], "executed_branches": [], "missing_branches": []}, "ToolkitExtension.register_cli": {"executed_lines": [], "summary": {"covered_lines": 0, "num_statements": 1, "percent_covered": 0.0, "percent_covered_display": "0", "missing_lines": 1, "excluded_lines": 0, "num_branches": 0, "num_partial_branches": 0, "covered_branches": 0, "missing_branches": 0}, "missing_lines": [89], "excluded_lines": [], "executed_branches": [], "missing_branches": []}, "ToolkitExtension.after_service_ready": {"executed_lines": [], "summary": {"covered_lines": 0, "num_statements": 1, "percent_covered": 0.0, "percent_covered_display": "0", "missing_lines": 1, "excluded_lines": 0, "num_branches": 0, "num_partial_branches": 0, "covered_branches": 0, "missing_branches": 0}, "missing_lines": [95], "excluded_lines": [], "executed_branches": [], "missing_branches": []}, "": {"executed_lines": [1, 3, 5, 6, 7, 8, 10, 11, 12, 13, 14, 16, 20, 21, 22, 24, 25, 26, 27, 28, 29, 32, 33, 35, 36, 38, 41, 48, 52, 53, 55, 56, 58, 61, 62, 69, 70, 77, 84, 94, 101], "summary": {"covered_lines": 36, "num_statements": 36, "percent_covered": 100.0, "percent_covered_display": "100", "missing_lines": 0, "excluded_lines": 2, "num_branches": 0, "num_partial_branches": 0, "covered_branches": 0, "missing_branches": 0}, "missing_lines": [], "excluded_lines": [16, 17], "executed_branches": [], "missing_branches": []}}, "classes": {"ExtensionContext": {"executed_lines": [], "summary": {"covered_lines": 0, "num_statements": 0, "percent_covered": 100.0, "percent_covered_display": "100", "missing_lines": 0, "excluded_lines": 0, "num_branches": 0, "num_partial_branches": 0, "covered_branches": 0, "missing_branches": 0}, "missing_lines": [], "excluded_lines": [], "executed_branches": [], "missing_branches": []}, "ToolkitExtensionProtocol": {"executed_lines": [], "summary": {"covered_lines": 0, "num_statements": 0, "percent_covered": 100.0, "percent_covered_display": "100", "missing_lines": 0, "excluded_lines": 0, "num_branches": 0, "num_partial_branches": 0, "covered_branches": 0, "missing_branches": 0}, "missing_lines": [], "excluded_lines": [], "executed_branches": [], "missing_branches": []}, "ToolkitExtension": {"executed_lines": [59, 65, 67, 73, 75, 78, 79], "summary": {"covered_lines": 7, "num_statements": 11, "percent_covered": 60.0, "percent_covered_display": "60", "missing_lines": 4, "excluded_lines": 0, "num_branches": 4, "num_partial_branches": 2, "covered_branches": 2, "missing_branches": 2}, "missing_lines": [66, 74, 89, 95], "excluded_lines": [], "executed_branches": [[65, 67], [73, 75]], "missing_branches": [[65, 66], [73, 74]]}, "": {"executed_lines": [1, 3, 5, 6, 7, 8, 10, 11, 12, 13, 14, 16, 20, 21, 22, 24, 25, 26, 27, 28, 29, 32, 33, 35, 36, 38, 41, 48, 52, 53, 55, 56, 58, 61, 62, 69, 70, 77, 84, 94, 101], "summary": {"covered_lines": 36, "num_statements": 36, "percent_covered": 100.0, "percent_covered_display": "100", "missing_lines": 0, "excluded_lines": 2, "num_branches": 0, "num_partial_branches": 0, "covered_branches": 0, "missing_branches": 0}, "missing_lines": [], "excluded_lines": [16, 17], "executed_branches": [], "missing_branches": []}}}, "zscripts/extensions/examples/__init__.py": {"executed_lines": [1, 3, 5], "summary": {"covered_lines": 2, "num_statements": 2, "percent_covered": 100.0, "percent_covered_display": "100", "missing_lines": 0, "excluded_lines": 0, "num_branches": 0, "num_partial_branches": 0, "covered_branches": 0, "missing_branches": 0}, "missing_lines": [], "excluded_lines": [], "executed_branches": [], "missing_branches": [], "functions": {"": {"executed_lines": [1, 3, 5], "summary": {"covered_lines": 2, "num_statements": 2, "percent_covered": 100.0, "percent_covered_display": "100", "missin
[...]
xcluded_lines": [], "executed_branches": [[152, 153], [152, 155]], "missing_branches": []}, "MetricsRegistry.histogram": {"executed_lines": [160, 161, 162, 163, 164, 169, 170], "summary": {"covered_lines": 7, "num_statements": 7, "percent_covered": 100.0, "percent_covered_display": "100", "missing_lines": 0, "excluded_lines": 0, "num_branches": 2, "num_partial_branches": 0, "covered_branches": 2, "missing_branches": 0}, "missing_lines": [], "excluded_lines": [], "executed_branches": [[163, 164], [163, 170]], "missing_branches": []}, "MetricsRegistry.gauge": {"executed_lines": [173, 174, 175, 176, 177, 178], "summary": {"covered_lines": 6, "num_statements": 6, "percent_covered": 100.0, "percent_covered_display": "100", "missing_lines": 0, "excluded_lines": 0, "num_branches": 2, "num_partial_branches": 0, "covered_branches": 2, "missing_branches": 0}, "missing_lines": [], "excluded_lines": [], "executed_branches": [[175, 176], [175, 178]], "missing_branches": []}, "MetricsRegistry.collect_prometheus": {"executed_lines": [181, 182, 183, 184, 185, 186, 187, 188, 189, 190, 191, 192, 193, 194, 195, 196, 197, 198, 199, 200, 201, 202, 206, 207, 210, 213, 216], "summary": {"covered_lines": 27, "num_statements": 27, "percent_covered": 100.0, "percent_covered_display": "100", "missing_lines": 0, "excluded_lines": 0, "num_branches": 14, "num_partial_branches": 0, "covered_branches": 14, "missing_branches": 0}, "missing_lines": [], "excluded_lines": [], "executed_branches": [[186, 187], [186, 191], [189, 186], [189, 190], [191, 192], [191, 196], [194, 191], [194, 195], [196, 197], [196, 216], [199, 196], [199, 200], [200, 201], [200, 206]], "missing_branches": []}, "": {"executed_lines": [1, 3, 5, 6, 7, 8, 10, 13, 20, 24, 33, 34, 35, 37, 38, 39, 40, 42, 49, 54, 55, 56, 58, 59, 60, 61, 63, 68, 73, 78, 83, 84, 85, 86, 87, 88, 91, 92, 93, 95, 96, 97, 98, 99, 101, 122, 127, 140, 141, 143, 149, 157, 172, 180, 219, 220, 223], "summary": {"covered_lines": 52, "num_statements": 52, "percent_covered": 100.0, "percent_covered_display": "100", "missing_lines": 0, "excluded_lines": 0, "num_branches": 0, "num_partial_branches": 0, "covered_branches": 0, "missing_branches": 0}, "missing_lines": [], "excluded_lines": [], "executed_branches": [], "missing_branches": []}}, "classes": {"CounterMetric": {"executed_lines": [43, 45, 46, 47, 50, 51], "summary": {"covered_lines": 6, "num_statements": 7, "percent_covered": 77.77777777777777, "percent_covered_display": "78", "missing_lines": 1, "excluded_lines": 0, "num_branches": 2, "num_partial_branches": 1, "covered_branches": 1, "missing_branches": 1}, "missing_lines": [44], "excluded_lines": [], "executed_branches": [[43, 45]], "missing_branches": [[43, 44]]}, "GaugeMetric": {"executed_lines": [64, 65, 66, 69, 70, 71, 74, 75, 76, 79, 80], "summary": {"covered_lines": 11, "num_statements": 11, "percent_covered": 100.0, "percent_covered_display": "100", "missing_lines": 0, "excluded_lines": 0, "num_branches": 0, "num_partial_branches": 0, "covered_branches": 0, "missing_branches": 0}, "missing_lines": [], "excluded_lines": [], "executed_branches": [], "missing_branches": []}, "_HistogramSeries": {"executed_lines": [], "summary": {"covered_lines": 0, "num_statements": 0, "percent_covered": 100.0, "percent_covered_display": "100", "missing_lines": 0, "excluded_lines": 0, "num_branches": 0, "num_partial_branches": 0, "covered_branches": 0, "missing_branches": 0}, "missing_lines": [], "excluded_lines": [], "executed_branches": [], "missing_branches": []}, "HistogramMetric": {"executed_lines": [102, 103, 104, 105, 106, 110, 111, 112, 113, 114, 115, 116, 117, 118, 119, 120, 123, 124], "summary": {"covered_lines": 18, "num_statements": 18, "percent_covered": 100.0, "percent_covered_display": "100", "missing_lines": 0, "excluded_lines": 0, "num_branches": 8, "num_partial_branches": 0, "covered_branches": 8, "missing_branches": 0}, "missing_lines": [], "excluded_lines": [], "executed_branches": [[105, 106], [105, 111], [112, 113], [112, 115], [113, 112], [113, 114], [118, -101], [118, 119]], "missing_branches": []}, "MetricsRegistry": {"executed_lines": [144, 145, 146, 147, 150, 151, 152, 153, 154, 155, 160, 161, 162, 163, 164, 169, 170, 173, 174, 175, 176, 177, 178, 181, 182, 183, 184, 185, 186, 187, 188, 189, 190, 191, 192, 193, 194, 195, 196, 197, 198, 199, 200, 201, 202, 206, 207, 210, 213, 216], "summary": {"covered_lines": 50, "num_statements": 50, "percent_covered": 100.0, "percent_covered_display": "100", "missing_lines": 0, "excluded_lines": 0, "num_branches": 20, "num_partial_branches": 0, "covered_branches": 20, "missing_branches": 0}, "missing_lines": [], "excluded_lines": [], "executed_branches": [[152, 153], [152, 155], [163, 164], [163, 170], [175, 176], [175, 178], [186, 187], [186, 191], [189, 186], [189, 190], [191, 192], [191, 196], [194, 191], [194, 195], [196, 197], [196, 216], [199, 196], [199, 200], [200, 201], [200, 206]], "missing_branches": []}, "": {"executed_lines": [1, 3, 5, 6, 7, 8, 10, 13, 14, 15, 16, 17, 20, 21, 24, 25, 26, 27, 30, 33, 34, 35, 37, 38, 39, 40, 42, 49, 54, 55, 56, 58, 59, 60, 61, 63, 68, 73, 78, 83, 84, 85, 86, 87, 88, 91, 92, 93, 95, 96, 97, 98, 99, 101, 122, 127, 140, 141, 143, 149, 157, 172, 180, 219, 220, 223], "summary": {"covered_lines": 61, "num_statements": 61, "percent_covered": 100.0, "percent_covered_display": "100", "missing_lines": 0, "excluded_lines": 0, "num_branches": 4, "num_partial_branches": 0, "covered_branches": 4, "missing_branches": 0}, "missing_lines": [], "excluded_lines": [], "executed_branches": [[14, 15], [14, 16], [25, 26], [25, 27]], "missing_branches": []}}}, "zscripts/observability/telemetry.py": {"executed_lines": [1, 3, 5, 6, 7, 9, 10, 11, 12, 13, 14, 17, 18, 19, 21, 22, 23, 24, 25, 28, 29, 31, 37, 38, 39, 40, 41, 46, 49, 50, 51, 52, 53, 58, 61, 62, 64, 65, 68, 69, 70, 72, 73, 74, 76, 79, 81, 82, 83, 84, 86, 87, 88, 89, 90, 91, 92, 93, 94, 95, 119], "summary": {"covered_lines": 58, "num_statements": 58, "percent_covered": 95.45454545454545, "percent_covered_display": "95", "missing_lines": 0, "excluded_lines": 0, "num_branches": 8, "num_partial_branches": 3, "covered_branches": 5, "missing_branches": 3}, "missing_lines": [], "excluded_lines": [], "executed_branches": [[50, 51], [51, 52], [61, 62], [82, -81], [82, 83]], "missing_branches": [[50, -46], [51, -46], [61, -58]], "functions": {"TelemetryManager.__init__": {"executed_lines": [37, 38, 39, 40, 41], "summary": {"covered_lines": 5, "num_statements": 5, "percent_covered": 100.0, "percent_covered_display": "100", "missing_lines": 0, "excluded_lines": 0, "num_branches": 0, "num_partial_branches": 0, "covered_branches": 0, "missing_branches": 0}, "missing_lines": [], "excluded_lines": [], "executed_branches": [], "missing_branches": []}, "TelemetryManager.start": {"executed_lines": [49, 50, 51, 52, 53], "summary": {"covered_lines": 5, "num_statements": 5, "percent_covered": 77.77777777777777, "percent_covered_display": "78", "missing_lines": 0, "excluded_lines": 0, "num_branches": 4, "num_partial_branches": 2, "covered_branches": 2, "missing_branches": 2}, "missing_lines": [], "excluded_lines": [], "executed_branches": [[50, 51], [51, 52]], "missing_branches": [[50, -46], [51, -46]]}, "TelemetryManager.stop": {"executed_lines": [61, 62], "summary": {"covered_lines": 2, "num_statements": 2, "percent_covered": 75.0, "percent_covered_display": "75", "missing_lines": 0, "excluded_lines": 0, "num_branches": 2, "num_partial_branches": 1, "covered_branches": 1, "missing_branches": 1}, "missing_lines": [], "excluded_lines": [], "executed_branches": [[61, 62]], "missing_branches": [[61, -58]]}, "TelemetryManager.span": {"executed_lines": [68, 69, 70], "summary": {"covered_lines": 3, "num_statements": 3, "percent_covered": 100.0, "percent_covered_display": "100", "missing_lines": 0, "excluded_lines": 0, "num_branches": 0, "num_partial_branches": 0, "covered_branches": 0, "missing_branches": 0}, "missing_lines": [], "excluded_lines": [], "executed_branches": [], "missing_branches": []}, "TelemetryManager.health_server": {"executed_lines": [74], "summary": {"covered_lines": 1, "num_statements": 1, "percent_covered": 100.0, "percent_covered_display": "100", "missing_lines": 0, "excluded_lines": 0, "num_branches": 0, "num_partial_branches": 0, "covered_branches": 0, "missing_branches": 0}, "missing_lines": [], "excluded_lines": [], "executed_branches": [], "missing_branches": []}, "TelemetryManager.create_instrumentation": {"executed_lines": [79], "summary": {"covered_lines": 1, "num_statements": 1, "percent_covered": 100.0, "percent_covered_display": "100", "missing_lines": 0, "excluded_lines": 0, "num_branches": 0, "num_partial_branches": 0, "covered_branches": 0, "missing_branches": 0}, "missing_lines": [], "excluded_lines": [], "executed_branches": [], "missing_branches": []}, "TelemetryManager._configure_logging": {"executed_lines": [82, 83, 84], "summary": {"covered_lines": 3, "num_statements": 3, "percent_covered": 100.0, "percent_covered_display": "100", "missing_lines": 0, "excluded_lines": 0, "num_branches": 2, "num_partial_branches": 0, "covered_branches": 2, "missing_branches": 0}, "missing_lines": [], "excluded_lines": [], "executed_branches": [[82, -81], [82, 83]], "missing_branches": []}, "TelemetryManager._status_payload": {"executed_lines": [87, 88, 89, 90, 91, 92, 93, 94, 95], "summary": {"covered_lines": 9, "num_statements": 9, "percent_covered": 100.0, "percent_covered_display": "100", "missing_lines": 0, "excluded_lines": 0, "num_branches": 0, "num_partial_branches": 0, "covered_branches": 0, "missing_branches": 0}, "missing_lines": [], "excluded_lines": [], "executed_branches": [], "missing_branches": []}, "": {"executed_lines": [1, 3, 5, 6, 7, 9, 10, 11, 12, 13, 14, 17, 18, 19, 21, 22, 23, 24, 25, 28, 29, 31, 46, 58, 64, 65, 72, 73, 76, 81, 86, 119], "summary": {"covered_lines": 29, "num_statements": 29, "percent_covered": 100.0, "percent_covered_display": "100", "missing_lines": 0, "excluded_lines": 0, "num_branches": 0, "num_partial_branches": 0, "covered_branches": 0, "missing_branches": 0}, "missing_lines": [], "excluded_lines": [], "executed_branches": [], "missing_branches": []}}, "classes": {"TelemetrySettings": {"executed_lines": [], "summary": {"covered_lines": 0, "num_statements": 0, "percent_covered": 100.0, "percent_covered_display": "100", "missing_lines": 0, "excluded_lines": 0, "num_branches": 0, "num_partial_branches": 0, "covered_branches": 0, "missing_branches": 0}, "missing_lines": [], "excluded_lines": [], "executed_branches": [], "missing_branches": []}, "TelemetryManager": {"executed_lines": [37, 38, 39, 40, 41, 49, 50, 51, 52, 53, 61, 62, 68, 69, 70, 74, 79, 82, 83, 84, 87, 88, 89, 90, 91, 92, 93, 94, 95], "summary": {"covered_lines": 29, "num_statements": 29, "percent_covered": 91.89189189189189, "percent_covered_display": "92", "missing_lines": 0, "excluded_lines": 0, "num_branches": 8, "num_partial_branches": 3, "covered_branches": 5, "missing_branches": 3}, "missing_lines": [], "excluded_lines": [], "executed_branches": [[50, 51], [51, 52], [61, 62], [82, -81], [82, 83]], "missing_branches": [[50, -46], [51, -46], [61, -58]]}, "": {"executed_lines": [1, 3, 5, 6, 7, 9, 10, 11, 12, 13, 14, 17, 18, 19, 21, 22, 23, 24, 25, 28, 29, 31, 46, 58, 64, 65, 72, 73, 76, 81, 86, 119], "summary": {"covered_lines": 29, "num_statements": 29, "percent_covered": 100.0, "percent_covered_display": "100", "missing_lines": 0, "excluded_lines": 0, "num_branches": 0, "num_partial_branches": 0, "covered_branches": 0, "missing_branches": 0}, "missing_lines": [], "excluded_lines": [], "executed_branches": [], "missing_branches": []}}}, "zscripts/observability/tracing.py": {"executed_lines": [1, 3, 5, 6, 7, 8, 9, 10, 12, 13, 15, 16, 19, 20, 21, 23, 24, 25, 26, 27, 28, 29, 30, 33, 34, 42, 43, 44, 45, 46, 47, 48, 49, 50, 51, 52, 53, 54, 55, 56, 64, 68, 69, 70, 71, 72, 73, 82, 84, 85, 86, 87, 88, 92, 96, 107, 108, 109, 112], "summary": {"covered_lines": 57, "num_statements": 57, "percent_covered": 100.0, "percent_covered_display": "100", "missing_lines": 0, "excluded_lines": 0, "num_branches": 4, "num_partial_branches": 0, "covered_branches": 4, "missing_branches": 0}, "missing_lines": [], "excluded_lines": [], "executed_branches": [[45, 46], [45, 48], [108, -33], [108, 109]], "missing_branches": [], "functions": {"start_span": {"executed_lines": [42, 43, 44, 45, 46, 47, 48, 49, 50, 51, 52, 53, 54, 55, 56, 64, 68, 69, 70, 71, 72, 73, 82, 84, 85, 86, 87, 88, 92, 96, 107, 108, 109], "summary": {"covered_lines": 33, "num_statements": 33, "percent_covered": 100.0, "percent_covered_display": "100", "missing_lines": 0, "excluded_lines": 0, "num_branches": 4, "num_partial_branches": 0, "covered_branches": 4, "missing_branches": 0}, "missing_lines": [], "excluded_lines": [], "executed_branches": [[45, 46], [45, 48], [108, -33], [108, 109]], "missing_branches": []}, "": {"executed_lines": [1, 3, 5, 6, 7, 8, 9, 10, 12, 13, 15, 16, 19, 20, 21, 23, 24, 25, 26, 27, 28, 29, 30, 33, 34, 112], "summary": {"covered_lines": 24, "num_statements": 24, "percent_covered": 100.0, "percent_covered_display": "100", "missing_lines": 0, "excluded_lines": 0, "num_branches": 0, "num_partial_branches": 0, "covered_branches": 0, "missing_branches": 0}, "missing_lines": [], "excluded_lines": [], "executed_branches": [], "missing_branches": []}}, "classes": {"Span": {"executed_lines": [], "summary": {"covered_lines": 0, "num_statements": 0, "percent_covered": 100.0, "percent_covered_display": "100", "missing_lines": 0, "excluded_lines": 0, "num_branches": 0, "num_partial_branches": 0, "covered_branches": 0, "missing_branches": 0}, "missing_lines": [], "excluded_lines": [], "executed_branches": [], "missing_branches": []}, "": {"executed_lines": [1, 3, 5, 6, 7, 8, 9, 10, 12, 13, 15, 16, 19, 20, 21, 23, 24, 25, 26, 27, 28, 29, 30, 33, 34, 42, 43, 44, 45, 46, 47, 48, 49, 50, 51, 52, 53, 54, 55, 56, 64, 68, 69, 70, 71, 72, 73, 82, 84, 85, 86, 87, 88, 92, 96, 107, 108, 109, 112], "summary": {"covered_lines": 57, "num_statements": 57, "percent_covered": 100.0, "percent_covered_display": "100", "missing_lines": 0, "excluded_lines": 0, "num_branches": 4, "num_partial_branches": 0, "covered_branches": 4, "missing_branches": 0}, "missing_lines": [], "excluded_lines": [], "executed_branches": [[45, 46], [45, 48], [108, -33], [108, 109]], "missing_branches": []}}}, "zscripts/schemas/__init__.py": {"executed_lines": [1, 3, 5, 6, 7, 9, 12, 19, 20, 21, 24], "summary": {"covered_lines": 10, "num_statements": 10, "percent_covered": 100.0, "percent_covered_display": "100", "missing_lines": 0, "excluded_lines": 0, "num_branches": 0, "num_partial_branches": 0, "covered_branches": 0, "missing_branches": 0}, "missing_lines": [], "excluded_lines": [], "executed_branches": [], "missing_branches": [], "functions": {"load_normalized_schema": {"executed_lines": [19, 20, 21], "summary": {"covered_lines": 3, "num_statements": 3, "percent_covered": 100.0, "percent_covered_display": "100", "missing_lines": 0, "excluded_lines": 0, "num_branches": 0, "num_partial_branches": 0, "covered_branches": 0, "missing_branches": 0}, "missing_lines": [], "excluded_lines": [], "executed_branches": [], "missing_branches": []}, "": {"executed_lines": [1, 3, 5, 6, 7, 9, 12, 24], "summary": {"covered_lines": 7, "num_statements": 7, "percent_covered": 100.0, "percent_covered_display": "100", "missing_lines": 0, "excluded_lines": 0, "num_branches": 0, "num_partial_branches": 0, "covered_branches": 0, "missing_branches": 0}, "missing_lines": [], "excluded_lines": [], "executed_branches": [], "missing_branches": []}}, "classes": {"": {"executed_lines": [1, 3, 5, 6, 7, 9, 12, 19, 20, 21, 24], "summary": {"covered_lines": 10, "num_statements": 10, "percent_covered": 100.0, "percent_covered_display": "100", "missing_lines": 0, "excluded_lines": 0, "num_branches": 0, "num_partial_branches": 0, "covered_branches": 0, "missing_branches": 0}, "missing_lines": [], "excluded_lines": [], "executed_branches": [], "missing_branches": []}}}, "zscripts/schemas/normalized.py": {"executed_lines": [1, 3, 5, 6, 7, 10, 11, 12, 22, 23, 24, 25, 26, 29, 30, 31, 33, 34, 35, 36, 37, 40, 41, 42, 44, 45, 46, 47, 48, 49, 52, 53, 54, 56, 57, 58, 59, 60, 61, 62, 63, 64, 65, 66, 68, 71, 72, 73, 76], "summary": {"covered_lines": 44, "num_statements": 44, "percent_covered": 100.0, "percent_covered_display": "100", "missing_lines": 0, "excluded_lines": 0, "num_branches": 0, "num_partial_branches": 0, "covered_branches": 0, "missing_branches": 0}, "missing_lines": [], "excluded_lines": [], "executed_branches": [], "missing_branches": [], "functions": {"NormalizedLog.to_dict": {"executed_lines": [71, 72, 73], "summary": {"covered_lines": 3, "num_statements": 3, "percent_covered": 100.0, "percent_covered_display": "100", "missing_lines": 0, "excluded_lines": 0, "num_branches": 0, "num_partial_branches": 0, "covered_branches": 0, "missing_branches": 0}, "missing_lines": [], "excluded_lines": [], "executed_branches": [], "missing_branches": []}, "": {"executed_lines": [1, 3, 5, 6, 7, 10, 11, 12, 22, 23, 24, 25, 26, 29, 30, 31, 33, 34, 35, 36, 37, 40, 41, 42, 44, 45, 46, 47, 48, 49, 52, 53, 54, 56, 57, 58, 59, 60, 61, 62, 63, 64, 65, 66, 68, 76], "summary": {"covered_lines": 41, "num_statements": 41, "percent_covered": 100.0, "percent_covered_display": "100", "missing_lines": 0, "excluded_lines": 0, "num_branches": 0, "num_partial_branches": 0, "covered_branches": 0, "missing_branches": 0}, "missing_lines": [], "excluded_lines": [], "executed_branches": [], "missing_branches": []}}, "classes": {"LogIssue": {"executed_lines": [], "summary": {"covered_lines": 0, "num_statements": 0, "percent_covered": 100.0, "percent_covered_display": "100", "missing_lines": 0, "excluded_lines": 0, "num_branches": 0, "num_partial_branches": 0, "covered_branches": 0, "missing_branches": 0}, "missing_lines": [], "excluded_lines": [], "executed_branches": [], "missing_branches": []}, "TestCaseResult": {"executed_lines": [], "summary": {"covered_lines": 0, "num_statements": 0, "percent_covered": 100.0, "percent_covered_display": "100", "missing_lines": 0, "excluded_lines": 0, "num_branches": 0, "num_partial_branches": 0, "covered_branches": 0, "missing_branches": 0}, "missing_lines": [], "excluded_lines": [], "executed_branches": [], "missing_branches": []}, "TestSummary": {"executed_lines": [], "summary": {"covered_lines": 0, "num_statements": 0, "percent_covered": 100.0, "percent_covered_display": "100", "missing_lines": 0, "excluded_lines": 0, "num_branches": 0, "num_partial_branches": 0, "covered_branches": 0, "missing_branches": 0}, "missing_lines": [], "excluded_lines": [], "executed_branches": [], "missing_branches": []}, "NormalizedLog": {"executed_lines": [71, 72, 73], "summary": {"covered_lines": 3, "num_statements": 3, "percent_covered": 100.0, "percent_covered_display": "100", "missing_lines": 0, "excluded_lines": 0, "num_branches": 0, "num_partial_branches": 0, "covered_branches": 0, "missing_branches": 0}, "missing_lines": [], "excluded_lines": [], "executed_branches": [], "missing_branches": []}, "": {"executed_lines": [1, 3, 5, 6, 7, 10, 11, 12, 22, 23, 24, 25, 26, 29, 30, 31, 33, 34, 35, 36, 37, 40, 41, 42, 44, 45, 46, 47, 48, 49, 52, 53, 54, 56, 57, 58, 59, 60, 61, 62, 63, 64, 65, 66, 68, 76], "summary": {"covered_lines": 41, "num_statements": 41, "percent_covered": 100.0, "percent_covered_display": "100", "missing_lines": 0, "excluded_lines": 0, "num_branches": 0, "num_partial_branches": 0, "covered_branches": 0, "missing_branches": 0}, "missing_lines": [], "excluded_lines": [], "executed_branches": [], "missing_branches": []}}}}, "totals": {"covered_lines": 1626, "num_statements": 1787, "percent_covered": 88.45625286303252, "percent_covered_display": "88", "missing_lines": 161, "excluded_lines": 18, "num_branches": 396, "num_partial_branches": 61, "covered_branches": 305, "missing_branches": 91}}